execve("/nix/store/l56yblsiah3wr1x2kiwijzzkh5bj3s4q-pulse-secure-9.1r15.0-b15819/bin/startup.sh", ["/nix/store/l56yblsiah3wr1x2kiwij"...], 0x7ffc817c03b0 /* 247 vars */) = 0
brk(NULL)                               = 0xf27000
arch_prctl(0x3001 /* ARCH_??? */, 0x7ffeada8a170) = -1 EINVAL (Invalid argument)
mmap(NULL, 8192, PROT_READ|PROT_WRITE, MAP_PRIVATE|MAP_ANONYMOUS, -1, 0) = 0x7f2e4af4f000
access("/etc/ld-nix.so.preload", R_OK)  = -1 ENOENT (No such file or directory)
openat(AT_FDCWD, "/nix/store/j25bk9yxdqcvrirx4vvrxpaiw1cfr0sm-pipewire-0.3.71-jack/lib/glibc-hwcaps/x86-64-v3/libdl.so.2", O_RDONLY|O_CLOEXEC) = -1 ENOENT (No such file or directory)
newfstatat(AT_FDCWD, "/nix/store/j25bk9yxdqcvrirx4vvrxpaiw1cfr0sm-pipewire-0.3.71-jack/lib/glibc-hwcaps/x86-64-v3", 0x7ffeada893a0, 0) = -1 ENOENT (No such file or directory)
openat(AT_FDCWD, "/nix/store/j25bk9yxdqcvrirx4vvrxpaiw1cfr0sm-pipewire-0.3.71-jack/lib/glibc-hwcaps/x86-64-v2/libdl.so.2", O_RDONLY|O_CLOEXEC) = -1 ENOENT (No such file or directory)
newfstatat(AT_FDCWD, "/nix/store/j25bk9yxdqcvrirx4vvrxpaiw1cfr0sm-pipewire-0.3.71-jack/lib/glibc-hwcaps/x86-64-v2", 0x7ffeada893a0, 0) = -1 ENOENT (No such file or directory)
openat(AT_FDCWD, "/nix/store/j25bk9yxdqcvrirx4vvrxpaiw1cfr0sm-pipewire-0.3.71-jack/lib/libdl.so.2", O_RDONLY|O_CLOEXEC) = -1 ENOENT (No such file or directory)
newfstatat(AT_FDCWD, "/nix/store/j25bk9yxdqcvrirx4vvrxpaiw1cfr0sm-pipewire-0.3.71-jack/lib", {st_mode=S_IFDIR|0555, st_size=4096, ...}, 0) = 0
openat(AT_FDCWD, "/nix/store/dg8mpqqykmw9c7l0bgzzb5znkymlbfjw-glibc-2.37-8/lib/glibc-hwcaps/x86-64-v3/libdl.so.2", O_RDONLY|O_CLOEXEC) = -1 ENOENT (No such file or directory)
newfstatat(AT_FDCWD, "/nix/store/dg8mpqqykmw9c7l0bgzzb5znkymlbfjw-glibc-2.37-8/lib/glibc-hwcaps/x86-64-v3", 0x7ffeada893a0, 0) = -1 ENOENT (No such file or directory)
openat(AT_FDCWD, "/nix/store/dg8mpqqykmw9c7l0bgzzb5znkymlbfjw-glibc-2.37-8/lib/glibc-hwcaps/x86-64-v2/libdl.so.2", O_RDONLY|O_CLOEXEC) = -1 ENOENT (No such file or directory)
newfstatat(AT_FDCWD, "/nix/store/dg8mpqqykmw9c7l0bgzzb5znkymlbfjw-glibc-2.37-8/lib/glibc-hwcaps/x86-64-v2", 0x7ffeada893a0, 0) = -1 ENOENT (No such file or directory)
openat(AT_FDCWD, "/nix/store/dg8mpqqykmw9c7l0bgzzb5znkymlbfjw-glibc-2.37-8/lib/libdl.so.2", O_RDONLY|O_CLOEXEC) = 3
read(3, "\177ELF\2\1\1\0\0\0\0\0\0\0\0\0\3\0>\0\1\0\0\0\0\0\0\0\0\0\0\0"..., 832) = 832
newfstatat(3, "", {st_mode=S_IFREG|0555, st_size=15688, ...}, AT_EMPTY_PATH) = 0
mmap(NULL, 16400, PROT_READ, MAP_PRIVATE|MAP_DENYWRITE, 3, 0) = 0x7f2e4af4a000
mmap(0x7f2e4af4b000, 4096, PROT_READ|PROT_EXEC, MAP_PRIVATE|MAP_FIXED|MAP_DENYWRITE, 3, 0x1000) = 0x7f2e4af4b000
mmap(0x7f2e4af4c000, 4096, PROT_READ, MAP_PRIVATE|MAP_FIXED|MAP_DENYWRITE, 3, 0x2000) = 0x7f2e4af4c000
mmap(0x7f2e4af4d000, 8192, PROT_READ|PROT_WRITE, MAP_PRIVATE|MAP_FIXED|MAP_DENYWRITE, 3, 0x2000) = 0x7f2e4af4d000
close(3)                                = 0
openat(AT_FDCWD, "/nix/store/j25bk9yxdqcvrirx4vvrxpaiw1cfr0sm-pipewire-0.3.71-jack/lib/libc.so.6", O_RDONLY|O_CLOEXEC) = -1 ENOENT (No such file or directory)
openat(AT_FDCWD, "/nix/store/dg8mpqqykmw9c7l0bgzzb5znkymlbfjw-glibc-2.37-8/lib/libc.so.6", O_RDONLY|O_CLOEXEC) = 3
read(3, "\177ELF\2\1\1\3\0\0\0\0\0\0\0\0\3\0>\0\1\0\0\0\220<\2\0\0\0\0\0"..., 832) = 832
pread64(3, "\6\0\0\0\4\0\0\0@\0\0\0\0\0\0\0@\0\0\0\0\0\0\0@\0\0\0\0\0\0\0"..., 784, 64) = 784
newfstatat(3, "", {st_mode=S_IFREG|0555, st_size=2252696, ...}, AT_EMPTY_PATH) = 0
pread64(3, "\6\0\0\0\4\0\0\0@\0\0\0\0\0\0\0@\0\0\0\0\0\0\0@\0\0\0\0\0\0\0"..., 784, 64) = 784
mmap(NULL, 1990000, PROT_READ, MAP_PRIVATE|MAP_DENYWRITE, 3, 0) = 0x7f2e4ad64000
mmap(0x7f2e4ad86000, 1413120, PROT_READ|PROT_EXEC, MAP_PRIVATE|MAP_FIXED|MAP_DENYWRITE, 3, 0x22000) = 0x7f2e4ad86000
mmap(0x7f2e4aedf000, 360448, PROT_READ, MAP_PRIVATE|MAP_FIXED|MAP_DENYWRITE, 3, 0x17b000) = 0x7f2e4aedf000
mmap(0x7f2e4af37000, 24576, PROT_READ|PROT_WRITE, MAP_PRIVATE|MAP_FIXED|MAP_DENYWRITE, 3, 0x1d3000) = 0x7f2e4af37000
mmap(0x7f2e4af3d000, 52592, PROT_READ|PROT_WRITE, MAP_PRIVATE|MAP_FIXED|MAP_ANONYMOUS, -1, 0) = 0x7f2e4af3d000
close(3)                                = 0
mmap(NULL, 12288, PROT_READ|PROT_WRITE, MAP_PRIVATE|MAP_ANONYMOUS, -1, 0) = 0x7f2e4ad61000
arch_prctl(ARCH_SET_FS, 0x7f2e4ad61740) = 0
set_tid_address(0x7f2e4ad61a10)         = 1496057
set_robust_list(0x7f2e4ad61a20, 24)     = 0
rseq(0x7f2e4ad62060, 0x20, 0, 0x53053053) = 0
mprotect(0x7f2e4af37000, 16384, PROT_READ) = 0
mprotect(0x7f2e4af4d000, 4096, PROT_READ) = 0
mprotect(0x4db000, 8192, PROT_READ)     = 0
mprotect(0x7f2e4af82000, 8192, PROT_READ) = 0
prlimit64(0, RLIMIT_STACK, NULL, {rlim_cur=8192*1024, rlim_max=RLIM64_INFINITY}) = 0
openat(AT_FDCWD, "/dev/tty", O_RDWR|O_NONBLOCK) = 3
close(3)                                = 0
brk(NULL)                               = 0xf27000
brk(0xf28000)                           = 0xf28000
brk(0xf29000)                           = 0xf29000
openat(AT_FDCWD, "/nix/store/hbdc75cxjl9a0r76zj334m8l1bcqha3c-glibc-locales-2.37-8/lib/locale/locale-archive", O_RDONLY|O_CLOEXEC) = 3
newfstatat(3, "", {st_mode=S_IFREG|0444, st_size=224335696, ...}, AT_EMPTY_PATH) = 0
mmap(NULL, 224335696, PROT_READ, MAP_PRIVATE, 3, 0) = 0x7f2e3d600000
close(3)                                = 0
brk(0xf2a000)                           = 0xf2a000
brk(0xf2b000)                           = 0xf2b000
brk(0xf2c000)                           = 0xf2c000
openat(AT_FDCWD, "/nix/store/dg8mpqqykmw9c7l0bgzzb5znkymlbfjw-glibc-2.37-8/lib/gconv/gconv-modules.cache", O_RDONLY) = -1 ENOENT (No such file or directory)
openat(AT_FDCWD, "/nix/store/dg8mpqqykmw9c7l0bgzzb5znkymlbfjw-glibc-2.37-8/lib/gconv/gconv-modules", O_RDONLY|O_CLOEXEC) = 3
newfstatat(3, "", {st_mode=S_IFREG|0444, st_size=3916, ...}, AT_EMPTY_PATH) = 0
brk(0xf2e000)                           = 0xf2e000
read(3, "# GNU libc iconv configuration.\n"..., 4096) = 3916
brk(0xf2f000)                           = 0xf2f000
read(3, "", 4096)                       = 0
close(3)                                = 0
openat(AT_FDCWD, "/nix/store/dg8mpqqykmw9c7l0bgzzb5znkymlbfjw-glibc-2.37-8/lib/gconv/gconv-modules.d", O_RDONLY|O_NONBLOCK|O_CLOEXEC|O_DIRECTORY) = 3
newfstatat(3, "", {st_mode=S_IFDIR|0555, st_size=4096, ...}, AT_EMPTY_PATH) = 0
brk(0xf3f000)                           = 0xf3f000
getdents64(3, 0xf2f040 /* 3 entries */, 32768) = 96
openat(AT_FDCWD, "/nix/store/dg8mpqqykmw9c7l0bgzzb5znkymlbfjw-glibc-2.37-8/lib/gconv/gconv-modules.d/gconv-modules-extra.conf", O_RDONLY|O_CLOEXEC) = 4
newfstatat(4, "", {st_mode=S_IFREG|0444, st_size=53974, ...}, AT_EMPTY_PATH) = 0
read(4, "# GNU libc iconv configuration.\n"..., 4096) = 4096
brk(0xf40000)                           = 0xf40000
brk(0xf41000)                           = 0xf41000
brk(0xf42000)                           = 0xf42000
read(4, "B1002//\tJUS_I.B1.002//\nmodule\tJU"..., 4096) = 4096
brk(0xf43000)                           = 0xf43000
brk(0xf44000)                           = 0xf44000
brk(0xf45000)                           = 0xf45000
brk(0xf46000)                           = 0xf46000
brk(0xf47000)                           = 0xf47000
read(4, "59-5//\nalias\tISO_8859-5//\t\tISO-8"..., 4096) = 4096
brk(0xf48000)                           = 0xf48000
brk(0xf49000)                           = 0xf49000
brk(0xf4a000)                           = 0xf4a000
brk(0xf4b000)                           = 0xf4b000
read(4, "59-16//\t\tINTERNAL\t\tISO8859-16\t1\n"..., 4096) = 4096
brk(0xf4c000)                           = 0xf4c000
brk(0xf4d000)                           = 0xf4d000
brk(0xf4e000)                           = 0xf4e000
brk(0xf4f000)                           = 0xf4f000
brk(0xf50000)                           = 0xf50000
read(4, "-SE-A\t1\nmodule\tINTERNAL\t\tEBCDIC-"..., 4096) = 4096
brk(0xf51000)                           = 0xf51000
brk(0xf52000)                           = 0xf52000
brk(0xf53000)                           = 0xf53000
brk(0xf54000)                           = 0xf54000
read(4, "97\t\t1\n\n#\tfrom\t\t\tto\t\t\tmodule\t\tcos"..., 4096) = 4096
brk(0xf55000)                           = 0xf55000
brk(0xf56000)                           = 0xf56000
brk(0xf57000)                           = 0xf57000
brk(0xf58000)                           = 0xf58000
brk(0xf59000)                           = 0xf59000
read(4, "1\n\n#\tfrom\t\t\tto\t\t\tmodule\t\tcost\nal"..., 4096) = 4096
brk(0xf5a000)                           = 0xf5a000
brk(0xf5b000)                           = 0xf5b000
brk(0xf5c000)                           = 0xf5c000
brk(0xf5d000)                           = 0xf5d000
brk(0xf5e000)                           = 0xf5e000
read(4, "6//\t\tIBM1046//\nalias\tCP1046//\t\tI"..., 4096) = 4096
brk(0xf5f000)                           = 0xf5f000
brk(0xf60000)                           = 0xf60000
brk(0xf61000)                           = 0xf61000
brk(0xf62000)                           = 0xf62000
read(4, "\tto\t\t\tmodule\t\tcost\nalias\tRUSCII/"..., 4096) = 4096
brk(0xf63000)                           = 0xf63000
brk(0xf64000)                           = 0xf64000
brk(0xf65000)                           = 0xf65000
brk(0xf66000)                           = 0xf66000
brk(0xf67000)                           = 0xf67000
read(4, "03//\nmodule\tCSN_369103//\t\tINTERN"..., 4096) = 4096
brk(0xf68000)                           = 0xf68000
brk(0xf69000)                           = 0xf69000
brk(0xf6a000)                           = 0xf6a000
brk(0xf6b000)                           = 0xf6b000
brk(0xf6c000)                           = 0xf6c000
read(4, "\tmodule\t\tcost\nalias\tISO-IR-8-1//"..., 4096) = 4096
brk(0xf6d000)                           = 0xf6d000
brk(0xf6e000)                           = 0xf6e000
brk(0xf6f000)                           = 0xf6f000
brk(0xf70000)                           = 0xf70000
read(4, "IBM1156\t\t1\n\n#\tfrom\t\t\tto\t\t\tmodule"..., 4096) = 4096
brk(0xf71000)                           = 0xf71000
brk(0xf72000)                           = 0xf72000
brk(0xf73000)                           = 0xf73000
brk(0xf74000)                           = 0xf74000
brk(0xf75000)                           = 0xf75000
brk(0xf76000)                           = 0xf76000
read(4, "\t\tIBM1166//\nalias\tCP1166//\t\tIBM1"..., 4096) = 4096
brk(0xf77000)                           = 0xf77000
brk(0xf78000)                           = 0xf78000
brk(0xf79000)                           = 0xf79000
brk(0xf7a000)                           = 0xf7a000
read(4, "alias\tROMAN9//\t\tHP-ROMAN9//\nalia"..., 4096) = 726
read(4, "", 4096)                       = 0
close(4)                                = 0
getdents64(3, 0xf2f040 /* 0 entries */, 32768) = 0
close(3)                                = 0
futex(0x7f2e4af3c88c, FUTEX_WAKE_PRIVATE, 2147483647) = 0
brk(0xf7b000)                           = 0xf7b000
getuid()                                = 1000
getgid()                                = 100
geteuid()                               = 1000
getegid()                               = 100
rt_sigprocmask(SIG_BLOCK, NULL, [], 8)  = 0
brk(0xf7c000)                           = 0xf7c000
sysinfo({uptime=72463, loads=[42368, 47968, 53888], totalram=33308078080, freeram=11770028032, sharedram=1840979968, bufferram=3460407296, totalswap=17179865088, freeswap=17179865088, procs=2362, totalhigh=0, freehigh=0, mem_unit=1}) = 0
brk(0xf7d000)                           = 0xf7d000
rt_sigaction(SIGCHLD, {sa_handler=SIG_DFL, sa_mask=[], sa_flags=SA_RESTORER|SA_RESTART, sa_restorer=0x7f2e4ad9cd60}, {sa_handler=SIG_DFL, sa_mask=[], sa_flags=0}, 8) = 0
rt_sigaction(SIGCHLD, {sa_handler=SIG_DFL, sa_mask=[], sa_flags=SA_RESTORER|SA_RESTART, sa_restorer=0x7f2e4ad9cd60}, {sa_handler=SIG_DFL, sa_mask=[], sa_flags=SA_RESTORER|SA_RESTART, sa_restorer=0x7f2e4ad9cd60}, 8) = 0
rt_sigaction(SIGINT, {sa_handler=SIG_DFL, sa_mask=[], sa_flags=SA_RESTORER, sa_restorer=0x7f2e4ad9cd60}, {sa_handler=SIG_DFL, sa_mask=[], sa_flags=0}, 8) = 0
rt_sigaction(SIGINT, {sa_handler=SIG_DFL, sa_mask=[], sa_flags=SA_RESTORER, sa_restorer=0x7f2e4ad9cd60}, {sa_handler=SIG_DFL, sa_mask=[], sa_flags=SA_RESTORER, sa_restorer=0x7f2e4ad9cd60}, 8) = 0
rt_sigaction(SIGQUIT, {sa_handler=SIG_DFL, sa_mask=[], sa_flags=SA_RESTORER, sa_restorer=0x7f2e4ad9cd60}, {sa_handler=SIG_DFL, sa_mask=[], sa_flags=0}, 8) = 0
rt_sigaction(SIGQUIT, {sa_handler=SIG_DFL, sa_mask=[], sa_flags=SA_RESTORER, sa_restorer=0x7f2e4ad9cd60}, {sa_handler=SIG_DFL, sa_mask=[], sa_flags=SA_RESTORER, sa_restorer=0x7f2e4ad9cd60}, 8) = 0
rt_sigaction(SIGTSTP, {sa_handler=SIG_DFL, sa_mask=[], sa_flags=SA_RESTORER, sa_restorer=0x7f2e4ad9cd60}, {sa_handler=SIG_DFL, sa_mask=[], sa_flags=0}, 8) = 0
rt_sigaction(SIGTSTP, {sa_handler=SIG_DFL, sa_mask=[], sa_flags=SA_RESTORER, sa_restorer=0x7f2e4ad9cd60}, {sa_handler=SIG_DFL, sa_mask=[], sa_flags=SA_RESTORER, sa_restorer=0x7f2e4ad9cd60}, 8) = 0
rt_sigaction(SIGTTIN, {sa_handler=SIG_DFL, sa_mask=[], sa_flags=SA_RESTORER, sa_restorer=0x7f2e4ad9cd60}, {sa_handler=SIG_DFL, sa_mask=[], sa_flags=0}, 8) = 0
rt_sigaction(SIGTTIN, {sa_handler=SIG_DFL, sa_mask=[], sa_flags=SA_RESTORER, sa_restorer=0x7f2e4ad9cd60}, {sa_handler=SIG_DFL, sa_mask=[], sa_flags=SA_RESTORER, sa_restorer=0x7f2e4ad9cd60}, 8) = 0
rt_sigaction(SIGTTOU, {sa_handler=SIG_DFL, sa_mask=[], sa_flags=SA_RESTORER, sa_restorer=0x7f2e4ad9cd60}, {sa_handler=SIG_DFL, sa_mask=[], sa_flags=0}, 8) = 0
rt_sigaction(SIGTTOU, {sa_handler=SIG_DFL, sa_mask=[], sa_flags=SA_RESTORER, sa_restorer=0x7f2e4ad9cd60}, {sa_handler=SIG_DFL, sa_mask=[], sa_flags=SA_RESTORER, sa_restorer=0x7f2e4ad9cd60}, 8) = 0
rt_sigprocmask(SIG_BLOCK, NULL, [], 8)  = 0
rt_sigaction(SIGQUIT, {sa_handler=SIG_IGN, sa_mask=[], sa_flags=SA_RESTORER, sa_restorer=0x7f2e4ad9cd60}, {sa_handler=SIG_DFL, sa_mask=[], sa_flags=SA_RESTORER, sa_restorer=0x7f2e4ad9cd60}, 8) = 0
uname({sysname="Linux", nodename="nflx-erahhal-t490s", ...}) = 0
brk(0xf81000)                           = 0xf81000
brk(0xf83000)                           = 0xf83000
brk(0xf85000)                           = 0xf85000
brk(0xf86000)                           = 0xf86000
brk(0xf87000)                           = 0xf87000
brk(0xf88000)                           = 0xf88000
brk(0xf89000)                           = 0xf89000
brk(0xf8a000)                           = 0xf8a000
brk(0xf8b000)                           = 0xf8b000
brk(0xf8c000)                           = 0xf8c000
brk(0xf90000)                           = 0xf90000
brk(0xf94000)                           = 0xf94000
brk(0xf95000)                           = 0xf95000
brk(0xf96000)                           = 0xf96000
brk(0xf97000)                           = 0xf97000
brk(0xf98000)                           = 0xf98000
brk(0xf99000)                           = 0xf99000
newfstatat(AT_FDCWD, "/home/erahhal/Code/nixcfg", {st_mode=S_IFDIR|0755, st_size=4096, ...}, 0) = 0
newfstatat(AT_FDCWD, ".", {st_mode=S_IFDIR|0755, st_size=4096, ...}, 0) = 0
newfstatat(AT_FDCWD, "/home", {st_mode=S_IFDIR|0755, st_size=4096, ...}, 0) = 0
newfstatat(AT_FDCWD, "/home/erahhal", {st_mode=S_IFDIR|0700, st_size=12288, ...}, 0) = 0
newfstatat(AT_FDCWD, "/home/erahhal/Code", {st_mode=S_IFDIR|0755, st_size=4096, ...}, 0) = 0
newfstatat(AT_FDCWD, "/home/erahhal/Code/nixcfg", {st_mode=S_IFDIR|0755, st_size=4096, ...}, 0) = 0
newfstatat(AT_FDCWD, "/home/erahhal", {st_mode=S_IFDIR|0700, st_size=12288, ...}, 0) = 0
getpid()                                = 1496057
getppid()                               = 1496054
brk(0xf9a000)                           = 0xf9a000
getpid()                                = 1496057
getppid()                               = 1496054
getpid()                                = 1496057
getppid()                               = 1496054
brk(0xf9b000)                           = 0xf9b000
brk(0xf9f000)                           = 0xf9f000
brk(0xfa3000)                           = 0xfa3000
brk(0xfa4000)                           = 0xfa4000
getpgrp()                               = 1496054
ioctl(2, TIOCGPGRP, [1496054])          = 0
rt_sigaction(SIGCHLD, {sa_handler=0x44ac00, sa_mask=[], sa_flags=SA_RESTORER|SA_RESTART, sa_restorer=0x7f2e4ad9cd60}, {sa_handler=SIG_DFL, sa_mask=[], sa_flags=SA_RESTORER|SA_RESTART, sa_restorer=0x7f2e4ad9cd60}, 8) = 0
prlimit64(0, RLIMIT_NPROC, NULL, {rlim_cur=126937, rlim_max=126937}) = 0
brk(0xfa5000)                           = 0xfa5000
brk(0xfa6000)                           = 0xfa6000
brk(0xfa7000)                           = 0xfa7000
brk(0xfab000)                           = 0xfab000
brk(0xfac000)                           = 0xfac000
brk(0xfad000)                           = 0xfad000
brk(0xfae000)                           = 0xfae000
brk(0xfaf000)                           = 0xfaf000
brk(0xfb0000)                           = 0xfb0000
brk(0xfb1000)                           = 0xfb1000
brk(0xfb2000)                           = 0xfb2000
rt_sigprocmask(SIG_BLOCK, NULL, [], 8)  = 0
openat(AT_FDCWD, "/nix/store/l56yblsiah3wr1x2kiwijzzkh5bj3s4q-pulse-secure-9.1r15.0-b15819/bin/startup.sh", O_RDONLY) = 3
newfstatat(AT_FDCWD, "/nix/store/l56yblsiah3wr1x2kiwijzzkh5bj3s4q-pulse-secure-9.1r15.0-b15819/bin/startup.sh", {st_mode=S_IFREG|0555, st_size=4337, ...}, 0) = 0
ioctl(3, TCGETS, 0x7ffeada89fa0)        = -1 ENOTTY (Inappropriate ioctl for device)
lseek(3, 0, SEEK_CUR)                   = 0
read(3, "#!/nix/store/7q1b1bsmxi91zci6g87"..., 80) = 80
lseek(3, 0, SEEK_SET)                   = 0
prlimit64(0, RLIMIT_NOFILE, NULL, {rlim_cur=1024, rlim_max=512*1024}) = 0
fcntl(255, F_GETFD)                     = -1 EBADF (Bad file descriptor)
dup2(3, 255)                            = 255
close(3)                                = 0
fcntl(255, F_SETFD, FD_CLOEXEC)         = 0
fcntl(255, F_GETFL)                     = 0x8000 (flags O_RDONLY|O_LARGEFILE)
newfstatat(255, "", {st_mode=S_IFREG|0555, st_size=4337, ...}, AT_EMPTY_PATH) = 0
lseek(255, 0, SEEK_CUR)                 = 0
brk(0xfb4000)                           = 0xfb4000
brk(0xfb5000)                           = 0xfb5000
read(255, "#!/nix/store/7q1b1bsmxi91zci6g87"..., 4337) = 4337
brk(0xfb6000)                           = 0xfb6000
brk(0xfb7000)                           = 0xfb7000
openat(AT_FDCWD, "/nix/store/wz6ykglbjari7j5q8j9y8n6svh3rdkld-startup.sh-fhs/", O_RDONLY|O_NONBLOCK|O_CLOEXEC|O_DIRECTORY) = 3
newfstatat(3, "", {st_mode=S_IFDIR|0555, st_size=4096, ...}, AT_EMPTY_PATH) = 0
brk(0xfc7000)                           = 0xfc7000
getdents64(3, 0xfb7040 /* 9 entries */, 32768) = 232
getdents64(3, 0xfb7040 /* 0 entries */, 32768) = 0
brk(0xfb7000)                           = 0xfb7000
close(3)                                = 0
brk(0xfb8000)                           = 0xfb8000
newfstatat(AT_FDCWD, "/nix/store/wz6ykglbjari7j5q8j9y8n6svh3rdkld-startup.sh-fhs/bin", {st_mode=S_IFLNK|0777, st_size=7, ...}, AT_SYMLINK_NOFOLLOW) = 0
brk(0xfb9000)                           = 0xfb9000
rt_sigprocmask(SIG_BLOCK, NULL, [], 8)  = 0
rt_sigprocmask(SIG_BLOCK, NULL, [], 8)  = 0
pipe2([3, 4], 0)                        = 0
rt_sigprocmask(SIG_BLOCK, [CHLD], [], 8) = 0
rt_sigprocmask(SIG_SETMASK, [], NULL, 8) = 0
rt_sigprocmask(SIG_BLOCK, NULL, [], 8)  = 0
rt_sigprocmask(SIG_BLOCK, [INT TERM CHLD], [], 8) = 0
lseek(255, -3823, SEEK_CUR)             = 514
clone(child_stack=NULL, flags=CLONE_CHILD_CLEARTID|CLONE_CHILD_SETTID|SIGCHLD, child_tidptr=0x7f2e4ad61a10) = 1496058
rt_sigprocmask(SIG_SETMASK, [], NULL, 8) = 0
rt_sigaction(SIGCHLD, {sa_handler=0x44ac00, sa_mask=[], sa_flags=SA_RESTORER|SA_RESTART, sa_restorer=0x7f2e4ad9cd60}, {sa_handler=0x44ac00, sa_mask=[], sa_flags=SA_RESTORER|SA_RESTART, sa_restorer=0x7f2e4ad9cd60}, 8) = 0
close(4)                                = 0
rt_sigprocmask(SIG_BLOCK, [INT], [], 8) = 0
read(3, "usr/bin\n", 4096)              = 8
read(3, "", 4096)                       = 0
close(3)                                = 0
rt_sigprocmask(SIG_SETMASK, [], NULL, 8) = 0
rt_sigprocmask(SIG_BLOCK, [CHLD], [], 8) = 0
rt_sigaction(SIGINT, {sa_handler=0x447df0, sa_mask=[], sa_flags=SA_RESTORER, sa_restorer=0x7f2e4ad9cd60}, {sa_handler=SIG_DFL, sa_mask=[], sa_flags=SA_RESTORER, sa_restorer=0x7f2e4ad9cd60}, 8) = 0
wait4(-1, [{WIFEXITED(s) && WEXITSTATUS(s) == 0}], 0, NULL) = 1496058
rt_sigaction(SIGINT, {sa_handler=SIG_DFL, sa_mask=[], sa_flags=SA_RESTORER, sa_restorer=0x7f2e4ad9cd60}, {sa_handler=0x447df0, sa_mask=[], sa_flags=SA_RESTORER, sa_restorer=0x7f2e4ad9cd60}, 8) = 0
rt_sigprocmask(SIG_SETMASK, [], NULL, 8) = 0
--- SIGCHLD {si_signo=SIGCHLD, si_code=CLD_EXITED, si_pid=1496058, si_uid=1000, si_status=0, si_utime=0, si_stime=0} ---
wait4(-1, 0x7ffeada88790, WNOHANG, NULL) = -1 ECHILD (No child processes)
rt_sigreturn({mask=[]})                 = 0
newfstatat(AT_FDCWD, "/nix/store/wz6ykglbjari7j5q8j9y8n6svh3rdkld-startup.sh-fhs/lib", {st_mode=S_IFLNK|0777, st_size=7, ...}, AT_SYMLINK_NOFOLLOW) = 0
brk(0xfba000)                           = 0xfba000
rt_sigprocmask(SIG_BLOCK, NULL, [], 8)  = 0
rt_sigprocmask(SIG_BLOCK, NULL, [], 8)  = 0
pipe2([3, 4], 0)                        = 0
rt_sigprocmask(SIG_BLOCK, [CHLD], [], 8) = 0
rt_sigprocmask(SIG_SETMASK, [], NULL, 8) = 0
rt_sigprocmask(SIG_BLOCK, NULL, [], 8)  = 0
rt_sigprocmask(SIG_BLOCK, [INT TERM CHLD], [], 8) = 0
clone(child_stack=NULL, flags=CLONE_CHILD_CLEARTID|CLONE_CHILD_SETTID|SIGCHLD, child_tidptr=0x7f2e4ad61a10) = 1496059
rt_sigprocmask(SIG_SETMASK, [], NULL, 8) = 0
rt_sigaction(SIGCHLD, {sa_handler=0x44ac00, sa_mask=[], sa_flags=SA_RESTORER|SA_RESTART, sa_restorer=0x7f2e4ad9cd60}, {sa_handler=0x44ac00, sa_mask=[], sa_flags=SA_RESTORER|SA_RESTART, sa_restorer=0x7f2e4ad9cd60}, 8) = 0
close(4)                                = 0
rt_sigprocmask(SIG_BLOCK, [INT], [], 8) = 0
read(3, "usr/lib\n", 4096)              = 8
read(3, "", 4096)                       = 0
close(3)                                = 0
rt_sigprocmask(SIG_SETMASK, [], NULL, 8) = 0
--- SIGCHLD {si_signo=SIGCHLD, si_code=CLD_EXITED, si_pid=1496059, si_uid=1000, si_status=0, si_utime=0, si_stime=0} ---
wait4(-1, [{WIFEXITED(s) && WEXITSTATUS(s) == 0}], WNOHANG, NULL) = 1496059
wait4(-1, 0x7ffeada88910, WNOHANG, NULL) = -1 ECHILD (No child processes)
rt_sigreturn({mask=[]})                 = 0
rt_sigprocmask(SIG_BLOCK, [CHLD], [], 8) = 0
rt_sigaction(SIGINT, {sa_handler=0x447df0, sa_mask=[], sa_flags=SA_RESTORER, sa_restorer=0x7f2e4ad9cd60}, {sa_handler=SIG_DFL, sa_mask=[], sa_flags=SA_RESTORER, sa_restorer=0x7f2e4ad9cd60}, 8) = 0
rt_sigaction(SIGINT, {sa_handler=SIG_DFL, sa_mask=[], sa_flags=SA_RESTORER, sa_restorer=0x7f2e4ad9cd60}, {sa_handler=0x447df0, sa_mask=[], sa_flags=SA_RESTORER, sa_restorer=0x7f2e4ad9cd60}, 8) = 0
rt_sigprocmask(SIG_SETMASK, [], NULL, 8) = 0
newfstatat(AT_FDCWD, "/nix/store/wz6ykglbjari7j5q8j9y8n6svh3rdkld-startup.sh-fhs/lib32", {st_mode=S_IFLNK|0777, st_size=9, ...}, AT_SYMLINK_NOFOLLOW) = 0
rt_sigprocmask(SIG_BLOCK, NULL, [], 8)  = 0
rt_sigprocmask(SIG_BLOCK, NULL, [], 8)  = 0
pipe2([3, 4], 0)                        = 0
rt_sigprocmask(SIG_BLOCK, [CHLD], [], 8) = 0
rt_sigprocmask(SIG_SETMASK, [], NULL, 8) = 0
rt_sigprocmask(SIG_BLOCK, NULL, [], 8)  = 0
rt_sigprocmask(SIG_BLOCK, [INT TERM CHLD], [], 8) = 0
clone(child_stack=NULL, flags=CLONE_CHILD_CLEARTID|CLONE_CHILD_SETTID|SIGCHLD, child_tidptr=0x7f2e4ad61a10) = 1496060
rt_sigprocmask(SIG_SETMASK, [], NULL, 8) = 0
rt_sigaction(SIGCHLD, {sa_handler=0x44ac00, sa_mask=[], sa_flags=SA_RESTORER|SA_RESTART, sa_restorer=0x7f2e4ad9cd60}, {sa_handler=0x44ac00, sa_mask=[], sa_flags=SA_RESTORER|SA_RESTART, sa_restorer=0x7f2e4ad9cd60}, 8) = 0
close(4)                                = 0
rt_sigprocmask(SIG_BLOCK, [INT], [], 8) = 0
read(3, "usr/lib32\n", 4096)            = 10
read(3, "", 4096)                       = 0
close(3)                                = 0
rt_sigprocmask(SIG_SETMASK, [], NULL, 8) = 0
--- SIGCHLD {si_signo=SIGCHLD, si_code=CLD_EXITED, si_pid=1496060, si_uid=1000, si_status=0, si_utime=0, si_stime=0} ---
wait4(-1, [{WIFEXITED(s) && WEXITSTATUS(s) == 0}], WNOHANG, NULL) = 1496060
wait4(-1, 0x7ffeada88910, WNOHANG, NULL) = -1 ECHILD (No child processes)
rt_sigreturn({mask=[]})                 = 0
rt_sigprocmask(SIG_BLOCK, [CHLD], [], 8) = 0
rt_sigaction(SIGINT, {sa_handler=0x447df0, sa_mask=[], sa_flags=SA_RESTORER, sa_restorer=0x7f2e4ad9cd60}, {sa_handler=SIG_DFL, sa_mask=[], sa_flags=SA_RESTORER, sa_restorer=0x7f2e4ad9cd60}, 8) = 0
rt_sigaction(SIGINT, {sa_handler=SIG_DFL, sa_mask=[], sa_flags=SA_RESTORER, sa_restorer=0x7f2e4ad9cd60}, {sa_handler=0x447df0, sa_mask=[], sa_flags=SA_RESTORER, sa_restorer=0x7f2e4ad9cd60}, 8) = 0
rt_sigprocmask(SIG_SETMASK, [], NULL, 8) = 0
newfstatat(AT_FDCWD, "/nix/store/wz6ykglbjari7j5q8j9y8n6svh3rdkld-startup.sh-fhs/lib64", {st_mode=S_IFLNK|0777, st_size=9, ...}, AT_SYMLINK_NOFOLLOW) = 0
brk(0xfbb000)                           = 0xfbb000
rt_sigprocmask(SIG_BLOCK, NULL, [], 8)  = 0
rt_sigprocmask(SIG_BLOCK, NULL, [], 8)  = 0
pipe2([3, 4], 0)                        = 0
rt_sigprocmask(SIG_BLOCK, [CHLD], [], 8) = 0
rt_sigprocmask(SIG_SETMASK, [], NULL, 8) = 0
rt_sigprocmask(SIG_BLOCK, NULL, [], 8)  = 0
rt_sigprocmask(SIG_BLOCK, [INT TERM CHLD], [], 8) = 0
clone(child_stack=NULL, flags=CLONE_CHILD_CLEARTID|CLONE_CHILD_SETTID|SIGCHLD, child_tidptr=0x7f2e4ad61a10) = 1496061
rt_sigprocmask(SIG_SETMASK, [], NULL, 8) = 0
rt_sigaction(SIGCHLD, {sa_handler=0x44ac00, sa_mask=[], sa_flags=SA_RESTORER|SA_RESTART, sa_restorer=0x7f2e4ad9cd60}, {sa_handler=0x44ac00, sa_mask=[], sa_flags=SA_RESTORER|SA_RESTART, sa_restorer=0x7f2e4ad9cd60}, 8) = 0
close(4)                                = 0
rt_sigprocmask(SIG_BLOCK, [INT], [], 8) = 0
read(3, "usr/lib64\n", 4096)            = 10
read(3, "", 4096)                       = 0
close(3)                                = 0
rt_sigprocmask(SIG_SETMASK, [], NULL, 8) = 0
--- SIGCHLD {si_signo=SIGCHLD, si_code=CLD_EXITED, si_pid=1496061, si_uid=1000, si_status=0, si_utime=0, si_stime=0} ---
wait4(-1, [{WIFEXITED(s) && WEXITSTATUS(s) == 0}], WNOHANG, NULL) = 1496061
wait4(-1, 0x7ffeada88910, WNOHANG, NULL) = -1 ECHILD (No child processes)
rt_sigreturn({mask=[]})                 = 0
rt_sigprocmask(SIG_BLOCK, [CHLD], [], 8) = 0
rt_sigaction(SIGINT, {sa_handler=0x447df0, sa_mask=[], sa_flags=SA_RESTORER, sa_restorer=0x7f2e4ad9cd60}, {sa_handler=SIG_DFL, sa_mask=[], sa_flags=SA_RESTORER, sa_restorer=0x7f2e4ad9cd60}, 8) = 0
rt_sigaction(SIGINT, {sa_handler=SIG_DFL, sa_mask=[], sa_flags=SA_RESTORER, sa_restorer=0x7f2e4ad9cd60}, {sa_handler=0x447df0, sa_mask=[], sa_flags=SA_RESTORER, sa_restorer=0x7f2e4ad9cd60}, 8) = 0
rt_sigprocmask(SIG_SETMASK, [], NULL, 8) = 0
newfstatat(AT_FDCWD, "/nix/store/wz6ykglbjari7j5q8j9y8n6svh3rdkld-startup.sh-fhs/sbin", {st_mode=S_IFLNK|0777, st_size=8, ...}, AT_SYMLINK_NOFOLLOW) = 0
rt_sigprocmask(SIG_BLOCK, NULL, [], 8)  = 0
rt_sigprocmask(SIG_BLOCK, NULL, [], 8)  = 0
pipe2([3, 4], 0)                        = 0
rt_sigprocmask(SIG_BLOCK, [CHLD], [], 8) = 0
rt_sigprocmask(SIG_SETMASK, [], NULL, 8) = 0
rt_sigprocmask(SIG_BLOCK, NULL, [], 8)  = 0
rt_sigprocmask(SIG_BLOCK, [INT TERM CHLD], [], 8) = 0
clone(child_stack=NULL, flags=CLONE_CHILD_CLEARTID|CLONE_CHILD_SETTID|SIGCHLD, child_tidptr=0x7f2e4ad61a10) = 1496062
rt_sigprocmask(SIG_SETMASK, [], NULL, 8) = 0
rt_sigaction(SIGCHLD, {sa_handler=0x44ac00, sa_mask=[], sa_flags=SA_RESTORER|SA_RESTART, sa_restorer=0x7f2e4ad9cd60}, {sa_handler=0x44ac00, sa_mask=[], sa_flags=SA_RESTORER|SA_RESTART, sa_restorer=0x7f2e4ad9cd60}, 8) = 0
close(4)                                = 0
rt_sigprocmask(SIG_BLOCK, [INT], [], 8) = 0
read(3, "usr/sbin\n", 4096)             = 9
read(3, "", 4096)                       = 0
close(3)                                = 0
rt_sigprocmask(SIG_SETMASK, [], NULL, 8) = 0
--- SIGCHLD {si_signo=SIGCHLD, si_code=CLD_EXITED, si_pid=1496062, si_uid=1000, si_status=0, si_utime=0, si_stime=0} ---
wait4(-1, [{WIFEXITED(s) && WEXITSTATUS(s) == 0}], WNOHANG, NULL) = 1496062
wait4(-1, 0x7ffeada88910, WNOHANG, NULL) = -1 ECHILD (No child processes)
rt_sigreturn({mask=[]})                 = 0
rt_sigprocmask(SIG_BLOCK, [CHLD], [], 8) = 0
rt_sigaction(SIGINT, {sa_handler=0x447df0, sa_mask=[], sa_flags=SA_RESTORER, sa_restorer=0x7f2e4ad9cd60}, {sa_handler=SIG_DFL, sa_mask=[], sa_flags=SA_RESTORER, sa_restorer=0x7f2e4ad9cd60}, 8) = 0
rt_sigaction(SIGINT, {sa_handler=SIG_DFL, sa_mask=[], sa_flags=SA_RESTORER, sa_restorer=0x7f2e4ad9cd60}, {sa_handler=0x447df0, sa_mask=[], sa_flags=SA_RESTORER, sa_restorer=0x7f2e4ad9cd60}, 8) = 0
rt_sigprocmask(SIG_SETMASK, [], NULL, 8) = 0
newfstatat(AT_FDCWD, "/nix/store/wz6ykglbjari7j5q8j9y8n6svh3rdkld-startup.sh-fhs/usr", {st_mode=S_IFDIR|0555, st_size=4096, ...}, AT_SYMLINK_NOFOLLOW) = 0
read(255, "\nif [[ -d /nix/store/wz6ykglbjar"..., 4337) = 3823
newfstatat(AT_FDCWD, "/nix/store/wz6ykglbjari7j5q8j9y8n6svh3rdkld-startup.sh-fhs/etc", {st_mode=S_IFDIR|0555, st_size=4096, ...}, 0) = 0
openat(AT_FDCWD, "/nix/store/wz6ykglbjari7j5q8j9y8n6svh3rdkld-startup.sh-fhs/etc/", O_RDONLY|O_NONBLOCK|O_CLOEXEC|O_DIRECTORY) = 3
newfstatat(3, "", {st_mode=S_IFDIR|0555, st_size=4096, ...}, AT_EMPTY_PATH) = 0
brk(0xfcb000)                           = 0xfcb000
getdents64(3, 0xfbb040 /* 10 entries */, 32768) = 280
getdents64(3, 0xfbb040 /* 0 entries */, 32768) = 0
brk(0xfbb000)                           = 0xfbb000
close(3)                                = 0
brk(0xfbc000)                           = 0xfbc000
brk(0xfbd000)                           = 0xfbd000
brk(0xfbe000)                           = 0xfbe000
brk(0xfbf000)                           = 0xfbf000
brk(0xfc0000)                           = 0xfc0000
brk(0xfc1000)                           = 0xfc1000
brk(0xfc2000)                           = 0xfc2000
brk(0xfc3000)                           = 0xfc3000
brk(0xfc4000)                           = 0xfc4000
brk(0xfc5000)                           = 0xfc5000
brk(0xfc6000)                           = 0xfc6000
brk(0xfc7000)                           = 0xfc7000
newfstatat(AT_FDCWD, "/etc/static", {st_mode=S_IFLNK|0777, st_size=51, ...}, AT_SYMLINK_NOFOLLOW) = 0
rt_sigprocmask(SIG_BLOCK, NULL, [], 8)  = 0
rt_sigprocmask(SIG_BLOCK, NULL, [], 8)  = 0
pipe2([3, 4], 0)                        = 0
rt_sigprocmask(SIG_BLOCK, [CHLD], [], 8) = 0
rt_sigprocmask(SIG_SETMASK, [], NULL, 8) = 0
rt_sigprocmask(SIG_BLOCK, NULL, [], 8)  = 0
rt_sigprocmask(SIG_BLOCK, [INT TERM CHLD], [], 8) = 0
lseek(255, -2612, SEEK_CUR)             = 1725
clone(child_stack=NULL, flags=CLONE_CHILD_CLEARTID|CLONE_CHILD_SETTID|SIGCHLD, child_tidptr=0x7f2e4ad61a10) = 1496063
rt_sigprocmask(SIG_SETMASK, [], NULL, 8) = 0
rt_sigaction(SIGCHLD, {sa_handler=0x44ac00, sa_mask=[], sa_flags=SA_RESTORER|SA_RESTART, sa_restorer=0x7f2e4ad9cd60}, {sa_handler=0x44ac00, sa_mask=[], sa_flags=SA_RESTORER|SA_RESTART, sa_restorer=0x7f2e4ad9cd60}, 8) = 0
close(4)                                = 0
rt_sigprocmask(SIG_BLOCK, [INT], [], 8) = 0
read(3, "/nix/store/g041kf5b7jcw6xmlxkaxr"..., 4096) = 52
read(3, "", 4096)                       = 0
close(3)                                = 0
rt_sigprocmask(SIG_SETMASK, [], NULL, 8) = 0
--- SIGCHLD {si_signo=SIGCHLD, si_code=CLD_EXITED, si_pid=1496063, si_uid=1000, si_status=0, si_utime=0, si_stime=0} ---
wait4(-1, [{WIFEXITED(s) && WEXITSTATUS(s) == 0}], WNOHANG, NULL) = 1496063
wait4(-1, 0x7ffeada88bd0, WNOHANG, NULL) = -1 ECHILD (No child processes)
rt_sigreturn({mask=[]})                 = 0
rt_sigprocmask(SIG_BLOCK, [CHLD], [], 8) = 0
rt_sigaction(SIGINT, {sa_handler=0x447df0, sa_mask=[], sa_flags=SA_RESTORER, sa_restorer=0x7f2e4ad9cd60}, {sa_handler=SIG_DFL, sa_mask=[], sa_flags=SA_RESTORER, sa_restorer=0x7f2e4ad9cd60}, 8) = 0
rt_sigaction(SIGINT, {sa_handler=SIG_DFL, sa_mask=[], sa_flags=SA_RESTORER, sa_restorer=0x7f2e4ad9cd60}, {sa_handler=0x447df0, sa_mask=[], sa_flags=SA_RESTORER, sa_restorer=0x7f2e4ad9cd60}, 8) = 0
rt_sigprocmask(SIG_SETMASK, [], NULL, 8) = 0
newfstatat(AT_FDCWD, "/etc/nix", {st_mode=S_IFDIR|0755, st_size=4096, ...}, AT_SYMLINK_NOFOLLOW) = 0
newfstatat(AT_FDCWD, "/etc/shells", {st_mode=S_IFLNK|0777, st_size=18, ...}, AT_SYMLINK_NOFOLLOW) = 0
rt_sigprocmask(SIG_BLOCK, NULL, [], 8)  = 0
rt_sigprocmask(SIG_BLOCK, NULL, [], 8)  = 0
pipe2([3, 4], 0)                        = 0
rt_sigprocmask(SIG_BLOCK, [CHLD], [], 8) = 0
rt_sigprocmask(SIG_SETMASK, [], NULL, 8) = 0
rt_sigprocmask(SIG_BLOCK, NULL, [], 8)  = 0
rt_sigprocmask(SIG_BLOCK, [INT TERM CHLD], [], 8) = 0
clone(child_stack=NULL, flags=CLONE_CHILD_CLEARTID|CLONE_CHILD_SETTID|SIGCHLD, child_tidptr=0x7f2e4ad61a10) = 1496064
rt_sigprocmask(SIG_SETMASK, [], NULL, 8) = 0
rt_sigaction(SIGCHLD, {sa_handler=0x44ac00, sa_mask=[], sa_flags=SA_RESTORER|SA_RESTART, sa_restorer=0x7f2e4ad9cd60}, {sa_handler=0x44ac00, sa_mask=[], sa_flags=SA_RESTORER|SA_RESTART, sa_restorer=0x7f2e4ad9cd60}, 8) = 0
close(4)                                = 0
rt_sigprocmask(SIG_BLOCK, [INT], [], 8) = 0
read(3, "/etc/static/shells\n", 4096)   = 19
read(3, "", 4096)                       = 0
close(3)                                = 0
rt_sigprocmask(SIG_SETMASK, [], NULL, 8) = 0
--- SIGCHLD {si_signo=SIGCHLD, si_code=CLD_EXITED, si_pid=1496064, si_uid=1000, si_status=0, si_utime=0, si_stime=0} ---
wait4(-1, [{WIFEXITED(s) && WEXITSTATUS(s) == 0}], WNOHANG, NULL) = 1496064
wait4(-1, 0x7ffeada88bd0, WNOHANG, NULL) = -1 ECHILD (No child processes)
rt_sigreturn({mask=[]})                 = 0
rt_sigprocmask(SIG_BLOCK, [CHLD], [], 8) = 0
rt_sigaction(SIGINT, {sa_handler=0x447df0, sa_mask=[], sa_flags=SA_RESTORER, sa_restorer=0x7f2e4ad9cd60}, {sa_handler=SIG_DFL, sa_mask=[], sa_flags=SA_RESTORER, sa_restorer=0x7f2e4ad9cd60}, 8) = 0
rt_sigaction(SIGINT, {sa_handler=SIG_DFL, sa_mask=[], sa_flags=SA_RESTORER, sa_restorer=0x7f2e4ad9cd60}, {sa_handler=0x447df0, sa_mask=[], sa_flags=SA_RESTORER, sa_restorer=0x7f2e4ad9cd60}, 8) = 0
rt_sigprocmask(SIG_SETMASK, [], NULL, 8) = 0
newfstatat(AT_FDCWD, "/etc/bashrc", {st_mode=S_IFLNK|0777, st_size=18, ...}, AT_SYMLINK_NOFOLLOW) = 0
rt_sigprocmask(SIG_BLOCK, NULL, [], 8)  = 0
rt_sigprocmask(SIG_BLOCK, NULL, [], 8)  = 0
pipe2([3, 4], 0)                        = 0
rt_sigprocmask(SIG_BLOCK, [CHLD], [], 8) = 0
rt_sigprocmask(SIG_SETMASK, [], NULL, 8) = 0
rt_sigprocmask(SIG_BLOCK, NULL, [], 8)  = 0
rt_sigprocmask(SIG_BLOCK, [INT TERM CHLD], [], 8) = 0
clone(child_stack=NULL, flags=CLONE_CHILD_CLEARTID|CLONE_CHILD_SETTID|SIGCHLD, child_tidptr=0x7f2e4ad61a10) = 1496065
rt_sigprocmask(SIG_SETMASK, [], NULL, 8) = 0
rt_sigaction(SIGCHLD, {sa_handler=0x44ac00, sa_mask=[], sa_flags=SA_RESTORER|SA_RESTART, sa_restorer=0x7f2e4ad9cd60}, {sa_handler=0x44ac00, sa_mask=[], sa_flags=SA_RESTORER|SA_RESTART, sa_restorer=0x7f2e4ad9cd60}, 8) = 0
close(4)                                = 0
rt_sigprocmask(SIG_BLOCK, [INT], [], 8) = 0
read(3, "/etc/static/bashrc\n", 4096)   = 19
read(3, "", 4096)                       = 0
close(3)                                = 0
rt_sigprocmask(SIG_SETMASK, [], NULL, 8) = 0
--- SIGCHLD {si_signo=SIGCHLD, si_code=CLD_EXITED, si_pid=1496065, si_uid=1000, si_status=0, si_utime=0, si_stime=0} ---
wait4(-1, [{WIFEXITED(s) && WEXITSTATUS(s) == 0}], WNOHANG, NULL) = 1496065
wait4(-1, 0x7ffeada88bd0, WNOHANG, NULL) = -1 ECHILD (No child processes)
rt_sigreturn({mask=[]})                 = 0
rt_sigprocmask(SIG_BLOCK, [CHLD], [], 8) = 0
rt_sigaction(SIGINT, {sa_handler=0x447df0, sa_mask=[], sa_flags=SA_RESTORER, sa_restorer=0x7f2e4ad9cd60}, {sa_handler=SIG_DFL, sa_mask=[], sa_flags=SA_RESTORER, sa_restorer=0x7f2e4ad9cd60}, 8) = 0
rt_sigaction(SIGINT, {sa_handler=SIG_DFL, sa_mask=[], sa_flags=SA_RESTORER, sa_restorer=0x7f2e4ad9cd60}, {sa_handler=0x447df0, sa_mask=[], sa_flags=SA_RESTORER, sa_restorer=0x7f2e4ad9cd60}, 8) = 0
rt_sigprocmask(SIG_SETMASK, [], NULL, 8) = 0
newfstatat(AT_FDCWD, "/etc/zshenv", {st_mode=S_IFLNK|0777, st_size=18, ...}, AT_SYMLINK_NOFOLLOW) = 0
rt_sigprocmask(SIG_BLOCK, NULL, [], 8)  = 0
rt_sigprocmask(SIG_BLOCK, NULL, [], 8)  = 0
pipe2([3, 4], 0)                        = 0
rt_sigprocmask(SIG_BLOCK, [CHLD], [], 8) = 0
rt_sigprocmask(SIG_SETMASK, [], NULL, 8) = 0
rt_sigprocmask(SIG_BLOCK, NULL, [], 8)  = 0
rt_sigprocmask(SIG_BLOCK, [INT TERM CHLD], [], 8) = 0
clone(child_stack=NULL, flags=CLONE_CHILD_CLEARTID|CLONE_CHILD_SETTID|SIGCHLD, child_tidptr=0x7f2e4ad61a10) = 1496066
rt_sigprocmask(SIG_SETMASK, [], NULL, 8) = 0
rt_sigaction(SIGCHLD, {sa_handler=0x44ac00, sa_mask=[], sa_flags=SA_RESTORER|SA_RESTART, sa_restorer=0x7f2e4ad9cd60}, {sa_handler=0x44ac00, sa_mask=[], sa_flags=SA_RESTORER|SA_RESTART, sa_restorer=0x7f2e4ad9cd60}, 8) = 0
close(4)                                = 0
rt_sigprocmask(SIG_BLOCK, [INT], [], 8) = 0
read(3, "/etc/static/zshenv\n", 4096)   = 19
read(3, "", 4096)                       = 0
close(3)                                = 0
rt_sigprocmask(SIG_SETMASK, [], NULL, 8) = 0
--- SIGCHLD {si_signo=SIGCHLD, si_code=CLD_EXITED, si_pid=1496066, si_uid=1000, si_status=0, si_utime=0, si_stime=0} ---
wait4(-1, [{WIFEXITED(s) && WEXITSTATUS(s) == 0}], WNOHANG, NULL) = 1496066
wait4(-1, 0x7ffeada88bd0, WNOHANG, NULL) = -1 ECHILD (No child processes)
rt_sigreturn({mask=[]})                 = 0
rt_sigprocmask(SIG_BLOCK, [CHLD], [], 8) = 0
rt_sigaction(SIGINT, {sa_handler=0x447df0, sa_mask=[], sa_flags=SA_RESTORER, sa_restorer=0x7f2e4ad9cd60}, {sa_handler=SIG_DFL, sa_mask=[], sa_flags=SA_RESTORER, sa_restorer=0x7f2e4ad9cd60}, 8) = 0
rt_sigaction(SIGINT, {sa_handler=SIG_DFL, sa_mask=[], sa_flags=SA_RESTORER, sa_restorer=0x7f2e4ad9cd60}, {sa_handler=0x447df0, sa_mask=[], sa_flags=SA_RESTORER, sa_restorer=0x7f2e4ad9cd60}, 8) = 0
rt_sigprocmask(SIG_SETMASK, [], NULL, 8) = 0
newfstatat(AT_FDCWD, "/etc/zshrc", {st_mode=S_IFLNK|0777, st_size=17, ...}, AT_SYMLINK_NOFOLLOW) = 0
rt_sigprocmask(SIG_BLOCK, NULL, [], 8)  = 0
rt_sigprocmask(SIG_BLOCK, NULL, [], 8)  = 0
pipe2([3, 4], 0)                        = 0
rt_sigprocmask(SIG_BLOCK, [CHLD], [], 8) = 0
rt_sigprocmask(SIG_SETMASK, [], NULL, 8) = 0
rt_sigprocmask(SIG_BLOCK, NULL, [], 8)  = 0
rt_sigprocmask(SIG_BLOCK, [INT TERM CHLD], [], 8) = 0
clone(child_stack=NULL, flags=CLONE_CHILD_CLEARTID|CLONE_CHILD_SETTID|SIGCHLD, child_tidptr=0x7f2e4ad61a10) = 1496067
rt_sigprocmask(SIG_SETMASK, [], NULL, 8) = 0
rt_sigaction(SIGCHLD, {sa_handler=0x44ac00, sa_mask=[], sa_flags=SA_RESTORER|SA_RESTART, sa_restorer=0x7f2e4ad9cd60}, {sa_handler=0x44ac00, sa_mask=[], sa_flags=SA_RESTORER|SA_RESTART, sa_restorer=0x7f2e4ad9cd60}, 8) = 0
close(4)                                = 0
rt_sigprocmask(SIG_BLOCK, [INT], [], 8) = 0
read(3, "/etc/static/zshrc\n", 4096)    = 18
read(3, "", 4096)                       = 0
close(3)                                = 0
rt_sigprocmask(SIG_SETMASK, [], NULL, 8) = 0
rt_sigprocmask(SIG_BLOCK, [CHLD], [], 8) = 0
rt_sigaction(SIGINT, {sa_handler=0x447df0, sa_mask=[], sa_flags=SA_RESTORER, sa_restorer=0x7f2e4ad9cd60}, {sa_handler=SIG_DFL, sa_mask=[], sa_flags=SA_RESTORER, sa_restorer=0x7f2e4ad9cd60}, 8) = 0
wait4(-1, [{WIFEXITED(s) && WEXITSTATUS(s) == 0}], 0, NULL) = 1496067
rt_sigaction(SIGINT, {sa_handler=SIG_DFL, sa_mask=[], sa_flags=SA_RESTORER, sa_restorer=0x7f2e4ad9cd60}, {sa_handler=0x447df0, sa_mask=[], sa_flags=SA_RESTORER, sa_restorer=0x7f2e4ad9cd60}, 8) = 0
rt_sigprocmask(SIG_SETMASK, [], NULL, 8) = 0
--- SIGCHLD {si_signo=SIGCHLD, si_code=CLD_EXITED, si_pid=1496067, si_uid=1000, si_status=0, si_utime=0, si_stime=0} ---
wait4(-1, 0x7ffeada88a50, WNOHANG, NULL) = -1 ECHILD (No child processes)
rt_sigreturn({mask=[]})                 = 0
newfstatat(AT_FDCWD, "/etc/zinputrc", {st_mode=S_IFLNK|0777, st_size=20, ...}, AT_SYMLINK_NOFOLLOW) = 0
rt_sigprocmask(SIG_BLOCK, NULL, [], 8)  = 0
rt_sigprocmask(SIG_BLOCK, NULL, [], 8)  = 0
pipe2([3, 4], 0)                        = 0
rt_sigprocmask(SIG_BLOCK, [CHLD], [], 8) = 0
rt_sigprocmask(SIG_SETMASK, [], NULL, 8) = 0
rt_sigprocmask(SIG_BLOCK, NULL, [], 8)  = 0
rt_sigprocmask(SIG_BLOCK, [INT TERM CHLD], [], 8) = 0
clone(child_stack=NULL, flags=CLONE_CHILD_CLEARTID|CLONE_CHILD_SETTID|SIGCHLD, child_tidptr=0x7f2e4ad61a10) = 1496068
rt_sigprocmask(SIG_SETMASK, [], NULL, 8) = 0
rt_sigaction(SIGCHLD, {sa_handler=0x44ac00, sa_mask=[], sa_flags=SA_RESTORER|SA_RESTART, sa_restorer=0x7f2e4ad9cd60}, {sa_handler=0x44ac00, sa_mask=[], sa_flags=SA_RESTORER|SA_RESTART, sa_restorer=0x7f2e4ad9cd60}, 8) = 0
close(4)                                = 0
rt_sigprocmask(SIG_BLOCK, [INT], [], 8) = 0
read(3, "/etc/static/zinputrc\n", 4096) = 21
read(3, "", 4096)                       = 0
--- SIGCHLD {si_signo=SIGCHLD, si_code=CLD_EXITED, si_pid=1496068, si_uid=1000, si_status=0, si_utime=0, si_stime=0} ---
wait4(-1, [{WIFEXITED(s) && WEXITSTATUS(s) == 0}], WNOHANG, NULL) = 1496068
wait4(-1, 0x7ffeada87bd0, WNOHANG, NULL) = -1 ECHILD (No child processes)
rt_sigreturn({mask=[INT]})              = 0
close(3)                                = 0
rt_sigprocmask(SIG_SETMASK, [], NULL, 8) = 0
rt_sigprocmask(SIG_BLOCK, [CHLD], [], 8) = 0
rt_sigaction(SIGINT, {sa_handler=0x447df0, sa_mask=[], sa_flags=SA_RESTORER, sa_restorer=0x7f2e4ad9cd60}, {sa_handler=SIG_DFL, sa_mask=[], sa_flags=SA_RESTORER, sa_restorer=0x7f2e4ad9cd60}, 8) = 0
rt_sigaction(SIGINT, {sa_handler=SIG_DFL, sa_mask=[], sa_flags=SA_RESTORER, sa_restorer=0x7f2e4ad9cd60}, {sa_handler=0x447df0, sa_mask=[], sa_flags=SA_RESTORER, sa_restorer=0x7f2e4ad9cd60}, 8) = 0
rt_sigprocmask(SIG_SETMASK, [], NULL, 8) = 0
newfstatat(AT_FDCWD, "/etc/zprofile", {st_mode=S_IFLNK|0777, st_size=20, ...}, AT_SYMLINK_NOFOLLOW) = 0
rt_sigprocmask(SIG_BLOCK, NULL, [], 8)  = 0
rt_sigprocmask(SIG_BLOCK, NULL, [], 8)  = 0
pipe2([3, 4], 0)                        = 0
rt_sigprocmask(SIG_BLOCK, [CHLD], [], 8) = 0
rt_sigprocmask(SIG_SETMASK, [], NULL, 8) = 0
rt_sigprocmask(SIG_BLOCK, NULL, [], 8)  = 0
rt_sigprocmask(SIG_BLOCK, [INT TERM CHLD], [], 8) = 0
clone(child_stack=NULL, flags=CLONE_CHILD_CLEARTID|CLONE_CHILD_SETTID|SIGCHLD, child_tidptr=0x7f2e4ad61a10) = 1496069
rt_sigprocmask(SIG_SETMASK, [], NULL, 8) = 0
rt_sigaction(SIGCHLD, {sa_handler=0x44ac00, sa_mask=[], sa_flags=SA_RESTORER|SA_RESTART, sa_restorer=0x7f2e4ad9cd60}, {sa_handler=0x44ac00, sa_mask=[], sa_flags=SA_RESTORER|SA_RESTART, sa_restorer=0x7f2e4ad9cd60}, 8) = 0
close(4)                                = 0
rt_sigprocmask(SIG_BLOCK, [INT], [], 8) = 0
read(3, "/etc/static/zprofile\n", 4096) = 21
read(3, "", 4096)                       = 0
close(3)                                = 0
--- SIGCHLD {si_signo=SIGCHLD, si_code=CLD_EXITED, si_pid=1496069, si_uid=1000, si_status=0, si_utime=0, si_stime=0} ---
wait4(-1, [{WIFEXITED(s) && WEXITSTATUS(s) == 0}], WNOHANG, NULL) = 1496069
wait4(-1, 0x7ffeada88c90, WNOHANG, NULL) = -1 ECHILD (No child processes)
rt_sigreturn({mask=[INT]})              = 0
rt_sigprocmask(SIG_SETMASK, [], NULL, 8) = 0
rt_sigprocmask(SIG_BLOCK, [CHLD], [], 8) = 0
rt_sigaction(SIGINT, {sa_handler=0x447df0, sa_mask=[], sa_flags=SA_RESTORER, sa_restorer=0x7f2e4ad9cd60}, {sa_handler=SIG_DFL, sa_mask=[], sa_flags=SA_RESTORER, sa_restorer=0x7f2e4ad9cd60}, 8) = 0
rt_sigaction(SIGINT, {sa_handler=SIG_DFL, sa_mask=[], sa_flags=SA_RESTORER, sa_restorer=0x7f2e4ad9cd60}, {sa_handler=0x447df0, sa_mask=[], sa_flags=SA_RESTORER, sa_restorer=0x7f2e4ad9cd60}, 8) = 0
rt_sigprocmask(SIG_SETMASK, [], NULL, 8) = 0
brk(0xfc8000)                           = 0xfc8000
brk(0xfc9000)                           = 0xfc9000
newfstatat(AT_FDCWD, "/etc/passwd", {st_mode=S_IFREG|0644, st_size=4351, ...}, AT_SYMLINK_NOFOLLOW) = 0
newfstatat(AT_FDCWD, "/etc/group", {st_mode=S_IFREG|0644, st_size=1019, ...}, AT_SYMLINK_NOFOLLOW) = 0
newfstatat(AT_FDCWD, "/etc/shadow", {st_mode=S_IFREG|0640, st_size=1223, ...}, AT_SYMLINK_NOFOLLOW) = 0
newfstatat(AT_FDCWD, "/etc/hosts", {st_mode=S_IFLNK|0777, st_size=17, ...}, AT_SYMLINK_NOFOLLOW) = 0
rt_sigprocmask(SIG_BLOCK, NULL, [], 8)  = 0
rt_sigprocmask(SIG_BLOCK, NULL, [], 8)  = 0
pipe2([3, 4], 0)                        = 0
rt_sigprocmask(SIG_BLOCK, [CHLD], [], 8) = 0
rt_sigprocmask(SIG_SETMASK, [], NULL, 8) = 0
rt_sigprocmask(SIG_BLOCK, NULL, [], 8)  = 0
rt_sigprocmask(SIG_BLOCK, [INT TERM CHLD], [], 8) = 0
clone(child_stack=NULL, flags=CLONE_CHILD_CLEARTID|CLONE_CHILD_SETTID|SIGCHLD, child_tidptr=0x7f2e4ad61a10) = 1496070
rt_sigprocmask(SIG_SETMASK, [], NULL, 8) = 0
rt_sigaction(SIGCHLD, {sa_handler=0x44ac00, sa_mask=[], sa_flags=SA_RESTORER|SA_RESTART, sa_restorer=0x7f2e4ad9cd60}, {sa_handler=0x44ac00, sa_mask=[], sa_flags=SA_RESTORER|SA_RESTART, sa_restorer=0x7f2e4ad9cd60}, 8) = 0
close(4)                                = 0
rt_sigprocmask(SIG_BLOCK, [INT], [], 8) = 0
read(3, "/etc/static/hosts\n", 4096)    = 18
read(3, "", 4096)                       = 0
close(3)                                = 0
rt_sigprocmask(SIG_SETMASK, [], NULL, 8) = 0
--- SIGCHLD {si_signo=SIGCHLD, si_code=CLD_EXITED, si_pid=1496070, si_uid=1000, si_status=0, si_utime=0, si_stime=0} ---
wait4(-1, [{WIFEXITED(s) && WEXITSTATUS(s) == 0}], WNOHANG, NULL) = 1496070
wait4(-1, 0x7ffeada88bd0, WNOHANG, NULL) = -1 ECHILD (No child processes)
rt_sigreturn({mask=[]})                 = 0
rt_sigprocmask(SIG_BLOCK, [CHLD], [], 8) = 0
rt_sigaction(SIGINT, {sa_handler=0x447df0, sa_mask=[], sa_flags=SA_RESTORER, sa_restorer=0x7f2e4ad9cd60}, {sa_handler=SIG_DFL, sa_mask=[], sa_flags=SA_RESTORER, sa_restorer=0x7f2e4ad9cd60}, 8) = 0
rt_sigaction(SIGINT, {sa_handler=SIG_DFL, sa_mask=[], sa_flags=SA_RESTORER, sa_restorer=0x7f2e4ad9cd60}, {sa_handler=0x447df0, sa_mask=[], sa_flags=SA_RESTORER, sa_restorer=0x7f2e4ad9cd60}, 8) = 0
rt_sigprocmask(SIG_SETMASK, [], NULL, 8) = 0
newfstatat(AT_FDCWD, "/etc/resolv.conf", {st_mode=S_IFLNK|0777, st_size=23, ...}, AT_SYMLINK_NOFOLLOW) = 0
rt_sigprocmask(SIG_BLOCK, NULL, [], 8)  = 0
rt_sigprocmask(SIG_BLOCK, NULL, [], 8)  = 0
pipe2([3, 4], 0)                        = 0
rt_sigprocmask(SIG_BLOCK, [CHLD], [], 8) = 0
rt_sigprocmask(SIG_SETMASK, [], NULL, 8) = 0
rt_sigprocmask(SIG_BLOCK, NULL, [], 8)  = 0
rt_sigprocmask(SIG_BLOCK, [INT TERM CHLD], [], 8) = 0
clone(child_stack=NULL, flags=CLONE_CHILD_CLEARTID|CLONE_CHILD_SETTID|SIGCHLD, child_tidptr=0x7f2e4ad61a10) = 1496071
rt_sigprocmask(SIG_SETMASK, [], NULL, 8) = 0
rt_sigaction(SIGCHLD, {sa_handler=0x44ac00, sa_mask=[], sa_flags=SA_RESTORER|SA_RESTART, sa_restorer=0x7f2e4ad9cd60}, {sa_handler=0x44ac00, sa_mask=[], sa_flags=SA_RESTORER|SA_RESTART, sa_restorer=0x7f2e4ad9cd60}, 8) = 0
close(4)                                = 0
rt_sigprocmask(SIG_BLOCK, [INT], [], 8) = 0
read(3, "/etc/static/resolv.conf\n", 4096) = 24
read(3, "", 4096)                       = 0
close(3)                                = 0
rt_sigprocmask(SIG_SETMASK, [], NULL, 8) = 0
--- SIGCHLD {si_signo=SIGCHLD, si_code=CLD_EXITED, si_pid=1496071, si_uid=1000, si_status=0, si_utime=0, si_stime=0} ---
wait4(-1, [{WIFEXITED(s) && WEXITSTATUS(s) == 0}], WNOHANG, NULL) = 1496071
wait4(-1, 0x7ffeada88bd0, WNOHANG, NULL) = -1 ECHILD (No child processes)
rt_sigreturn({mask=[]})                 = 0
rt_sigprocmask(SIG_BLOCK, [CHLD], [], 8) = 0
rt_sigaction(SIGINT, {sa_handler=0x447df0, sa_mask=[], sa_flags=SA_RESTORER, sa_restorer=0x7f2e4ad9cd60}, {sa_handler=SIG_DFL, sa_mask=[], sa_flags=SA_RESTORER, sa_restorer=0x7f2e4ad9cd60}, 8) = 0
rt_sigaction(SIGINT, {sa_handler=SIG_DFL, sa_mask=[], sa_flags=SA_RESTORER, sa_restorer=0x7f2e4ad9cd60}, {sa_handler=0x447df0, sa_mask=[], sa_flags=SA_RESTORER, sa_restorer=0x7f2e4ad9cd60}, 8) = 0
rt_sigprocmask(SIG_SETMASK, [], NULL, 8) = 0
newfstatat(AT_FDCWD, "/etc/nsswitch.conf", {st_mode=S_IFLNK|0777, st_size=25, ...}, AT_SYMLINK_NOFOLLOW) = 0
rt_sigprocmask(SIG_BLOCK, NULL, [], 8)  = 0
rt_sigprocmask(SIG_BLOCK, NULL, [], 8)  = 0
pipe2([3, 4], 0)                        = 0
rt_sigprocmask(SIG_BLOCK, [CHLD], [], 8) = 0
rt_sigprocmask(SIG_SETMASK, [], NULL, 8) = 0
rt_sigprocmask(SIG_BLOCK, NULL, [], 8)  = 0
rt_sigprocmask(SIG_BLOCK, [INT TERM CHLD], [], 8) = 0
clone(child_stack=NULL, flags=CLONE_CHILD_CLEARTID|CLONE_CHILD_SETTID|SIGCHLD, child_tidptr=0x7f2e4ad61a10) = 1496072
rt_sigprocmask(SIG_SETMASK, [], NULL, 8) = 0
rt_sigaction(SIGCHLD, {sa_handler=0x44ac00, sa_mask=[], sa_flags=SA_RESTORER|SA_RESTART, sa_restorer=0x7f2e4ad9cd60}, {sa_handler=0x44ac00, sa_mask=[], sa_flags=SA_RESTORER|SA_RESTART, sa_restorer=0x7f2e4ad9cd60}, 8) = 0
close(4)                                = 0
rt_sigprocmask(SIG_BLOCK, [INT], [], 8) = 0
read(3, "/etc/static/nsswitch.conf\n", 4096) = 26
read(3, "", 4096)                       = 0
close(3)                                = 0
rt_sigprocmask(SIG_SETMASK, [], NULL, 8) = 0
--- SIGCHLD {si_signo=SIGCHLD, si_code=CLD_EXITED, si_pid=1496072, si_uid=1000, si_status=0, si_utime=0, si_stime=0} ---
wait4(-1, [{WIFEXITED(s) && WEXITSTATUS(s) == 0}], WNOHANG, NULL) = 1496072
wait4(-1, 0x7ffeada88bd0, WNOHANG, NULL) = -1 ECHILD (No child processes)
rt_sigreturn({mask=[]})                 = 0
rt_sigprocmask(SIG_BLOCK, [CHLD], [], 8) = 0
rt_sigaction(SIGINT, {sa_handler=0x447df0, sa_mask=[], sa_flags=SA_RESTORER, sa_restorer=0x7f2e4ad9cd60}, {sa_handler=SIG_DFL, sa_mask=[], sa_flags=SA_RESTORER, sa_restorer=0x7f2e4ad9cd60}, 8) = 0
rt_sigaction(SIGINT, {sa_handler=SIG_DFL, sa_mask=[], sa_flags=SA_RESTORER, sa_restorer=0x7f2e4ad9cd60}, {sa_handler=0x447df0, sa_mask=[], sa_flags=SA_RESTORER, sa_restorer=0x7f2e4ad9cd60}, 8) = 0
rt_sigprocmask(SIG_SETMASK, [], NULL, 8) = 0
brk(0xfca000)                           = 0xfca000
brk(0xfcb000)                           = 0xfcb000
brk(0xfcc000)                           = 0xfcc000
brk(0xfcd000)                           = 0xfcd000
brk(0xfce000)                           = 0xfce000
brk(0xfcf000)                           = 0xfcf000
newfstatat(AT_FDCWD, "/etc/profiles", {st_mode=S_IFDIR|0755, st_size=4096, ...}, AT_SYMLINK_NOFOLLOW) = 0
brk(0xfd0000)                           = 0xfd0000
brk(0xfd1000)                           = 0xfd1000
brk(0xfd2000)                           = 0xfd2000
newfstatat(AT_FDCWD, "/etc/sudoers", {st_mode=S_IFREG|0440, st_size=481, ...}, AT_SYMLINK_NOFOLLOW) = 0
newfstatat(AT_FDCWD, "/etc/sudoers.d", 0x7ffeada899b0, AT_SYMLINK_NOFOLLOW) = -1 ENOENT (No such file or directory)
newfstatat(AT_FDCWD, "/etc/localtime", {st_mode=S_IFLNK|0777, st_size=33, ...}, AT_SYMLINK_NOFOLLOW) = 0
rt_sigprocmask(SIG_BLOCK, NULL, [], 8)  = 0
rt_sigprocmask(SIG_BLOCK, NULL, [], 8)  = 0
pipe2([3, 4], 0)                        = 0
rt_sigprocmask(SIG_BLOCK, [CHLD], [], 8) = 0
rt_sigprocmask(SIG_SETMASK, [], NULL, 8) = 0
rt_sigprocmask(SIG_BLOCK, NULL, [], 8)  = 0
rt_sigprocmask(SIG_BLOCK, [INT TERM CHLD], [], 8) = 0
clone(child_stack=NULL, flags=CLONE_CHILD_CLEARTID|CLONE_CHILD_SETTID|SIGCHLD, child_tidptr=0x7f2e4ad61a10) = 1496073
rt_sigprocmask(SIG_SETMASK, [], NULL, 8) = 0
rt_sigaction(SIGCHLD, {sa_handler=0x44ac00, sa_mask=[], sa_flags=SA_RESTORER|SA_RESTART, sa_restorer=0x7f2e4ad9cd60}, {sa_handler=0x44ac00, sa_mask=[], sa_flags=SA_RESTORER|SA_RESTART, sa_restorer=0x7f2e4ad9cd60}, 8) = 0
close(4)                                = 0
rt_sigprocmask(SIG_BLOCK, [INT], [], 8) = 0
read(3, "/etc/zoneinfo/America/Los_Angele"..., 4096) = 34
read(3, "", 4096)                       = 0
close(3)                                = 0
rt_sigprocmask(SIG_SETMASK, [], NULL, 8) = 0
--- SIGCHLD {si_signo=SIGCHLD, si_code=CLD_EXITED, si_pid=1496073, si_uid=1000, si_status=0, si_utime=0, si_stime=0} ---
wait4(-1, [{WIFEXITED(s) && WEXITSTATUS(s) == 0}], WNOHANG, NULL) = 1496073
wait4(-1, 0x7ffeada88bd0, WNOHANG, NULL) = -1 ECHILD (No child processes)
rt_sigreturn({mask=[]})                 = 0
rt_sigprocmask(SIG_BLOCK, [CHLD], [], 8) = 0
rt_sigaction(SIGINT, {sa_handler=0x447df0, sa_mask=[], sa_flags=SA_RESTORER, sa_restorer=0x7f2e4ad9cd60}, {sa_handler=SIG_DFL, sa_mask=[], sa_flags=SA_RESTORER, sa_restorer=0x7f2e4ad9cd60}, 8) = 0
rt_sigaction(SIGINT, {sa_handler=SIG_DFL, sa_mask=[], sa_flags=SA_RESTORER, sa_restorer=0x7f2e4ad9cd60}, {sa_handler=0x447df0, sa_mask=[], sa_flags=SA_RESTORER, sa_restorer=0x7f2e4ad9cd60}, 8) = 0
rt_sigprocmask(SIG_SETMASK, [], NULL, 8) = 0
newfstatat(AT_FDCWD, "/etc/zoneinfo", {st_mode=S_IFLNK|0777, st_size=20, ...}, AT_SYMLINK_NOFOLLOW) = 0
rt_sigprocmask(SIG_BLOCK, NULL, [], 8)  = 0
rt_sigprocmask(SIG_BLOCK, NULL, [], 8)  = 0
pipe2([3, 4], 0)                        = 0
rt_sigprocmask(SIG_BLOCK, [CHLD], [], 8) = 0
rt_sigprocmask(SIG_SETMASK, [], NULL, 8) = 0
rt_sigprocmask(SIG_BLOCK, NULL, [], 8)  = 0
rt_sigprocmask(SIG_BLOCK, [INT TERM CHLD], [], 8) = 0
clone(child_stack=NULL, flags=CLONE_CHILD_CLEARTID|CLONE_CHILD_SETTID|SIGCHLD, child_tidptr=0x7f2e4ad61a10) = 1496074
rt_sigprocmask(SIG_SETMASK, [], NULL, 8) = 0
rt_sigaction(SIGCHLD, {sa_handler=0x44ac00, sa_mask=[], sa_flags=SA_RESTORER|SA_RESTART, sa_restorer=0x7f2e4ad9cd60}, {sa_handler=0x44ac00, sa_mask=[], sa_flags=SA_RESTORER|SA_RESTART, sa_restorer=0x7f2e4ad9cd60}, 8) = 0
close(4)                                = 0
rt_sigprocmask(SIG_BLOCK, [INT], [], 8) = 0
read(3, "/etc/static/zoneinfo\n", 4096) = 21
read(3, "", 4096)                       = 0
close(3)                                = 0
rt_sigprocmask(SIG_SETMASK, [], NULL, 8) = 0
--- SIGCHLD {si_signo=SIGCHLD, si_code=CLD_EXITED, si_pid=1496074, si_uid=1000, si_status=0, si_utime=0, si_stime=0} ---
wait4(-1, [{WIFEXITED(s) && WEXITSTATUS(s) == 0}], WNOHANG, NULL) = 1496074
wait4(-1, 0x7ffeada88bd0, WNOHANG, NULL) = -1 ECHILD (No child processes)
rt_sigreturn({mask=[]})                 = 0
rt_sigprocmask(SIG_BLOCK, [CHLD], [], 8) = 0
rt_sigaction(SIGINT, {sa_handler=0x447df0, sa_mask=[], sa_flags=SA_RESTORER, sa_restorer=0x7f2e4ad9cd60}, {sa_handler=SIG_DFL, sa_mask=[], sa_flags=SA_RESTORER, sa_restorer=0x7f2e4ad9cd60}, 8) = 0
rt_sigaction(SIGINT, {sa_handler=SIG_DFL, sa_mask=[], sa_flags=SA_RESTORER, sa_restorer=0x7f2e4ad9cd60}, {sa_handler=0x447df0, sa_mask=[], sa_flags=SA_RESTORER, sa_restorer=0x7f2e4ad9cd60}, 8) = 0
rt_sigprocmask(SIG_SETMASK, [], NULL, 8) = 0
newfstatat(AT_FDCWD, "/etc/machine-id", {st_mode=S_IFREG|0444, st_size=33, ...}, AT_SYMLINK_NOFOLLOW) = 0
newfstatat(AT_FDCWD, "/etc/os-release", {st_mode=S_IFLNK|0777, st_size=22, ...}, AT_SYMLINK_NOFOLLOW) = 0
rt_sigprocmask(SIG_BLOCK, NULL, [], 8)  = 0
rt_sigprocmask(SIG_BLOCK, NULL, [], 8)  = 0
pipe2([3, 4], 0)                        = 0
rt_sigprocmask(SIG_BLOCK, [CHLD], [], 8) = 0
rt_sigprocmask(SIG_SETMASK, [], NULL, 8) = 0
rt_sigprocmask(SIG_BLOCK, NULL, [], 8)  = 0
rt_sigprocmask(SIG_BLOCK, [INT TERM CHLD], [], 8) = 0
clone(child_stack=NULL, flags=CLONE_CHILD_CLEARTID|CLONE_CHILD_SETTID|SIGCHLD, child_tidptr=0x7f2e4ad61a10) = 1496075
rt_sigprocmask(SIG_SETMASK, [], NULL, 8) = 0
rt_sigaction(SIGCHLD, {sa_handler=0x44ac00, sa_mask=[], sa_flags=SA_RESTORER|SA_RESTART, sa_restorer=0x7f2e4ad9cd60}, {sa_handler=0x44ac00, sa_mask=[], sa_flags=SA_RESTORER|SA_RESTART, sa_restorer=0x7f2e4ad9cd60}, 8) = 0
close(4)                                = 0
rt_sigprocmask(SIG_BLOCK, [INT], [], 8) = 0
read(3, "/etc/static/os-release\n", 4096) = 23
read(3, "", 4096)                       = 0
close(3)                                = 0
rt_sigprocmask(SIG_SETMASK, [], NULL, 8) = 0
--- SIGCHLD {si_signo=SIGCHLD, si_code=CLD_EXITED, si_pid=1496075, si_uid=1000, si_status=0, si_utime=0, si_stime=0} ---
wait4(-1, [{WIFEXITED(s) && WEXITSTATUS(s) == 0}], WNOHANG, NULL) = 1496075
wait4(-1, 0x7ffeada88bd0, WNOHANG, NULL) = -1 ECHILD (No child processes)
rt_sigreturn({mask=[]})                 = 0
rt_sigprocmask(SIG_BLOCK, [CHLD], [], 8) = 0
rt_sigaction(SIGINT, {sa_handler=0x447df0, sa_mask=[], sa_flags=SA_RESTORER, sa_restorer=0x7f2e4ad9cd60}, {sa_handler=SIG_DFL, sa_mask=[], sa_flags=SA_RESTORER, sa_restorer=0x7f2e4ad9cd60}, 8) = 0
rt_sigaction(SIGINT, {sa_handler=SIG_DFL, sa_mask=[], sa_flags=SA_RESTORER, sa_restorer=0x7f2e4ad9cd60}, {sa_handler=0x447df0, sa_mask=[], sa_flags=SA_RESTORER, sa_restorer=0x7f2e4ad9cd60}, 8) = 0
rt_sigprocmask(SIG_SETMASK, [], NULL, 8) = 0
newfstatat(AT_FDCWD, "/etc/fonts", {st_mode=S_IFLNK|0777, st_size=17, ...}, AT_SYMLINK_NOFOLLOW) = 0
rt_sigprocmask(SIG_BLOCK, NULL, [], 8)  = 0
rt_sigprocmask(SIG_BLOCK, NULL, [], 8)  = 0
pipe2([3, 4], 0)                        = 0
rt_sigprocmask(SIG_BLOCK, [CHLD], [], 8) = 0
rt_sigprocmask(SIG_SETMASK, [], NULL, 8) = 0
rt_sigprocmask(SIG_BLOCK, NULL, [], 8)  = 0
rt_sigprocmask(SIG_BLOCK, [INT TERM CHLD], [], 8) = 0
clone(child_stack=NULL, flags=CLONE_CHILD_CLEARTID|CLONE_CHILD_SETTID|SIGCHLD, child_tidptr=0x7f2e4ad61a10) = 1496076
rt_sigprocmask(SIG_SETMASK, [], NULL, 8) = 0
rt_sigaction(SIGCHLD, {sa_handler=0x44ac00, sa_mask=[], sa_flags=SA_RESTORER|SA_RESTART, sa_restorer=0x7f2e4ad9cd60}, {sa_handler=0x44ac00, sa_mask=[], sa_flags=SA_RESTORER|SA_RESTART, sa_restorer=0x7f2e4ad9cd60}, 8) = 0
close(4)                                = 0
rt_sigprocmask(SIG_BLOCK, [INT], [], 8) = 0
read(3, "/etc/static/fonts\n", 4096)    = 18
read(3, "", 4096)                       = 0
close(3)                                = 0
rt_sigprocmask(SIG_SETMASK, [], NULL, 8) = 0
--- SIGCHLD {si_signo=SIGCHLD, si_code=CLD_EXITED, si_pid=1496076, si_uid=1000, si_status=0, si_utime=0, si_stime=0} ---
wait4(-1, [{WIFEXITED(s) && WEXITSTATUS(s) == 0}], WNOHANG, NULL) = 1496076
wait4(-1, 0x7ffeada88bd0, WNOHANG, NULL) = -1 ECHILD (No child processes)
rt_sigreturn({mask=[]})                 = 0
rt_sigprocmask(SIG_BLOCK, [CHLD], [], 8) = 0
rt_sigaction(SIGINT, {sa_handler=0x447df0, sa_mask=[], sa_flags=SA_RESTORER, sa_restorer=0x7f2e4ad9cd60}, {sa_handler=SIG_DFL, sa_mask=[], sa_flags=SA_RESTORER, sa_restorer=0x7f2e4ad9cd60}, 8) = 0
rt_sigaction(SIGINT, {sa_handler=SIG_DFL, sa_mask=[], sa_flags=SA_RESTORER, sa_restorer=0x7f2e4ad9cd60}, {sa_handler=0x447df0, sa_mask=[], sa_flags=SA_RESTORER, sa_restorer=0x7f2e4ad9cd60}, 8) = 0
rt_sigprocmask(SIG_SETMASK, [], NULL, 8) = 0
newfstatat(AT_FDCWD, "/etc/alsa", {st_mode=S_IFDIR|0755, st_size=4096, ...}, AT_SYMLINK_NOFOLLOW) = 0
newfstatat(AT_FDCWD, "/etc/asound.conf", 0x7ffeada899b0, AT_SYMLINK_NOFOLLOW) = -1 ENOENT (No such file or directory)
newfstatat(AT_FDCWD, "/etc/ssl/certs", {st_mode=S_IFDIR|0755, st_size=4096, ...}, AT_SYMLINK_NOFOLLOW) = 0
newfstatat(AT_FDCWD, "/etc/ca-certificates", 0x7ffeada899b0, AT_SYMLINK_NOFOLLOW) = -1 ENOENT (No such file or directory)
newfstatat(AT_FDCWD, "/etc/pki", {st_mode=S_IFDIR|0755, st_size=4096, ...}, AT_SYMLINK_NOFOLLOW) = 0
read(255, "\ndeclare -a auto_mounts\n# loop t"..., 4337) = 2612
openat(AT_FDCWD, "/", O_RDONLY|O_NONBLOCK|O_CLOEXEC|O_DIRECTORY) = 3
newfstatat(3, "", {st_mode=S_IFDIR|0755, st_size=4096, ...}, AT_EMPTY_PATH) = 0
brk(0xfe2000)                           = 0xfe2000
getdents64(3, 0xfd2040 /* 20 entries */, 32768) = 496
getdents64(3, 0xfd2040 /* 0 entries */, 32768) = 0
brk(0xfd2000)                           = 0xfd2000
close(3)                                = 0
newfstatat(AT_FDCWD, "/bin", {st_mode=S_IFDIR|0755, st_size=4096, ...}, 0) = 0
newfstatat(AT_FDCWD, "/boot", {st_mode=S_IFDIR|0755, st_size=16384, ...}, 0) = 0
newfstatat(AT_FDCWD, "/dev", {st_mode=S_IFDIR|0755, st_size=3840, ...}, 0) = 0
newfstatat(AT_FDCWD, "/etc", {st_mode=S_IFDIR|0755, st_size=4096, ...}, 0) = 0
newfstatat(AT_FDCWD, "/home", {st_mode=S_IFDIR|0755, st_size=4096, ...}, 0) = 0
newfstatat(AT_FDCWD, "/lib64", {st_mode=S_IFDIR|0755, st_size=4096, ...}, 0) = 0
newfstatat(AT_FDCWD, "/lost+found", {st_mode=S_IFDIR|0700, st_size=16384, ...}, 0) = 0
newfstatat(AT_FDCWD, "/mnt", {st_mode=S_IFDIR|0755, st_size=4096, ...}, 0) = 0
newfstatat(AT_FDCWD, "/nix", {st_mode=S_IFDIR|0755, st_size=4096, ...}, 0) = 0
newfstatat(AT_FDCWD, "/opt", {st_mode=S_IFDIR|0711, st_size=4096, ...}, 0) = 0
newfstatat(AT_FDCWD, "/proc", {st_mode=S_IFDIR|0555, st_size=0, ...}, 0) = 0
newfstatat(AT_FDCWD, "/root", {st_mode=S_IFDIR|0700, st_size=4096, ...}, 0) = 0
newfstatat(AT_FDCWD, "/run", {st_mode=S_IFDIR|0755, st_size=760, ...}, 0) = 0
newfstatat(AT_FDCWD, "/srv", {st_mode=S_IFDIR|0755, st_size=4096, ...}, 0) = 0
newfstatat(AT_FDCWD, "/sys", {st_mode=S_IFDIR|0555, st_size=0, ...}, 0) = 0
newfstatat(AT_FDCWD, "/tmp", {st_mode=S_IFDIR|S_ISVTX|0777, st_size=69632, ...}, 0) = 0
newfstatat(AT_FDCWD, "/usr", {st_mode=S_IFDIR|0755, st_size=4096, ...}, 0) = 0
newfstatat(AT_FDCWD, "/var", {st_mode=S_IFDIR|0755, st_size=4096, ...}, 0) = 0
rt_sigprocmask(SIG_BLOCK, NULL, [], 8)  = 0
rt_sigprocmask(SIG_BLOCK, NULL, [], 8)  = 0
pipe2([3, 4], 0)                        = 0
rt_sigprocmask(SIG_BLOCK, [CHLD], [], 8) = 0
rt_sigprocmask(SIG_SETMASK, [], NULL, 8) = 0
rt_sigprocmask(SIG_BLOCK, NULL, [], 8)  = 0
rt_sigprocmask(SIG_BLOCK, [INT TERM CHLD], [], 8) = 0
lseek(255, -18, SEEK_CUR)               = 4319
clone(child_stack=NULL, flags=CLONE_CHILD_CLEARTID|CLONE_CHILD_SETTID|SIGCHLD, child_tidptr=0x7f2e4ad61a10) = 1496077
rt_sigprocmask(SIG_SETMASK, [], NULL, 8) = 0
rt_sigaction(SIGCHLD, {sa_handler=0x44ac00, sa_mask=[], sa_flags=SA_RESTORER|SA_RESTART, sa_restorer=0x7f2e4ad9cd60}, {sa_handler=0x44ac00, sa_mask=[], sa_flags=SA_RESTORER|SA_RESTART, sa_restorer=0x7f2e4ad9cd60}, 8) = 0
close(4)                                = 0
rt_sigprocmask(SIG_BLOCK, [INT], [], 8) = 0
read(3, "/home/erahhal/Code/nixcfg\n", 4096) = 26
read(3, "", 4096)                       = 0
--- SIGCHLD {si_signo=SIGCHLD, si_code=CLD_EXITED, si_pid=1496077, si_uid=1000, si_status=0, si_utime=0, si_stime=0} ---
wait4(-1, [{WIFEXITED(s) && WEXITSTATUS(s) == 0}], WNOHANG, NULL) = 1496077
wait4(-1, 0x7ffeada87f90, WNOHANG, NULL) = -1 ECHILD (No child processes)
rt_sigreturn({mask=[INT]})              = 0
close(3)                                = 0
rt_sigprocmask(SIG_SETMASK, [], NULL, 8) = 0
rt_sigprocmask(SIG_BLOCK, [CHLD], [], 8) = 0
rt_sigaction(SIGINT, {sa_handler=0x447df0, sa_mask=[], sa_flags=SA_RESTORER, sa_restorer=0x7f2e4ad9cd60}, {sa_handler=SIG_DFL, sa_mask=[], sa_flags=SA_RESTORER, sa_restorer=0x7f2e4ad9cd60}, 8) = 0
rt_sigaction(SIGINT, {sa_handler=SIG_DFL, sa_mask=[], sa_flags=SA_RESTORER, sa_restorer=0x7f2e4ad9cd60}, {sa_handler=0x447df0, sa_mask=[], sa_flags=SA_RESTORER, sa_restorer=0x7f2e4ad9cd60}, 8) = 0
rt_sigprocmask(SIG_SETMASK, [], NULL, 8) = 0
brk(0xfd3000)                           = 0xfd3000
brk(0xfd4000)                           = 0xfd4000
brk(0xfd5000)                           = 0xfd5000
read(255, "exec \"${cmd[@]}\"\n\n", 4337) = 18
brk(0xfd6000)                           = 0xfd6000
brk(0xfd8000)                           = 0xfd8000
brk(0xfda000)                           = 0xfda000
brk(0xfd8000)                           = 0xfd8000
brk(0xfda000)                           = 0xfda000
brk(0xfd8000)                           = 0xfd8000
brk(0xfd9000)                           = 0xfd9000
brk(0xfda000)                           = 0xfda000
brk(0xfdb000)                           = 0xfdb000
brk(0xfdc000)                           = 0xfdc000
brk(0xfe0000)                           = 0xfe0000
rt_sigaction(SIGINT, {sa_handler=SIG_DFL, sa_mask=[], sa_flags=SA_RESTORER, sa_restorer=0x7f2e4ad9cd60}, {sa_handler=SIG_DFL, sa_mask=[], sa_flags=SA_RESTORER, sa_restorer=0x7f2e4ad9cd60}, 8) = 0
rt_sigaction(SIGQUIT, {sa_handler=SIG_DFL, sa_mask=[], sa_flags=SA_RESTORER, sa_restorer=0x7f2e4ad9cd60}, {sa_handler=SIG_IGN, sa_mask=[], sa_flags=SA_RESTORER, sa_restorer=0x7f2e4ad9cd60}, 8) = 0
rt_sigaction(SIGCHLD, {sa_handler=SIG_DFL, sa_mask=[], sa_flags=SA_RESTORER|SA_RESTART, sa_restorer=0x7f2e4ad9cd60}, {sa_handler=0x44ac00, sa_mask=[], sa_flags=SA_RESTORER|SA_RESTART, sa_restorer=0x7f2e4ad9cd60}, 8) = 0
lseek(255, -1, SEEK_CUR)                = 4336
execve("/nix/store/hdmv0c9wdjp088y5yyy2mfgbysc7y8h3-bubblewrap-0.8.0/bin/bwrap", ["/nix/store/hdmv0c9wdjp088y5yyy2m"..., "--dev-bind", "/dev", "/dev", "--proc", "/proc", "--chdir", "/home/erahhal/Code/nixcfg", "--unshare-user", "--unshare-ipc", "--unshare-pid", "--unshare-uts", "--unshare-cgroup", "--die-with-parent", "--ro-bind", "/nix", "/nix", "--tmpfs", "/nix/store/dg8mpqqykmw9c7l0bgzzb"..., "--symlink", "/etc/ld.so.conf", "/nix/store/dg8mpqqykmw9c7l0bgzzb"..., "--symlink", "/etc/ld.so.cache", "/nix/store/dg8mpqqykmw9c7l0bgzzb"..., "--ro-bind", "/nix/store/dg8mpqqykmw9c7l0bgzzb"..., "/nix/store/dg8mpqqykmw9c7l0bgzzb"..., "--remount-ro", "/nix/store/dg8mpqqykmw9c7l0bgzzb"..., "--tmpfs", "/nix/store/kzkcx1qdmfm608m5i71v7"..., ...], 0xfa4010 /* 246 vars */) = 0
brk(NULL)                               = 0x7d6000
arch_prctl(0x3001 /* ARCH_??? */, 0x7ffefa9eacf0) = -1 EINVAL (Invalid argument)
mmap(NULL, 8192, PROT_READ|PROT_WRITE, MAP_PRIVATE|MAP_ANONYMOUS, -1, 0) = 0x7fae3671f000
access("/etc/ld-nix.so.preload", R_OK)  = -1 ENOENT (No such file or directory)
openat(AT_FDCWD, "/nix/store/j25bk9yxdqcvrirx4vvrxpaiw1cfr0sm-pipewire-0.3.71-jack/lib/glibc-hwcaps/x86-64-v3/libselinux.so.1", O_RDONLY|O_CLOEXEC) = -1 ENOENT (No such file or directory)
newfstatat(AT_FDCWD, "/nix/store/j25bk9yxdqcvrirx4vvrxpaiw1cfr0sm-pipewire-0.3.71-jack/lib/glibc-hwcaps/x86-64-v3", 0x7ffefa9e9f20, 0) = -1 ENOENT (No such file or directory)
openat(AT_FDCWD, "/nix/store/j25bk9yxdqcvrirx4vvrxpaiw1cfr0sm-pipewire-0.3.71-jack/lib/glibc-hwcaps/x86-64-v2/libselinux.so.1", O_RDONLY|O_CLOEXEC) = -1 ENOENT (No such file or directory)
newfstatat(AT_FDCWD, "/nix/store/j25bk9yxdqcvrirx4vvrxpaiw1cfr0sm-pipewire-0.3.71-jack/lib/glibc-hwcaps/x86-64-v2", 0x7ffefa9e9f20, 0) = -1 ENOENT (No such file or directory)
openat(AT_FDCWD, "/nix/store/j25bk9yxdqcvrirx4vvrxpaiw1cfr0sm-pipewire-0.3.71-jack/lib/libselinux.so.1", O_RDONLY|O_CLOEXEC) = -1 ENOENT (No such file or directory)
newfstatat(AT_FDCWD, "/nix/store/j25bk9yxdqcvrirx4vvrxpaiw1cfr0sm-pipewire-0.3.71-jack/lib", {st_mode=S_IFDIR|0555, st_size=4096, ...}, 0) = 0
openat(AT_FDCWD, "/nix/store/xv4jzaqbdm17iq616gf0vspj24ngxg93-libcap-2.68-lib/lib/glibc-hwcaps/x86-64-v3/libselinux.so.1", O_RDONLY|O_CLOEXEC) = -1 ENOENT (No such file or directory)
newfstatat(AT_FDCWD, "/nix/store/xv4jzaqbdm17iq616gf0vspj24ngxg93-libcap-2.68-lib/lib/glibc-hwcaps/x86-64-v3", 0x7ffefa9e9f20, 0) = -1 ENOENT (No such file or directory)
openat(AT_FDCWD, "/nix/store/xv4jzaqbdm17iq616gf0vspj24ngxg93-libcap-2.68-lib/lib/glibc-hwcaps/x86-64-v2/libselinux.so.1", O_RDONLY|O_CLOEXEC) = -1 ENOENT (No such file or directory)
newfstatat(AT_FDCWD, "/nix/store/xv4jzaqbdm17iq616gf0vspj24ngxg93-libcap-2.68-lib/lib/glibc-hwcaps/x86-64-v2", 0x7ffefa9e9f20, 0) = -1 ENOENT (No such file or directory)
openat(AT_FDCWD, "/nix/store/xv4jzaqbdm17iq616gf0vspj24ngxg93-libcap-2.68-lib/lib/libselinux.so.1", O_RDONLY|O_CLOEXEC) = -1 ENOENT (No such file or directory)
newfstatat(AT_FDCWD, "/nix/store/xv4jzaqbdm17iq616gf0vspj24ngxg93-libcap-2.68-lib/lib", {st_mode=S_IFDIR|0555, st_size=4096, ...}, 0) = 0
openat(AT_FDCWD, "/nix/store/k2b3xdkdflrv38wz8a311dhvac0v1rrb-libselinux-3.3/lib/glibc-hwcaps/x86-64-v3/libselinux.so.1", O_RDONLY|O_CLOEXEC) = -1 ENOENT (No such file or directory)
newfstatat(AT_FDCWD, "/nix/store/k2b3xdkdflrv38wz8a311dhvac0v1rrb-libselinux-3.3/lib/glibc-hwcaps/x86-64-v3", 0x7ffefa9e9f20, 0) = -1 ENOENT (No such file or directory)
openat(AT_FDCWD, "/nix/store/k2b3xdkdflrv38wz8a311dhvac0v1rrb-libselinux-3.3/lib/glibc-hwcaps/x86-64-v2/libselinux.so.1", O_RDONLY|O_CLOEXEC) = -1 ENOENT (No such file or directory)
newfstatat(AT_FDCWD, "/nix/store/k2b3xdkdflrv38wz8a311dhvac0v1rrb-libselinux-3.3/lib/glibc-hwcaps/x86-64-v2", 0x7ffefa9e9f20, 0) = -1 ENOENT (No such file or directory)
openat(AT_FDCWD, "/nix/store/k2b3xdkdflrv38wz8a311dhvac0v1rrb-libselinux-3.3/lib/libselinux.so.1", O_RDONLY|O_CLOEXEC) = 3
read(3, "\177ELF\2\1\1\0\0\0\0\0\0\0\0\0\3\0>\0\1\0\0\0\0\0\0\0\0\0\0\0"..., 832) = 832
newfstatat(3, "", {st_mode=S_IFREG|0555, st_size=200040, ...}, AT_EMPTY_PATH) = 0
mmap(NULL, 181456, PROT_READ, MAP_PRIVATE|MAP_DENYWRITE, 3, 0) = 0x7fae366f2000
mmap(0x7fae366f9000, 106496, PROT_READ|PROT_EXEC, MAP_PRIVATE|MAP_FIXED|MAP_DENYWRITE, 3, 0x7000) = 0x7fae366f9000
mmap(0x7fae36713000, 32768, PROT_READ, MAP_PRIVATE|MAP_FIXED|MAP_DENYWRITE, 3, 0x21000) = 0x7fae36713000
mmap(0x7fae3671b000, 8192, PROT_READ|PROT_WRITE, MAP_PRIVATE|MAP_FIXED|MAP_DENYWRITE, 3, 0x28000) = 0x7fae3671b000
mmap(0x7fae3671d000, 5328, PROT_READ|PROT_WRITE, MAP_PRIVATE|MAP_FIXED|MAP_ANONYMOUS, -1, 0) = 0x7fae3671d000
close(3)                                = 0
openat(AT_FDCWD, "/nix/store/j25bk9yxdqcvrirx4vvrxpaiw1cfr0sm-pipewire-0.3.71-jack/lib/libcap.so.2", O_RDONLY|O_CLOEXEC) = -1 ENOENT (No such file or directory)
openat(AT_FDCWD, "/nix/store/xv4jzaqbdm17iq616gf0vspj24ngxg93-libcap-2.68-lib/lib/libcap.so.2", O_RDONLY|O_CLOEXEC) = 3
read(3, "\177ELF\2\1\1\0\0\0\0\0\0\0\0\0\3\0>\0\1\0\0\0\200t\0\0\0\0\0\0"..., 832) = 832
newfstatat(3, "", {st_mode=S_IFREG|0555, st_size=52576, ...}, AT_EMPTY_PATH) = 0
mmap(NULL, 45128, PROT_READ, MAP_PRIVATE|MAP_DENYWRITE, 3, 0) = 0x7fae366e6000
mmap(0x7fae366e9000, 20480, PROT_READ|PROT_EXEC, MAP_PRIVATE|MAP_FIXED|MAP_DENYWRITE, 3, 0x3000) = 0x7fae366e9000
mmap(0x7fae366ee000, 8192, PROT_READ, MAP_PRIVATE|MAP_FIXED|MAP_DENYWRITE, 3, 0x8000) = 0x7fae366ee000
mmap(0x7fae366f0000, 8192, PROT_READ|PROT_WRITE, MAP_PRIVATE|MAP_FIXED|MAP_DENYWRITE, 3, 0xa000) = 0x7fae366f0000
close(3)                                = 0
openat(AT_FDCWD, "/nix/store/j25bk9yxdqcvrirx4vvrxpaiw1cfr0sm-pipewire-0.3.71-jack/lib/libc.so.6", O_RDONLY|O_CLOEXEC) = -1 ENOENT (No such file or directory)
openat(AT_FDCWD, "/nix/store/xv4jzaqbdm17iq616gf0vspj24ngxg93-libcap-2.68-lib/lib/libc.so.6", O_RDONLY|O_CLOEXEC) = -1 ENOENT (No such file or directory)
openat(AT_FDCWD, "/nix/store/k2b3xdkdflrv38wz8a311dhvac0v1rrb-libselinux-3.3/lib/libc.so.6", O_RDONLY|O_CLOEXEC) = -1 ENOENT (No such file or directory)
openat(AT_FDCWD, "/nix/store/dg8mpqqykmw9c7l0bgzzb5znkymlbfjw-glibc-2.37-8/lib/glibc-hwcaps/x86-64-v3/libc.so.6", O_RDONLY|O_CLOEXEC) = -1 ENOENT (No such file or directory)
newfstatat(AT_FDCWD, "/nix/store/dg8mpqqykmw9c7l0bgzzb5znkymlbfjw-glibc-2.37-8/lib/glibc-hwcaps/x86-64-v3", 0x7ffefa9e9ee0, 0) = -1 ENOENT (No such file or directory)
openat(AT_FDCWD, "/nix/store/dg8mpqqykmw9c7l0bgzzb5znkymlbfjw-glibc-2.37-8/lib/glibc-hwcaps/x86-64-v2/libc.so.6", O_RDONLY|O_CLOEXEC) = -1 ENOENT (No such file or directory)
newfstatat(AT_FDCWD, "/nix/store/dg8mpqqykmw9c7l0bgzzb5znkymlbfjw-glibc-2.37-8/lib/glibc-hwcaps/x86-64-v2", 0x7ffefa9e9ee0, 0) = -1 ENOENT (No such file or directory)
openat(AT_FDCWD, "/nix/store/dg8mpqqykmw9c7l0bgzzb5znkymlbfjw-glibc-2.37-8/lib/libc.so.6", O_RDONLY|O_CLOEXEC) = 3
read(3, "\177ELF\2\1\1\3\0\0\0\0\0\0\0\0\3\0>\0\1\0\0\0\220<\2\0\0\0\0\0"..., 832) = 832
pread64(3, "\6\0\0\0\4\0\0\0@\0\0\0\0\0\0\0@\0\0\0\0\0\0\0@\0\0\0\0\0\0\0"..., 784, 64) = 784
newfstatat(3, "", {st_mode=S_IFREG|0555, st_size=2252696, ...}, AT_EMPTY_PATH) = 0
pread64(3, "\6\0\0\0\4\0\0\0@\0\0\0\0\0\0\0@\0\0\0\0\0\0\0@\0\0\0\0\0\0\0"..., 784, 64) = 784
mmap(NULL, 1990000, PROT_READ, MAP_PRIVATE|MAP_DENYWRITE, 3, 0) = 0x7fae36500000
mmap(0x7fae36522000, 1413120, PROT_READ|PROT_EXEC, MAP_PRIVATE|MAP_FIXED|MAP_DENYWRITE, 3, 0x22000) = 0x7fae36522000
mmap(0x7fae3667b000, 360448, PROT_READ, MAP_PRIVATE|MAP_FIXED|MAP_DENYWRITE, 3, 0x17b000) = 0x7fae3667b000
mmap(0x7fae366d3000, 24576, PROT_READ|PROT_WRITE, MAP_PRIVATE|MAP_FIXED|MAP_DENYWRITE, 3, 0x1d3000) = 0x7fae366d3000
mmap(0x7fae366d9000, 52592, PROT_READ|PROT_WRITE, MAP_PRIVATE|MAP_FIXED|MAP_ANONYMOUS, -1, 0) = 0x7fae366d9000
close(3)                                = 0
openat(AT_FDCWD, "/nix/store/j25bk9yxdqcvrirx4vvrxpaiw1cfr0sm-pipewire-0.3.71-jack/lib/libpcre.so.1", O_RDONLY|O_CLOEXEC) = -1 ENOENT (No such file or directory)
openat(AT_FDCWD, "/nix/store/wkp4n3pwapq9pxv9f0341n5l9im4im1v-pcre-8.45/lib/glibc-hwcaps/x86-64-v3/libpcre.so.1", O_RDONLY|O_CLOEXEC) = -1 ENOENT (No such file or directory)
newfstatat(AT_FDCWD, "/nix/store/wkp4n3pwapq9pxv9f0341n5l9im4im1v-pcre-8.45/lib/glibc-hwcaps/x86-64-v3", 0x7ffefa9e9ec0, 0) = -1 ENOENT (No such file or directory)
openat(AT_FDCWD, "/nix/store/wkp4n3pwapq9pxv9f0341n5l9im4im1v-pcre-8.45/lib/glibc-hwcaps/x86-64-v2/libpcre.so.1", O_RDONLY|O_CLOEXEC) = -1 ENOENT (No such file or directory)
newfstatat(AT_FDCWD, "/nix/store/wkp4n3pwapq9pxv9f0341n5l9im4im1v-pcre-8.45/lib/glibc-hwcaps/x86-64-v2", 0x7ffefa9e9ec0, 0) = -1 ENOENT (No such file or directory)
openat(AT_FDCWD, "/nix/store/wkp4n3pwapq9pxv9f0341n5l9im4im1v-pcre-8.45/lib/libpcre.so.1", O_RDONLY|O_CLOEXEC) = 3
read(3, "\177ELF\2\1\1\0\0\0\0\0\0\0\0\0\3\0>\0\1\0\0\0\0\0\0\0\0\0\0\0"..., 832) = 832
newfstatat(3, "", {st_mode=S_IFREG|0555, st_size=506304, ...}, AT_EMPTY_PATH) = 0
mmap(NULL, 495880, PROT_READ, MAP_PRIVATE|MAP_DENYWRITE, 3, 0) = 0x7fae36486000
mmap(0x7fae36488000, 364544, PROT_READ|PROT_EXEC, MAP_PRIVATE|MAP_FIXED|MAP_DENYWRITE, 3, 0x2000) = 0x7fae36488000
mmap(0x7fae364e1000, 118784, PROT_READ, MAP_PRIVATE|MAP_FIXED|MAP_DENYWRITE, 3, 0x5b000) = 0x7fae364e1000
mmap(0x7fae364fe000, 8192, PROT_READ|PROT_WRITE, MAP_PRIVATE|MAP_FIXED|MAP_DENYWRITE, 3, 0x77000) = 0x7fae364fe000
close(3)                                = 0
openat(AT_FDCWD, "/nix/store/j25bk9yxdqcvrirx4vvrxpaiw1cfr0sm-pipewire-0.3.71-jack/lib/libdl.so.2", O_RDONLY|O_CLOEXEC) = -1 ENOENT (No such file or directory)
openat(AT_FDCWD, "/nix/store/wkp4n3pwapq9pxv9f0341n5l9im4im1v-pcre-8.45/lib/libdl.so.2", O_RDONLY|O_CLOEXEC) = -1 ENOENT (No such file or directory)
openat(AT_FDCWD, "/nix/store/dg8mpqqykmw9c7l0bgzzb5znkymlbfjw-glibc-2.37-8/lib/libdl.so.2", O_RDONLY|O_CLOEXEC) = 3
read(3, "\177ELF\2\1\1\0\0\0\0\0\0\0\0\0\3\0>\0\1\0\0\0\0\0\0\0\0\0\0\0"..., 832) = 832
newfstatat(3, "", {st_mode=S_IFREG|0555, st_size=15688, ...}, AT_EMPTY_PATH) = 0
mmap(NULL, 8192, PROT_READ|PROT_WRITE, MAP_PRIVATE|MAP_ANONYMOUS, -1, 0) = 0x7fae36484000
mmap(NULL, 16400, PROT_READ, MAP_PRIVATE|MAP_DENYWRITE, 3, 0) = 0x7fae3647f000
mmap(0x7fae36480000, 4096, PROT_READ|PROT_EXEC, MAP_PRIVATE|MAP_FIXED|MAP_DENYWRITE, 3, 0x1000) = 0x7fae36480000
mmap(0x7fae36481000, 4096, PROT_READ, MAP_PRIVATE|MAP_FIXED|MAP_DENYWRITE, 3, 0x2000) = 0x7fae36481000
mmap(0x7fae36482000, 8192, PROT_READ|PROT_WRITE, MAP_PRIVATE|MAP_FIXED|MAP_DENYWRITE, 3, 0x2000) = 0x7fae36482000
close(3)                                = 0
mmap(NULL, 12288, PROT_READ|PROT_WRITE, MAP_PRIVATE|MAP_ANONYMOUS, -1, 0) = 0x7fae3647c000
arch_prctl(ARCH_SET_FS, 0x7fae3647c800) = 0
set_tid_address(0x7fae3647cad0)         = 1496057
set_robust_list(0x7fae3647cae0, 24)     = 0
rseq(0x7fae3647d120, 0x20, 0, 0x53053053) = 0
mprotect(0x7fae366d3000, 16384, PROT_READ) = 0
mprotect(0x7fae36482000, 4096, PROT_READ) = 0
mprotect(0x7fae364fe000, 4096, PROT_READ) = 0
mprotect(0x7fae366f0000, 4096, PROT_READ) = 0
mprotect(0x7fae3671b000, 4096, PROT_READ) = 0
mprotect(0x411000, 4096, PROT_READ)     = 0
mprotect(0x7fae36758000, 8192, PROT_READ) = 0
prlimit64(0, RLIMIT_STACK, NULL, {rlim_cur=8192*1024, rlim_max=RLIM64_INFINITY}) = 0
prctl(PR_CAPBSET_READ, CAP_MAC_OVERRIDE) = 1
prctl(PR_CAPBSET_READ, 0x30 /* CAP_??? */) = -1 EINVAL (Invalid argument)
prctl(PR_CAPBSET_READ, CAP_CHECKPOINT_RESTORE) = 1
prctl(PR_CAPBSET_READ, 0x2c /* CAP_??? */) = -1 EINVAL (Invalid argument)
prctl(PR_CAPBSET_READ, 0x2a /* CAP_??? */) = -1 EINVAL (Invalid argument)
prctl(PR_CAPBSET_READ, 0x29 /* CAP_??? */) = -1 EINVAL (Invalid argument)
statfs("/sys/fs/selinux", {f_type=SYSFS_MAGIC, f_bsize=4096, f_blocks=0, f_bfree=0, f_bavail=0, f_files=0, f_ffree=0, f_fsid={val=[0, 0]}, f_namelen=255, f_frsize=4096, f_flags=ST_VALID|ST_NOSUID|ST_NODEV|ST_NOEXEC|ST_RELATIME}) = 0
statfs("/selinux", 0x7ffefa9eacc0)      = -1 ENOENT (No such file or directory)
getrandom("\x12\x84\xf0\x50\xf5\xe7\x84\x2d", 8, GRND_NONBLOCK) = 8
brk(NULL)                               = 0x7d6000
brk(0x7f7000)                           = 0x7f7000
openat(AT_FDCWD, "/proc/filesystems", O_RDONLY|O_CLOEXEC) = 3
newfstatat(3, "", {st_mode=S_IFREG|0444, st_size=0, ...}, AT_EMPTY_PATH) = 0
read(3, "nodev\tsysfs\nnodev\ttmpfs\nnodev\tbd"..., 1024) = 405
close(3)                                = 0
openat(AT_FDCWD, "/proc/mounts", O_RDONLY|O_CLOEXEC) = 3
newfstatat(3, "", {st_mode=S_IFREG|0444, st_size=0, ...}, AT_EMPTY_PATH) = 0
read(3, "devtmpfs /dev devtmpfs rw,nosuid"..., 1024) = 1024
read(3, "rfs /sys/firmware/efi/efivars ef"..., 1024) = 1024
read(3, "0\nnet_cls /sys/fs/cgroup/net_cls"..., 1024) = 450
read(3, "", 1024)                       = 0
close(3)                                = 0
access("/etc/selinux/config", F_OK)     = -1 ENOENT (No such file or directory)
getuid()                                = 1000
getgid()                                = 100
geteuid()                               = 1000
capget({version=_LINUX_CAPABILITY_VERSION_3, pid=0}, {effective=0, permitted=0, inheritable=0}) = 0
prctl(PR_SET_NO_NEW_PRIVS, 1, 0, 0, 0)  = 0
openat(AT_FDCWD, "/proc/sys/kernel/overflowuid", O_RDONLY|O_CLOEXEC) = 3
read(3, "65534\n", 4079)                = 6
read(3, "", 4073)                       = 0
close(3)                                = 0
openat(AT_FDCWD, "/proc/sys/kernel/overflowgid", O_RDONLY|O_CLOEXEC) = 3
read(3, "65534\n", 4079)                = 6
read(3, "", 4073)                       = 0
close(3)                                = 0
ioctl(1, TCGETS, {c_iflag=ICRNL|IXON|IUTF8, c_oflag=NL0|CR0|TAB0|BS0|VT0|FF0|OPOST|ONLCR, c_cflag=B38400|CS8|CREAD, c_lflag=ISIG|ICANON|ECHO|ECHOE|ECHOK|IEXTEN|ECHOCTL|ECHOKE, ...}) = 0
ioctl(1, TCGETS, {c_iflag=ICRNL|IXON|IUTF8, c_oflag=NL0|CR0|TAB0|BS0|VT0|FF0|OPOST|ONLCR, c_cflag=B38400|CS8|CREAD, c_lflag=ISIG|ICANON|ECHO|ECHOE|ECHOK|IEXTEN|ECHOCTL|ECHOKE, ...}) = 0
ioctl(1, TCGETS, {c_iflag=ICRNL|IXON|IUTF8, c_oflag=NL0|CR0|TAB0|BS0|VT0|FF0|OPOST|ONLCR, c_cflag=B38400|CS8|CREAD, c_lflag=ISIG|ICANON|ECHO|ECHOE|ECHOK|IEXTEN|ECHOCTL|ECHOKE, ...}) = 0
newfstatat(1, "", {st_mode=S_IFCHR|0620, st_rdev=makedev(0x88, 0x2), ...}, AT_EMPTY_PATH) = 0
readlink("/proc/self/fd/1", "/dev/pts/2", 4095) = 10
newfstatat(AT_FDCWD, "/dev/pts/2", {st_mode=S_IFCHR|0620, st_rdev=makedev(0x88, 0x2), ...}, 0) = 0
getuid()                                = 1000
openat(AT_FDCWD, "/proc", O_RDONLY|O_PATH) = 3
eventfd2(0, EFD_CLOEXEC|EFD_NONBLOCK)   = 4
rt_sigprocmask(SIG_BLOCK, [CHLD], NULL, 8) = 0
wait4(-1, 0x7ffefa9e8b90, WNOHANG, NULL) = -1 ECHILD (No child processes)
newfstatat(AT_FDCWD, "/proc/self/ns/cgroup", {st_mode=S_IFREG|0444, st_size=0, ...}, 0) = 0
eventfd2(0, EFD_CLOEXEC)                = 5
clone(child_stack=NULL, flags=CLONE_NEWNS|CLONE_NEWCGROUP|CLONE_NEWUTS|CLONE_NEWIPC|CLONE_NEWUSER|CLONE_NEWPID|SIGCHLD) = 1496078
openat(3, "1496078/ns", O_RDONLY|O_PATH) = 6
newfstatat(6, "cgroup", {st_mode=S_IFREG|0444, st_size=0, ...}, 0) = 0
newfstatat(6, "ipc", {st_mode=S_IFREG|0444, st_size=0, ...}, 0) = 0
newfstatat(6, "mnt", {st_mode=S_IFREG|0444, st_size=0, ...}, 0) = 0
newfstatat(6, "pid", {st_mode=S_IFREG|0444, st_size=0, ...}, 0) = 0
newfstatat(6, "uts", {st_mode=S_IFREG|0444, st_size=0, ...}, 0) = 0
close(6)                                = 0
capset({version=_LINUX_CAPABILITY_VERSION_3, pid=0}, {effective=0, permitted=0, inheritable=0}) = 0
prctl(PR_SET_DUMPABLE, SUID_DUMP_USER)  = 0
prctl(PR_SET_PDEATHSIG, SIGKILL)        = 0
write(5, "\1\0\0\0\0\0\0\0", 8)         = 8
close(5)                                = 0
openat(3, "self/fd", O_RDONLY|O_NOCTTY|O_NONBLOCK|O_CLOEXEC|O_DIRECTORY) = 5
newfstatat(5, "", {st_mode=S_IFDIR|0500, st_size=6, ...}, AT_EMPTY_PATH) = 0
fcntl(5, F_GETFL)                       = 0x18800 (flags O_RDONLY|O_NONBLOCK|O_LARGEFILE|O_DIRECTORY)
fcntl(5, F_SETFD, FD_CLOEXEC)           = 0
getdents64(5, 0x7d8af0 /* 8 entries */, 32768) = 192
close(3)                                = 0
getdents64(5, 0x7d8af0 /* 0 entries */, 32768) = 0
close(5)                                = 0
signalfd4(-1, [CHLD], 8, SFD_CLOEXEC|SFD_NONBLOCK) = 3
poll([{fd=3, events=POLLIN}, {fd=4, events=POLLIN}], 2, -1) = 1 ([{fd=4, revents=POLLIN}])
read(4, "\1\0\0\0\0\0\0\0", 8)          = 8
exit_group(0)                           = ?
+++ exited with 0 +++
