execve("/run/current-system/sw/bin/pulse-secure", ["pulse-secure"], 0x7fff079d1a50 /* 247 vars */) = 0
brk(NULL)                               = 0x77c000
arch_prctl(0x3001 /* ARCH_??? */, 0x7fff65d71f10) = -1 EINVAL (Invalid argument)
mmap(NULL, 8192, PROT_READ|PROT_WRITE, MAP_PRIVATE|MAP_ANONYMOUS, -1, 0) = 0x7f79c3eea000
access("/etc/ld-nix.so.preload", R_OK)  = -1 ENOENT (No such file or directory)
openat(AT_FDCWD, "/nix/store/j25bk9yxdqcvrirx4vvrxpaiw1cfr0sm-pipewire-0.3.71-jack/lib/glibc-hwcaps/x86-64-v3/libdl.so.2", O_RDONLY|O_CLOEXEC) = -1 ENOENT (No such file or directory)
newfstatat(AT_FDCWD, "/nix/store/j25bk9yxdqcvrirx4vvrxpaiw1cfr0sm-pipewire-0.3.71-jack/lib/glibc-hwcaps/x86-64-v3", 0x7fff65d71140, 0) = -1 ENOENT (No such file or directory)
openat(AT_FDCWD, "/nix/store/j25bk9yxdqcvrirx4vvrxpaiw1cfr0sm-pipewire-0.3.71-jack/lib/glibc-hwcaps/x86-64-v2/libdl.so.2", O_RDONLY|O_CLOEXEC) = -1 ENOENT (No such file or directory)
newfstatat(AT_FDCWD, "/nix/store/j25bk9yxdqcvrirx4vvrxpaiw1cfr0sm-pipewire-0.3.71-jack/lib/glibc-hwcaps/x86-64-v2", 0x7fff65d71140, 0) = -1 ENOENT (No such file or directory)
openat(AT_FDCWD, "/nix/store/j25bk9yxdqcvrirx4vvrxpaiw1cfr0sm-pipewire-0.3.71-jack/lib/libdl.so.2", O_RDONLY|O_CLOEXEC) = -1 ENOENT (No such file or directory)
newfstatat(AT_FDCWD, "/nix/store/j25bk9yxdqcvrirx4vvrxpaiw1cfr0sm-pipewire-0.3.71-jack/lib", {st_mode=S_IFDIR|0555, st_size=4096, ...}, 0) = 0
openat(AT_FDCWD, "/nix/store/dg8mpqqykmw9c7l0bgzzb5znkymlbfjw-glibc-2.37-8/lib/glibc-hwcaps/x86-64-v3/libdl.so.2", O_RDONLY|O_CLOEXEC) = -1 ENOENT (No such file or directory)
newfstatat(AT_FDCWD, "/nix/store/dg8mpqqykmw9c7l0bgzzb5znkymlbfjw-glibc-2.37-8/lib/glibc-hwcaps/x86-64-v3", 0x7fff65d71140, 0) = -1 ENOENT (No such file or directory)
openat(AT_FDCWD, "/nix/store/dg8mpqqykmw9c7l0bgzzb5znkymlbfjw-glibc-2.37-8/lib/glibc-hwcaps/x86-64-v2/libdl.so.2", O_RDONLY|O_CLOEXEC) = -1 ENOENT (No such file or directory)
newfstatat(AT_FDCWD, "/nix/store/dg8mpqqykmw9c7l0bgzzb5znkymlbfjw-glibc-2.37-8/lib/glibc-hwcaps/x86-64-v2", 0x7fff65d71140, 0) = -1 ENOENT (No such file or directory)
openat(AT_FDCWD, "/nix/store/dg8mpqqykmw9c7l0bgzzb5znkymlbfjw-glibc-2.37-8/lib/libdl.so.2", O_RDONLY|O_CLOEXEC) = 3
read(3, "\177ELF\2\1\1\0\0\0\0\0\0\0\0\0\3\0>\0\1\0\0\0\0\0\0\0\0\0\0\0"..., 832) = 832
newfstatat(3, "", {st_mode=S_IFREG|0555, st_size=15688, ...}, AT_EMPTY_PATH) = 0
mmap(NULL, 16400, PROT_READ, MAP_PRIVATE|MAP_DENYWRITE, 3, 0) = 0x7f79c3ee5000
mmap(0x7f79c3ee6000, 4096, PROT_READ|PROT_EXEC, MAP_PRIVATE|MAP_FIXED|MAP_DENYWRITE, 3, 0x1000) = 0x7f79c3ee6000
mmap(0x7f79c3ee7000, 4096, PROT_READ, MAP_PRIVATE|MAP_FIXED|MAP_DENYWRITE, 3, 0x2000) = 0x7f79c3ee7000
mmap(0x7f79c3ee8000, 8192, PROT_READ|PROT_WRITE, MAP_PRIVATE|MAP_FIXED|MAP_DENYWRITE, 3, 0x2000) = 0x7f79c3ee8000
close(3)                                = 0
openat(AT_FDCWD, "/nix/store/j25bk9yxdqcvrirx4vvrxpaiw1cfr0sm-pipewire-0.3.71-jack/lib/libc.so.6", O_RDONLY|O_CLOEXEC) = -1 ENOENT (No such file or directory)
openat(AT_FDCWD, "/nix/store/dg8mpqqykmw9c7l0bgzzb5znkymlbfjw-glibc-2.37-8/lib/libc.so.6", O_RDONLY|O_CLOEXEC) = 3
read(3, "\177ELF\2\1\1\3\0\0\0\0\0\0\0\0\3\0>\0\1\0\0\0\220<\2\0\0\0\0\0"..., 832) = 832
pread64(3, "\6\0\0\0\4\0\0\0@\0\0\0\0\0\0\0@\0\0\0\0\0\0\0@\0\0\0\0\0\0\0"..., 784, 64) = 784
newfstatat(3, "", {st_mode=S_IFREG|0555, st_size=2252696, ...}, AT_EMPTY_PATH) = 0
pread64(3, "\6\0\0\0\4\0\0\0@\0\0\0\0\0\0\0@\0\0\0\0\0\0\0@\0\0\0\0\0\0\0"..., 784, 64) = 784
mmap(NULL, 1990000, PROT_READ, MAP_PRIVATE|MAP_DENYWRITE, 3, 0) = 0x7f79c3cff000
mmap(0x7f79c3d21000, 1413120, PROT_READ|PROT_EXEC, MAP_PRIVATE|MAP_FIXED|MAP_DENYWRITE, 3, 0x22000) = 0x7f79c3d21000
mmap(0x7f79c3e7a000, 360448, PROT_READ, MAP_PRIVATE|MAP_FIXED|MAP_DENYWRITE, 3, 0x17b000) = 0x7f79c3e7a000
mmap(0x7f79c3ed2000, 24576, PROT_READ|PROT_WRITE, MAP_PRIVATE|MAP_FIXED|MAP_DENYWRITE, 3, 0x1d3000) = 0x7f79c3ed2000
mmap(0x7f79c3ed8000, 52592, PROT_READ|PROT_WRITE, MAP_PRIVATE|MAP_FIXED|MAP_ANONYMOUS, -1, 0) = 0x7f79c3ed8000
close(3)                                = 0
mmap(NULL, 12288, PROT_READ|PROT_WRITE, MAP_PRIVATE|MAP_ANONYMOUS, -1, 0) = 0x7f79c3cfc000
arch_prctl(ARCH_SET_FS, 0x7f79c3cfc740) = 0
set_tid_address(0x7f79c3cfca10)         = 1436071
set_robust_list(0x7f79c3cfca20, 24)     = 0
rseq(0x7f79c3cfd060, 0x20, 0, 0x53053053) = 0
mprotect(0x7f79c3ed2000, 16384, PROT_READ) = 0
mprotect(0x7f79c3ee8000, 4096, PROT_READ) = 0
mprotect(0x4db000, 8192, PROT_READ)     = 0
mprotect(0x7f79c3f1d000, 8192, PROT_READ) = 0
prlimit64(0, RLIMIT_STACK, NULL, {rlim_cur=8192*1024, rlim_max=RLIM64_INFINITY}) = 0
openat(AT_FDCWD, "/dev/tty", O_RDWR|O_NONBLOCK) = 3
close(3)                                = 0
brk(NULL)                               = 0x77c000
brk(0x77d000)                           = 0x77d000
brk(0x77e000)                           = 0x77e000
openat(AT_FDCWD, "/nix/store/hbdc75cxjl9a0r76zj334m8l1bcqha3c-glibc-locales-2.37-8/lib/locale/locale-archive", O_RDONLY|O_CLOEXEC) = 3
newfstatat(3, "", {st_mode=S_IFREG|0444, st_size=224335696, ...}, AT_EMPTY_PATH) = 0
mmap(NULL, 224335696, PROT_READ, MAP_PRIVATE, 3, 0) = 0x7f79b6600000
close(3)                                = 0
brk(0x77f000)                           = 0x77f000
brk(0x780000)                           = 0x780000
brk(0x781000)                           = 0x781000
openat(AT_FDCWD, "/nix/store/dg8mpqqykmw9c7l0bgzzb5znkymlbfjw-glibc-2.37-8/lib/gconv/gconv-modules.cache", O_RDONLY) = -1 ENOENT (No such file or directory)
openat(AT_FDCWD, "/nix/store/dg8mpqqykmw9c7l0bgzzb5znkymlbfjw-glibc-2.37-8/lib/gconv/gconv-modules", O_RDONLY|O_CLOEXEC) = 3
newfstatat(3, "", {st_mode=S_IFREG|0444, st_size=3916, ...}, AT_EMPTY_PATH) = 0
brk(0x783000)                           = 0x783000
read(3, "# GNU libc iconv configuration.\n"..., 4096) = 3916
brk(0x784000)                           = 0x784000
read(3, "", 4096)                       = 0
close(3)                                = 0
openat(AT_FDCWD, "/nix/store/dg8mpqqykmw9c7l0bgzzb5znkymlbfjw-glibc-2.37-8/lib/gconv/gconv-modules.d", O_RDONLY|O_NONBLOCK|O_CLOEXEC|O_DIRECTORY) = 3
newfstatat(3, "", {st_mode=S_IFDIR|0555, st_size=4096, ...}, AT_EMPTY_PATH) = 0
brk(0x794000)                           = 0x794000
getdents64(3, 0x784040 /* 3 entries */, 32768) = 96
openat(AT_FDCWD, "/nix/store/dg8mpqqykmw9c7l0bgzzb5znkymlbfjw-glibc-2.37-8/lib/gconv/gconv-modules.d/gconv-modules-extra.conf", O_RDONLY|O_CLOEXEC) = 4
newfstatat(4, "", {st_mode=S_IFREG|0444, st_size=53974, ...}, AT_EMPTY_PATH) = 0
read(4, "# GNU libc iconv configuration.\n"..., 4096) = 4096
brk(0x795000)                           = 0x795000
brk(0x796000)                           = 0x796000
brk(0x797000)                           = 0x797000
read(4, "B1002//\tJUS_I.B1.002//\nmodule\tJU"..., 4096) = 4096
brk(0x798000)                           = 0x798000
brk(0x799000)                           = 0x799000
brk(0x79a000)                           = 0x79a000
brk(0x79b000)                           = 0x79b000
brk(0x79c000)                           = 0x79c000
read(4, "59-5//\nalias\tISO_8859-5//\t\tISO-8"..., 4096) = 4096
brk(0x79d000)                           = 0x79d000
brk(0x79e000)                           = 0x79e000
brk(0x79f000)                           = 0x79f000
brk(0x7a0000)                           = 0x7a0000
read(4, "59-16//\t\tINTERNAL\t\tISO8859-16\t1\n"..., 4096) = 4096
brk(0x7a1000)                           = 0x7a1000
brk(0x7a2000)                           = 0x7a2000
brk(0x7a3000)                           = 0x7a3000
brk(0x7a4000)                           = 0x7a4000
brk(0x7a5000)                           = 0x7a5000
read(4, "-SE-A\t1\nmodule\tINTERNAL\t\tEBCDIC-"..., 4096) = 4096
brk(0x7a6000)                           = 0x7a6000
brk(0x7a7000)                           = 0x7a7000
brk(0x7a8000)                           = 0x7a8000
brk(0x7a9000)                           = 0x7a9000
read(4, "97\t\t1\n\n#\tfrom\t\t\tto\t\t\tmodule\t\tcos"..., 4096) = 4096
brk(0x7aa000)                           = 0x7aa000
brk(0x7ab000)                           = 0x7ab000
brk(0x7ac000)                           = 0x7ac000
brk(0x7ad000)                           = 0x7ad000
brk(0x7ae000)                           = 0x7ae000
read(4, "1\n\n#\tfrom\t\t\tto\t\t\tmodule\t\tcost\nal"..., 4096) = 4096
brk(0x7af000)                           = 0x7af000
brk(0x7b0000)                           = 0x7b0000
brk(0x7b1000)                           = 0x7b1000
brk(0x7b2000)                           = 0x7b2000
brk(0x7b3000)                           = 0x7b3000
read(4, "6//\t\tIBM1046//\nalias\tCP1046//\t\tI"..., 4096) = 4096
brk(0x7b4000)                           = 0x7b4000
brk(0x7b5000)                           = 0x7b5000
brk(0x7b6000)                           = 0x7b6000
brk(0x7b7000)                           = 0x7b7000
read(4, "\tto\t\t\tmodule\t\tcost\nalias\tRUSCII/"..., 4096) = 4096
brk(0x7b8000)                           = 0x7b8000
brk(0x7b9000)                           = 0x7b9000
brk(0x7ba000)                           = 0x7ba000
brk(0x7bb000)                           = 0x7bb000
brk(0x7bc000)                           = 0x7bc000
read(4, "03//\nmodule\tCSN_369103//\t\tINTERN"..., 4096) = 4096
brk(0x7bd000)                           = 0x7bd000
brk(0x7be000)                           = 0x7be000
brk(0x7bf000)                           = 0x7bf000
brk(0x7c0000)                           = 0x7c0000
brk(0x7c1000)                           = 0x7c1000
read(4, "\tmodule\t\tcost\nalias\tISO-IR-8-1//"..., 4096) = 4096
brk(0x7c2000)                           = 0x7c2000
brk(0x7c3000)                           = 0x7c3000
brk(0x7c4000)                           = 0x7c4000
brk(0x7c5000)                           = 0x7c5000
read(4, "IBM1156\t\t1\n\n#\tfrom\t\t\tto\t\t\tmodule"..., 4096) = 4096
brk(0x7c6000)                           = 0x7c6000
brk(0x7c7000)                           = 0x7c7000
brk(0x7c8000)                           = 0x7c8000
brk(0x7c9000)                           = 0x7c9000
brk(0x7ca000)                           = 0x7ca000
brk(0x7cb000)                           = 0x7cb000
read(4, "\t\tIBM1166//\nalias\tCP1166//\t\tIBM1"..., 4096) = 4096
brk(0x7cc000)                           = 0x7cc000
brk(0x7cd000)                           = 0x7cd000
brk(0x7ce000)                           = 0x7ce000
brk(0x7cf000)                           = 0x7cf000
read(4, "alias\tROMAN9//\t\tHP-ROMAN9//\nalia"..., 4096) = 726
read(4, "", 4096)                       = 0
close(4)                                = 0
getdents64(3, 0x784040 /* 0 entries */, 32768) = 0
close(3)                                = 0
futex(0x7f79c3ed788c, FUTEX_WAKE_PRIVATE, 2147483647) = 0
brk(0x7d0000)                           = 0x7d0000
getuid()                                = 1000
getgid()                                = 100
geteuid()                               = 1000
getegid()                               = 100
rt_sigprocmask(SIG_BLOCK, NULL, [], 8)  = 0
brk(0x7d1000)                           = 0x7d1000
sysinfo({uptime=71722, loads=[80480, 81088, 71264], totalram=33308078080, freeram=11826491392, sharedram=1862197248, bufferram=3336790016, totalswap=17179865088, freeswap=17179865088, procs=2416, totalhigh=0, freehigh=0, mem_unit=1}) = 0
brk(0x7d2000)                           = 0x7d2000
rt_sigaction(SIGCHLD, {sa_handler=SIG_DFL, sa_mask=[], sa_flags=SA_RESTORER|SA_RESTART, sa_restorer=0x7f79c3d37d60}, {sa_handler=SIG_DFL, sa_mask=[], sa_flags=0}, 8) = 0
rt_sigaction(SIGCHLD, {sa_handler=SIG_DFL, sa_mask=[], sa_flags=SA_RESTORER|SA_RESTART, sa_restorer=0x7f79c3d37d60}, {sa_handler=SIG_DFL, sa_mask=[], sa_flags=SA_RESTORER|SA_RESTART, sa_restorer=0x7f79c3d37d60}, 8) = 0
rt_sigaction(SIGINT, {sa_handler=SIG_DFL, sa_mask=[], sa_flags=SA_RESTORER, sa_restorer=0x7f79c3d37d60}, {sa_handler=SIG_DFL, sa_mask=[], sa_flags=0}, 8) = 0
rt_sigaction(SIGINT, {sa_handler=SIG_DFL, sa_mask=[], sa_flags=SA_RESTORER, sa_restorer=0x7f79c3d37d60}, {sa_handler=SIG_DFL, sa_mask=[], sa_flags=SA_RESTORER, sa_restorer=0x7f79c3d37d60}, 8) = 0
rt_sigaction(SIGQUIT, {sa_handler=SIG_DFL, sa_mask=[], sa_flags=SA_RESTORER, sa_restorer=0x7f79c3d37d60}, {sa_handler=SIG_DFL, sa_mask=[], sa_flags=0}, 8) = 0
rt_sigaction(SIGQUIT, {sa_handler=SIG_DFL, sa_mask=[], sa_flags=SA_RESTORER, sa_restorer=0x7f79c3d37d60}, {sa_handler=SIG_DFL, sa_mask=[], sa_flags=SA_RESTORER, sa_restorer=0x7f79c3d37d60}, 8) = 0
rt_sigaction(SIGTSTP, {sa_handler=SIG_DFL, sa_mask=[], sa_flags=SA_RESTORER, sa_restorer=0x7f79c3d37d60}, {sa_handler=SIG_DFL, sa_mask=[], sa_flags=0}, 8) = 0
rt_sigaction(SIGTSTP, {sa_handler=SIG_DFL, sa_mask=[], sa_flags=SA_RESTORER, sa_restorer=0x7f79c3d37d60}, {sa_handler=SIG_DFL, sa_mask=[], sa_flags=SA_RESTORER, sa_restorer=0x7f79c3d37d60}, 8) = 0
rt_sigaction(SIGTTIN, {sa_handler=SIG_DFL, sa_mask=[], sa_flags=SA_RESTORER, sa_restorer=0x7f79c3d37d60}, {sa_handler=SIG_DFL, sa_mask=[], sa_flags=0}, 8) = 0
rt_sigaction(SIGTTIN, {sa_handler=SIG_DFL, sa_mask=[], sa_flags=SA_RESTORER, sa_restorer=0x7f79c3d37d60}, {sa_handler=SIG_DFL, sa_mask=[], sa_flags=SA_RESTORER, sa_restorer=0x7f79c3d37d60}, 8) = 0
rt_sigaction(SIGTTOU, {sa_handler=SIG_DFL, sa_mask=[], sa_flags=SA_RESTORER, sa_restorer=0x7f79c3d37d60}, {sa_handler=SIG_DFL, sa_mask=[], sa_flags=0}, 8) = 0
rt_sigaction(SIGTTOU, {sa_handler=SIG_DFL, sa_mask=[], sa_flags=SA_RESTORER, sa_restorer=0x7f79c3d37d60}, {sa_handler=SIG_DFL, sa_mask=[], sa_flags=SA_RESTORER, sa_restorer=0x7f79c3d37d60}, 8) = 0
rt_sigprocmask(SIG_BLOCK, NULL, [], 8)  = 0
rt_sigaction(SIGQUIT, {sa_handler=SIG_IGN, sa_mask=[], sa_flags=SA_RESTORER, sa_restorer=0x7f79c3d37d60}, {sa_handler=SIG_DFL, sa_mask=[], sa_flags=SA_RESTORER, sa_restorer=0x7f79c3d37d60}, 8) = 0
uname({sysname="Linux", nodename="nflx-erahhal-t490s", ...}) = 0
brk(0x7d6000)                           = 0x7d6000
brk(0x7d8000)                           = 0x7d8000
brk(0x7da000)                           = 0x7da000
brk(0x7db000)                           = 0x7db000
brk(0x7dc000)                           = 0x7dc000
brk(0x7dd000)                           = 0x7dd000
brk(0x7de000)                           = 0x7de000
brk(0x7df000)                           = 0x7df000
brk(0x7e0000)                           = 0x7e0000
brk(0x7e1000)                           = 0x7e1000
brk(0x7e5000)                           = 0x7e5000
brk(0x7e9000)                           = 0x7e9000
brk(0x7ea000)                           = 0x7ea000
brk(0x7eb000)                           = 0x7eb000
brk(0x7ec000)                           = 0x7ec000
brk(0x7ed000)                           = 0x7ed000
brk(0x7ee000)                           = 0x7ee000
newfstatat(AT_FDCWD, "/home/erahhal/Code/nixcfg", {st_mode=S_IFDIR|0755, st_size=4096, ...}, 0) = 0
newfstatat(AT_FDCWD, ".", {st_mode=S_IFDIR|0755, st_size=4096, ...}, 0) = 0
newfstatat(AT_FDCWD, "/home", {st_mode=S_IFDIR|0755, st_size=4096, ...}, 0) = 0
newfstatat(AT_FDCWD, "/home/erahhal", {st_mode=S_IFDIR|0700, st_size=12288, ...}, 0) = 0
newfstatat(AT_FDCWD, "/home/erahhal/Code", {st_mode=S_IFDIR|0755, st_size=4096, ...}, 0) = 0
newfstatat(AT_FDCWD, "/home/erahhal/Code/nixcfg", {st_mode=S_IFDIR|0755, st_size=4096, ...}, 0) = 0
newfstatat(AT_FDCWD, "/home/erahhal", {st_mode=S_IFDIR|0700, st_size=12288, ...}, 0) = 0
getpid()                                = 1436071
getppid()                               = 1436068
brk(0x7ef000)                           = 0x7ef000
getpid()                                = 1436071
getppid()                               = 1436068
getpid()                                = 1436071
getppid()                               = 1436068
brk(0x7f0000)                           = 0x7f0000
brk(0x7f4000)                           = 0x7f4000
brk(0x7f8000)                           = 0x7f8000
brk(0x7f9000)                           = 0x7f9000
getpgrp()                               = 1436068
ioctl(2, TIOCGPGRP, [1436068])          = 0
rt_sigaction(SIGCHLD, {sa_handler=0x44ac00, sa_mask=[], sa_flags=SA_RESTORER|SA_RESTART, sa_restorer=0x7f79c3d37d60}, {sa_handler=SIG_DFL, sa_mask=[], sa_flags=SA_RESTORER|SA_RESTART, sa_restorer=0x7f79c3d37d60}, 8) = 0
prlimit64(0, RLIMIT_NPROC, NULL, {rlim_cur=126937, rlim_max=126937}) = 0
brk(0x7fa000)                           = 0x7fa000
brk(0x7fb000)                           = 0x7fb000
brk(0x7fc000)                           = 0x7fc000
brk(0x800000)                           = 0x800000
brk(0x801000)                           = 0x801000
brk(0x802000)                           = 0x802000
brk(0x803000)                           = 0x803000
brk(0x804000)                           = 0x804000
brk(0x805000)                           = 0x805000
brk(0x806000)                           = 0x806000
brk(0x807000)                           = 0x807000
rt_sigprocmask(SIG_BLOCK, NULL, [], 8)  = 0
openat(AT_FDCWD, "/run/current-system/sw/bin/pulse-secure", O_RDONLY) = 3
newfstatat(AT_FDCWD, "/run/current-system/sw/bin/pulse-secure", {st_mode=S_IFREG|0555, st_size=4345, ...}, 0) = 0
ioctl(3, TCGETS, 0x7fff65d71d40)        = -1 ENOTTY (Inappropriate ioctl for device)
lseek(3, 0, SEEK_CUR)                   = 0
read(3, "#!/nix/store/7q1b1bsmxi91zci6g87"..., 80) = 80
lseek(3, 0, SEEK_SET)                   = 0
prlimit64(0, RLIMIT_NOFILE, NULL, {rlim_cur=1024, rlim_max=512*1024}) = 0
fcntl(255, F_GETFD)                     = -1 EBADF (Bad file descriptor)
dup2(3, 255)                            = 255
close(3)                                = 0
fcntl(255, F_SETFD, FD_CLOEXEC)         = 0
fcntl(255, F_GETFL)                     = 0x8000 (flags O_RDONLY|O_LARGEFILE)
newfstatat(255, "", {st_mode=S_IFREG|0555, st_size=4345, ...}, AT_EMPTY_PATH) = 0
lseek(255, 0, SEEK_CUR)                 = 0
brk(0x809000)                           = 0x809000
brk(0x80a000)                           = 0x80a000
read(255, "#!/nix/store/7q1b1bsmxi91zci6g87"..., 4345) = 4345
brk(0x80b000)                           = 0x80b000
brk(0x80c000)                           = 0x80c000
openat(AT_FDCWD, "/nix/store/7z371x9n5j3scz8a6sl55aci95mda8bl-pulse-secure-fhs/", O_RDONLY|O_NONBLOCK|O_CLOEXEC|O_DIRECTORY) = 3
newfstatat(3, "", {st_mode=S_IFDIR|0555, st_size=4096, ...}, AT_EMPTY_PATH) = 0
brk(0x81c000)                           = 0x81c000
getdents64(3, 0x80c040 /* 9 entries */, 32768) = 232
getdents64(3, 0x80c040 /* 0 entries */, 32768) = 0
brk(0x80c000)                           = 0x80c000
close(3)                                = 0
brk(0x80d000)                           = 0x80d000
newfstatat(AT_FDCWD, "/nix/store/7z371x9n5j3scz8a6sl55aci95mda8bl-pulse-secure-fhs/bin", {st_mode=S_IFLNK|0777, st_size=7, ...}, AT_SYMLINK_NOFOLLOW) = 0
brk(0x80e000)                           = 0x80e000
rt_sigprocmask(SIG_BLOCK, NULL, [], 8)  = 0
rt_sigprocmask(SIG_BLOCK, NULL, [], 8)  = 0
pipe2([3, 4], 0)                        = 0
rt_sigprocmask(SIG_BLOCK, [CHLD], [], 8) = 0
rt_sigprocmask(SIG_SETMASK, [], NULL, 8) = 0
rt_sigprocmask(SIG_BLOCK, NULL, [], 8)  = 0
rt_sigprocmask(SIG_BLOCK, [INT TERM CHLD], [], 8) = 0
lseek(255, -3829, SEEK_CUR)             = 516
clone(child_stack=NULL, flags=CLONE_CHILD_CLEARTID|CLONE_CHILD_SETTID|SIGCHLD, child_tidptr=0x7f79c3cfca10) = 1436072
rt_sigprocmask(SIG_SETMASK, [], NULL, 8) = 0
rt_sigaction(SIGCHLD, {sa_handler=0x44ac00, sa_mask=[], sa_flags=SA_RESTORER|SA_RESTART, sa_restorer=0x7f79c3d37d60}, {sa_handler=0x44ac00, sa_mask=[], sa_flags=SA_RESTORER|SA_RESTART, sa_restorer=0x7f79c3d37d60}, 8) = 0
close(4)                                = 0
rt_sigprocmask(SIG_BLOCK, [INT], [], 8) = 0
read(3, "usr/bin\n", 4096)              = 8
read(3, "", 4096)                       = 0
close(3)                                = 0
--- SIGCHLD {si_signo=SIGCHLD, si_code=CLD_EXITED, si_pid=1436072, si_uid=1000, si_status=0, si_utime=0, si_stime=0} ---
wait4(-1, [{WIFEXITED(s) && WEXITSTATUS(s) == 0}], WNOHANG, NULL) = 1436072
wait4(-1, 0x7fff65d70790, WNOHANG, NULL) = -1 ECHILD (No child processes)
rt_sigreturn({mask=[INT]})              = 0
rt_sigprocmask(SIG_SETMASK, [], NULL, 8) = 0
rt_sigprocmask(SIG_BLOCK, [CHLD], [], 8) = 0
rt_sigaction(SIGINT, {sa_handler=0x447df0, sa_mask=[], sa_flags=SA_RESTORER, sa_restorer=0x7f79c3d37d60}, {sa_handler=SIG_DFL, sa_mask=[], sa_flags=SA_RESTORER, sa_restorer=0x7f79c3d37d60}, 8) = 0
rt_sigaction(SIGINT, {sa_handler=SIG_DFL, sa_mask=[], sa_flags=SA_RESTORER, sa_restorer=0x7f79c3d37d60}, {sa_handler=0x447df0, sa_mask=[], sa_flags=SA_RESTORER, sa_restorer=0x7f79c3d37d60}, 8) = 0
rt_sigprocmask(SIG_SETMASK, [], NULL, 8) = 0
newfstatat(AT_FDCWD, "/nix/store/7z371x9n5j3scz8a6sl55aci95mda8bl-pulse-secure-fhs/lib", {st_mode=S_IFLNK|0777, st_size=7, ...}, AT_SYMLINK_NOFOLLOW) = 0
brk(0x80f000)                           = 0x80f000
rt_sigprocmask(SIG_BLOCK, NULL, [], 8)  = 0
rt_sigprocmask(SIG_BLOCK, NULL, [], 8)  = 0
pipe2([3, 4], 0)                        = 0
rt_sigprocmask(SIG_BLOCK, [CHLD], [], 8) = 0
rt_sigprocmask(SIG_SETMASK, [], NULL, 8) = 0
rt_sigprocmask(SIG_BLOCK, NULL, [], 8)  = 0
rt_sigprocmask(SIG_BLOCK, [INT TERM CHLD], [], 8) = 0
clone(child_stack=NULL, flags=CLONE_CHILD_CLEARTID|CLONE_CHILD_SETTID|SIGCHLD, child_tidptr=0x7f79c3cfca10) = 1436073
rt_sigprocmask(SIG_SETMASK, [], NULL, 8) = 0
rt_sigaction(SIGCHLD, {sa_handler=0x44ac00, sa_mask=[], sa_flags=SA_RESTORER|SA_RESTART, sa_restorer=0x7f79c3d37d60}, {sa_handler=0x44ac00, sa_mask=[], sa_flags=SA_RESTORER|SA_RESTART, sa_restorer=0x7f79c3d37d60}, 8) = 0
close(4)                                = 0
rt_sigprocmask(SIG_BLOCK, [INT], [], 8) = 0
read(3, "usr/lib\n", 4096)              = 8
read(3, "", 4096)                       = 0
close(3)                                = 0
rt_sigprocmask(SIG_SETMASK, [], NULL, 8) = 0
--- SIGCHLD {si_signo=SIGCHLD, si_code=CLD_EXITED, si_pid=1436073, si_uid=1000, si_status=0, si_utime=0, si_stime=0} ---
wait4(-1, [{WIFEXITED(s) && WEXITSTATUS(s) == 0}], WNOHANG, NULL) = 1436073
wait4(-1, 0x7fff65d706d0, WNOHANG, NULL) = -1 ECHILD (No child processes)
rt_sigreturn({mask=[]})                 = 0
rt_sigprocmask(SIG_BLOCK, [CHLD], [], 8) = 0
rt_sigaction(SIGINT, {sa_handler=0x447df0, sa_mask=[], sa_flags=SA_RESTORER, sa_restorer=0x7f79c3d37d60}, {sa_handler=SIG_DFL, sa_mask=[], sa_flags=SA_RESTORER, sa_restorer=0x7f79c3d37d60}, 8) = 0
rt_sigaction(SIGINT, {sa_handler=SIG_DFL, sa_mask=[], sa_flags=SA_RESTORER, sa_restorer=0x7f79c3d37d60}, {sa_handler=0x447df0, sa_mask=[], sa_flags=SA_RESTORER, sa_restorer=0x7f79c3d37d60}, 8) = 0
rt_sigprocmask(SIG_SETMASK, [], NULL, 8) = 0
newfstatat(AT_FDCWD, "/nix/store/7z371x9n5j3scz8a6sl55aci95mda8bl-pulse-secure-fhs/lib32", {st_mode=S_IFLNK|0777, st_size=9, ...}, AT_SYMLINK_NOFOLLOW) = 0
rt_sigprocmask(SIG_BLOCK, NULL, [], 8)  = 0
rt_sigprocmask(SIG_BLOCK, NULL, [], 8)  = 0
pipe2([3, 4], 0)                        = 0
rt_sigprocmask(SIG_BLOCK, [CHLD], [], 8) = 0
rt_sigprocmask(SIG_SETMASK, [], NULL, 8) = 0
rt_sigprocmask(SIG_BLOCK, NULL, [], 8)  = 0
rt_sigprocmask(SIG_BLOCK, [INT TERM CHLD], [], 8) = 0
clone(child_stack=NULL, flags=CLONE_CHILD_CLEARTID|CLONE_CHILD_SETTID|SIGCHLD, child_tidptr=0x7f79c3cfca10) = 1436074
rt_sigprocmask(SIG_SETMASK, [], NULL, 8) = 0
rt_sigaction(SIGCHLD, {sa_handler=0x44ac00, sa_mask=[], sa_flags=SA_RESTORER|SA_RESTART, sa_restorer=0x7f79c3d37d60}, {sa_handler=0x44ac00, sa_mask=[], sa_flags=SA_RESTORER|SA_RESTART, sa_restorer=0x7f79c3d37d60}, 8) = 0
close(4)                                = 0
rt_sigprocmask(SIG_BLOCK, [INT], [], 8) = 0
read(3, "usr/lib32\n", 4096)            = 10
read(3, "", 4096)                       = 0
close(3)                                = 0
rt_sigprocmask(SIG_SETMASK, [], NULL, 8) = 0
--- SIGCHLD {si_signo=SIGCHLD, si_code=CLD_EXITED, si_pid=1436074, si_uid=1000, si_status=0, si_utime=0, si_stime=0} ---
wait4(-1, [{WIFEXITED(s) && WEXITSTATUS(s) == 0}], WNOHANG, NULL) = 1436074
wait4(-1, 0x7fff65d706d0, WNOHANG, NULL) = -1 ECHILD (No child processes)
rt_sigreturn({mask=[]})                 = 0
rt_sigprocmask(SIG_BLOCK, [CHLD], [], 8) = 0
rt_sigaction(SIGINT, {sa_handler=0x447df0, sa_mask=[], sa_flags=SA_RESTORER, sa_restorer=0x7f79c3d37d60}, {sa_handler=SIG_DFL, sa_mask=[], sa_flags=SA_RESTORER, sa_restorer=0x7f79c3d37d60}, 8) = 0
rt_sigaction(SIGINT, {sa_handler=SIG_DFL, sa_mask=[], sa_flags=SA_RESTORER, sa_restorer=0x7f79c3d37d60}, {sa_handler=0x447df0, sa_mask=[], sa_flags=SA_RESTORER, sa_restorer=0x7f79c3d37d60}, 8) = 0
rt_sigprocmask(SIG_SETMASK, [], NULL, 8) = 0
newfstatat(AT_FDCWD, "/nix/store/7z371x9n5j3scz8a6sl55aci95mda8bl-pulse-secure-fhs/lib64", {st_mode=S_IFLNK|0777, st_size=9, ...}, AT_SYMLINK_NOFOLLOW) = 0
brk(0x810000)                           = 0x810000
rt_sigprocmask(SIG_BLOCK, NULL, [], 8)  = 0
rt_sigprocmask(SIG_BLOCK, NULL, [], 8)  = 0
pipe2([3, 4], 0)                        = 0
rt_sigprocmask(SIG_BLOCK, [CHLD], [], 8) = 0
rt_sigprocmask(SIG_SETMASK, [], NULL, 8) = 0
rt_sigprocmask(SIG_BLOCK, NULL, [], 8)  = 0
rt_sigprocmask(SIG_BLOCK, [INT TERM CHLD], [], 8) = 0
clone(child_stack=NULL, flags=CLONE_CHILD_CLEARTID|CLONE_CHILD_SETTID|SIGCHLD, child_tidptr=0x7f79c3cfca10) = 1436075
rt_sigprocmask(SIG_SETMASK, [], NULL, 8) = 0
rt_sigaction(SIGCHLD, {sa_handler=0x44ac00, sa_mask=[], sa_flags=SA_RESTORER|SA_RESTART, sa_restorer=0x7f79c3d37d60}, {sa_handler=0x44ac00, sa_mask=[], sa_flags=SA_RESTORER|SA_RESTART, sa_restorer=0x7f79c3d37d60}, 8) = 0
close(4)                                = 0
rt_sigprocmask(SIG_BLOCK, [INT], [], 8) = 0
read(3, "usr/lib64\n", 4096)            = 10
read(3, "", 4096)                       = 0
close(3)                                = 0
rt_sigprocmask(SIG_SETMASK, [], NULL, 8) = 0
--- SIGCHLD {si_signo=SIGCHLD, si_code=CLD_EXITED, si_pid=1436075, si_uid=1000, si_status=0, si_utime=0, si_stime=0} ---
wait4(-1, [{WIFEXITED(s) && WEXITSTATUS(s) == 0}], WNOHANG, NULL) = 1436075
wait4(-1, 0x7fff65d706d0, WNOHANG, NULL) = -1 ECHILD (No child processes)
rt_sigreturn({mask=[]})                 = 0
rt_sigprocmask(SIG_BLOCK, [CHLD], [], 8) = 0
rt_sigaction(SIGINT, {sa_handler=0x447df0, sa_mask=[], sa_flags=SA_RESTORER, sa_restorer=0x7f79c3d37d60}, {sa_handler=SIG_DFL, sa_mask=[], sa_flags=SA_RESTORER, sa_restorer=0x7f79c3d37d60}, 8) = 0
rt_sigaction(SIGINT, {sa_handler=SIG_DFL, sa_mask=[], sa_flags=SA_RESTORER, sa_restorer=0x7f79c3d37d60}, {sa_handler=0x447df0, sa_mask=[], sa_flags=SA_RESTORER, sa_restorer=0x7f79c3d37d60}, 8) = 0
rt_sigprocmask(SIG_SETMASK, [], NULL, 8) = 0
newfstatat(AT_FDCWD, "/nix/store/7z371x9n5j3scz8a6sl55aci95mda8bl-pulse-secure-fhs/sbin", {st_mode=S_IFLNK|0777, st_size=8, ...}, AT_SYMLINK_NOFOLLOW) = 0
rt_sigprocmask(SIG_BLOCK, NULL, [], 8)  = 0
rt_sigprocmask(SIG_BLOCK, NULL, [], 8)  = 0
pipe2([3, 4], 0)                        = 0
rt_sigprocmask(SIG_BLOCK, [CHLD], [], 8) = 0
rt_sigprocmask(SIG_SETMASK, [], NULL, 8) = 0
rt_sigprocmask(SIG_BLOCK, NULL, [], 8)  = 0
rt_sigprocmask(SIG_BLOCK, [INT TERM CHLD], [], 8) = 0
clone(child_stack=NULL, flags=CLONE_CHILD_CLEARTID|CLONE_CHILD_SETTID|SIGCHLD, child_tidptr=0x7f79c3cfca10) = 1436076
rt_sigprocmask(SIG_SETMASK, [], NULL, 8) = 0
rt_sigaction(SIGCHLD, {sa_handler=0x44ac00, sa_mask=[], sa_flags=SA_RESTORER|SA_RESTART, sa_restorer=0x7f79c3d37d60}, {sa_handler=0x44ac00, sa_mask=[], sa_flags=SA_RESTORER|SA_RESTART, sa_restorer=0x7f79c3d37d60}, 8) = 0
close(4)                                = 0
rt_sigprocmask(SIG_BLOCK, [INT], [], 8) = 0
read(3, "usr/sbin\n", 4096)             = 9
read(3, "", 4096)                       = 0
close(3)                                = 0
rt_sigprocmask(SIG_SETMASK, [], NULL, 8) = 0
--- SIGCHLD {si_signo=SIGCHLD, si_code=CLD_EXITED, si_pid=1436076, si_uid=1000, si_status=0, si_utime=0, si_stime=0} ---
wait4(-1, [{WIFEXITED(s) && WEXITSTATUS(s) == 0}], WNOHANG, NULL) = 1436076
wait4(-1, 0x7fff65d706d0, WNOHANG, NULL) = -1 ECHILD (No child processes)
rt_sigreturn({mask=[]})                 = 0
rt_sigprocmask(SIG_BLOCK, [CHLD], [], 8) = 0
rt_sigaction(SIGINT, {sa_handler=0x447df0, sa_mask=[], sa_flags=SA_RESTORER, sa_restorer=0x7f79c3d37d60}, {sa_handler=SIG_DFL, sa_mask=[], sa_flags=SA_RESTORER, sa_restorer=0x7f79c3d37d60}, 8) = 0
rt_sigaction(SIGINT, {sa_handler=SIG_DFL, sa_mask=[], sa_flags=SA_RESTORER, sa_restorer=0x7f79c3d37d60}, {sa_handler=0x447df0, sa_mask=[], sa_flags=SA_RESTORER, sa_restorer=0x7f79c3d37d60}, 8) = 0
rt_sigprocmask(SIG_SETMASK, [], NULL, 8) = 0
newfstatat(AT_FDCWD, "/nix/store/7z371x9n5j3scz8a6sl55aci95mda8bl-pulse-secure-fhs/usr", {st_mode=S_IFDIR|0555, st_size=4096, ...}, AT_SYMLINK_NOFOLLOW) = 0
read(255, "\nif [[ -d /nix/store/7z371x9n5j3"..., 4345) = 3829
newfstatat(AT_FDCWD, "/nix/store/7z371x9n5j3scz8a6sl55aci95mda8bl-pulse-secure-fhs/etc", {st_mode=S_IFDIR|0555, st_size=4096, ...}, 0) = 0
openat(AT_FDCWD, "/nix/store/7z371x9n5j3scz8a6sl55aci95mda8bl-pulse-secure-fhs/etc/", O_RDONLY|O_NONBLOCK|O_CLOEXEC|O_DIRECTORY) = 3
newfstatat(3, "", {st_mode=S_IFDIR|0555, st_size=4096, ...}, AT_EMPTY_PATH) = 0
brk(0x820000)                           = 0x820000
getdents64(3, 0x810040 /* 10 entries */, 32768) = 280
getdents64(3, 0x810040 /* 0 entries */, 32768) = 0
brk(0x810000)                           = 0x810000
close(3)                                = 0
brk(0x811000)                           = 0x811000
brk(0x812000)                           = 0x812000
brk(0x813000)                           = 0x813000
brk(0x814000)                           = 0x814000
brk(0x815000)                           = 0x815000
brk(0x816000)                           = 0x816000
brk(0x817000)                           = 0x817000
brk(0x818000)                           = 0x818000
brk(0x819000)                           = 0x819000
brk(0x81a000)                           = 0x81a000
brk(0x81b000)                           = 0x81b000
brk(0x81c000)                           = 0x81c000
newfstatat(AT_FDCWD, "/etc/static", {st_mode=S_IFLNK|0777, st_size=51, ...}, AT_SYMLINK_NOFOLLOW) = 0
rt_sigprocmask(SIG_BLOCK, NULL, [], 8)  = 0
rt_sigprocmask(SIG_BLOCK, NULL, [], 8)  = 0
pipe2([3, 4], 0)                        = 0
rt_sigprocmask(SIG_BLOCK, [CHLD], [], 8) = 0
rt_sigprocmask(SIG_SETMASK, [], NULL, 8) = 0
rt_sigprocmask(SIG_BLOCK, NULL, [], 8)  = 0
rt_sigprocmask(SIG_BLOCK, [INT TERM CHLD], [], 8) = 0
lseek(255, -2614, SEEK_CUR)             = 1731
clone(child_stack=NULL, flags=CLONE_CHILD_CLEARTID|CLONE_CHILD_SETTID|SIGCHLD, child_tidptr=0x7f79c3cfca10) = 1436077
rt_sigprocmask(SIG_SETMASK, [], NULL, 8) = 0
rt_sigaction(SIGCHLD, {sa_handler=0x44ac00, sa_mask=[], sa_flags=SA_RESTORER|SA_RESTART, sa_restorer=0x7f79c3d37d60}, {sa_handler=0x44ac00, sa_mask=[], sa_flags=SA_RESTORER|SA_RESTART, sa_restorer=0x7f79c3d37d60}, 8) = 0
close(4)                                = 0
rt_sigprocmask(SIG_BLOCK, [INT], [], 8) = 0
read(3, "/nix/store/2rdlf98l028xm3brnn4bh"..., 4096) = 52
read(3, "", 4096)                       = 0
close(3)                                = 0
--- SIGCHLD {si_signo=SIGCHLD, si_code=CLD_EXITED, si_pid=1436077, si_uid=1000, si_status=0, si_utime=0, si_stime=0} ---
wait4(-1, [{WIFEXITED(s) && WEXITSTATUS(s) == 0}], WNOHANG, NULL) = 1436077
wait4(-1, 0x7fff65d70a10, WNOHANG, NULL) = -1 ECHILD (No child processes)
rt_sigreturn({mask=[INT]})              = 126
rt_sigprocmask(SIG_SETMASK, [], NULL, 8) = 0
rt_sigprocmask(SIG_BLOCK, [CHLD], [], 8) = 0
rt_sigaction(SIGINT, {sa_handler=0x447df0, sa_mask=[], sa_flags=SA_RESTORER, sa_restorer=0x7f79c3d37d60}, {sa_handler=SIG_DFL, sa_mask=[], sa_flags=SA_RESTORER, sa_restorer=0x7f79c3d37d60}, 8) = 0
rt_sigaction(SIGINT, {sa_handler=SIG_DFL, sa_mask=[], sa_flags=SA_RESTORER, sa_restorer=0x7f79c3d37d60}, {sa_handler=0x447df0, sa_mask=[], sa_flags=SA_RESTORER, sa_restorer=0x7f79c3d37d60}, 8) = 0
rt_sigprocmask(SIG_SETMASK, [], NULL, 8) = 0
newfstatat(AT_FDCWD, "/etc/nix", {st_mode=S_IFDIR|0755, st_size=4096, ...}, AT_SYMLINK_NOFOLLOW) = 0
newfstatat(AT_FDCWD, "/etc/shells", {st_mode=S_IFLNK|0777, st_size=18, ...}, AT_SYMLINK_NOFOLLOW) = 0
rt_sigprocmask(SIG_BLOCK, NULL, [], 8)  = 0
rt_sigprocmask(SIG_BLOCK, NULL, [], 8)  = 0
pipe2([3, 4], 0)                        = 0
rt_sigprocmask(SIG_BLOCK, [CHLD], [], 8) = 0
rt_sigprocmask(SIG_SETMASK, [], NULL, 8) = 0
rt_sigprocmask(SIG_BLOCK, NULL, [], 8)  = 0
rt_sigprocmask(SIG_BLOCK, [INT TERM CHLD], [], 8) = 0
clone(child_stack=NULL, flags=CLONE_CHILD_CLEARTID|CLONE_CHILD_SETTID|SIGCHLD, child_tidptr=0x7f79c3cfca10) = 1436078
rt_sigprocmask(SIG_SETMASK, [], NULL, 8) = 0
rt_sigaction(SIGCHLD, {sa_handler=0x44ac00, sa_mask=[], sa_flags=SA_RESTORER|SA_RESTART, sa_restorer=0x7f79c3d37d60}, {sa_handler=0x44ac00, sa_mask=[], sa_flags=SA_RESTORER|SA_RESTART, sa_restorer=0x7f79c3d37d60}, 8) = 0
close(4)                                = 0
rt_sigprocmask(SIG_BLOCK, [INT], [], 8) = 0
read(3, "/etc/static/shells\n", 4096)   = 19
read(3, "", 4096)                       = 0
close(3)                                = 0
--- SIGCHLD {si_signo=SIGCHLD, si_code=CLD_EXITED, si_pid=1436078, si_uid=1000, si_status=0, si_utime=0, si_stime=0} ---
wait4(-1, [{WIFEXITED(s) && WEXITSTATUS(s) == 0}], WNOHANG, NULL) = 1436078
wait4(-1, 0x7fff65d70a50, WNOHANG, NULL) = -1 ECHILD (No child processes)
rt_sigreturn({mask=[INT]})              = 0
rt_sigprocmask(SIG_SETMASK, [], NULL, 8) = 0
rt_sigprocmask(SIG_BLOCK, [CHLD], [], 8) = 0
rt_sigaction(SIGINT, {sa_handler=0x447df0, sa_mask=[], sa_flags=SA_RESTORER, sa_restorer=0x7f79c3d37d60}, {sa_handler=SIG_DFL, sa_mask=[], sa_flags=SA_RESTORER, sa_restorer=0x7f79c3d37d60}, 8) = 0
rt_sigaction(SIGINT, {sa_handler=SIG_DFL, sa_mask=[], sa_flags=SA_RESTORER, sa_restorer=0x7f79c3d37d60}, {sa_handler=0x447df0, sa_mask=[], sa_flags=SA_RESTORER, sa_restorer=0x7f79c3d37d60}, 8) = 0
rt_sigprocmask(SIG_SETMASK, [], NULL, 8) = 0
newfstatat(AT_FDCWD, "/etc/bashrc", {st_mode=S_IFLNK|0777, st_size=18, ...}, AT_SYMLINK_NOFOLLOW) = 0
rt_sigprocmask(SIG_BLOCK, NULL, [], 8)  = 0
rt_sigprocmask(SIG_BLOCK, NULL, [], 8)  = 0
pipe2([3, 4], 0)                        = 0
rt_sigprocmask(SIG_BLOCK, [CHLD], [], 8) = 0
rt_sigprocmask(SIG_SETMASK, [], NULL, 8) = 0
rt_sigprocmask(SIG_BLOCK, NULL, [], 8)  = 0
rt_sigprocmask(SIG_BLOCK, [INT TERM CHLD], [], 8) = 0
clone(child_stack=NULL, flags=CLONE_CHILD_CLEARTID|CLONE_CHILD_SETTID|SIGCHLD, child_tidptr=0x7f79c3cfca10) = 1436079
rt_sigprocmask(SIG_SETMASK, [], NULL, 8) = 0
rt_sigaction(SIGCHLD, {sa_handler=0x44ac00, sa_mask=[], sa_flags=SA_RESTORER|SA_RESTART, sa_restorer=0x7f79c3d37d60}, {sa_handler=0x44ac00, sa_mask=[], sa_flags=SA_RESTORER|SA_RESTART, sa_restorer=0x7f79c3d37d60}, 8) = 0
close(4)                                = 0
rt_sigprocmask(SIG_BLOCK, [INT], [], 8) = 0
read(3, "/etc/static/bashrc\n", 4096)   = 19
read(3, "", 4096)                       = 0
close(3)                                = 0
--- SIGCHLD {si_signo=SIGCHLD, si_code=CLD_EXITED, si_pid=1436079, si_uid=1000, si_status=0, si_utime=0, si_stime=0} ---
wait4(-1, [{WIFEXITED(s) && WEXITSTATUS(s) == 0}], WNOHANG, NULL) = 1436079
wait4(-1, 0x7fff65d70a50, WNOHANG, NULL) = -1 ECHILD (No child processes)
rt_sigreturn({mask=[INT]})              = 0
rt_sigprocmask(SIG_SETMASK, [], NULL, 8) = 0
rt_sigprocmask(SIG_BLOCK, [CHLD], [], 8) = 0
rt_sigaction(SIGINT, {sa_handler=0x447df0, sa_mask=[], sa_flags=SA_RESTORER, sa_restorer=0x7f79c3d37d60}, {sa_handler=SIG_DFL, sa_mask=[], sa_flags=SA_RESTORER, sa_restorer=0x7f79c3d37d60}, 8) = 0
rt_sigaction(SIGINT, {sa_handler=SIG_DFL, sa_mask=[], sa_flags=SA_RESTORER, sa_restorer=0x7f79c3d37d60}, {sa_handler=0x447df0, sa_mask=[], sa_flags=SA_RESTORER, sa_restorer=0x7f79c3d37d60}, 8) = 0
rt_sigprocmask(SIG_SETMASK, [], NULL, 8) = 0
newfstatat(AT_FDCWD, "/etc/zshenv", {st_mode=S_IFLNK|0777, st_size=18, ...}, AT_SYMLINK_NOFOLLOW) = 0
rt_sigprocmask(SIG_BLOCK, NULL, [], 8)  = 0
rt_sigprocmask(SIG_BLOCK, NULL, [], 8)  = 0
pipe2([3, 4], 0)                        = 0
rt_sigprocmask(SIG_BLOCK, [CHLD], [], 8) = 0
rt_sigprocmask(SIG_SETMASK, [], NULL, 8) = 0
rt_sigprocmask(SIG_BLOCK, NULL, [], 8)  = 0
rt_sigprocmask(SIG_BLOCK, [INT TERM CHLD], [], 8) = 0
clone(child_stack=NULL, flags=CLONE_CHILD_CLEARTID|CLONE_CHILD_SETTID|SIGCHLD, child_tidptr=0x7f79c3cfca10) = 1436080
rt_sigprocmask(SIG_SETMASK, [], NULL, 8) = 0
rt_sigaction(SIGCHLD, {sa_handler=0x44ac00, sa_mask=[], sa_flags=SA_RESTORER|SA_RESTART, sa_restorer=0x7f79c3d37d60}, {sa_handler=0x44ac00, sa_mask=[], sa_flags=SA_RESTORER|SA_RESTART, sa_restorer=0x7f79c3d37d60}, 8) = 0
close(4)                                = 0
rt_sigprocmask(SIG_BLOCK, [INT], [], 8) = 0
read(3, "/etc/static/zshenv\n", 4096)   = 19
read(3, "", 4096)                       = 0
close(3)                                = 0
rt_sigprocmask(SIG_SETMASK, [], NULL, 8) = 0
--- SIGCHLD {si_signo=SIGCHLD, si_code=CLD_EXITED, si_pid=1436080, si_uid=1000, si_status=0, si_utime=0, si_stime=0} ---
wait4(-1, [{WIFEXITED(s) && WEXITSTATUS(s) == 0}], WNOHANG, NULL) = 1436080
wait4(-1, 0x7fff65d70990, WNOHANG, NULL) = -1 ECHILD (No child processes)
rt_sigreturn({mask=[]})                 = 0
rt_sigprocmask(SIG_BLOCK, [CHLD], [], 8) = 0
rt_sigaction(SIGINT, {sa_handler=0x447df0, sa_mask=[], sa_flags=SA_RESTORER, sa_restorer=0x7f79c3d37d60}, {sa_handler=SIG_DFL, sa_mask=[], sa_flags=SA_RESTORER, sa_restorer=0x7f79c3d37d60}, 8) = 0
rt_sigaction(SIGINT, {sa_handler=SIG_DFL, sa_mask=[], sa_flags=SA_RESTORER, sa_restorer=0x7f79c3d37d60}, {sa_handler=0x447df0, sa_mask=[], sa_flags=SA_RESTORER, sa_restorer=0x7f79c3d37d60}, 8) = 0
rt_sigprocmask(SIG_SETMASK, [], NULL, 8) = 0
newfstatat(AT_FDCWD, "/etc/zshrc", {st_mode=S_IFLNK|0777, st_size=17, ...}, AT_SYMLINK_NOFOLLOW) = 0
rt_sigprocmask(SIG_BLOCK, NULL, [], 8)  = 0
rt_sigprocmask(SIG_BLOCK, NULL, [], 8)  = 0
pipe2([3, 4], 0)                        = 0
rt_sigprocmask(SIG_BLOCK, [CHLD], [], 8) = 0
rt_sigprocmask(SIG_SETMASK, [], NULL, 8) = 0
rt_sigprocmask(SIG_BLOCK, NULL, [], 8)  = 0
rt_sigprocmask(SIG_BLOCK, [INT TERM CHLD], [], 8) = 0
clone(child_stack=NULL, flags=CLONE_CHILD_CLEARTID|CLONE_CHILD_SETTID|SIGCHLD, child_tidptr=0x7f79c3cfca10) = 1436081
rt_sigprocmask(SIG_SETMASK, [], NULL, 8) = 0
rt_sigaction(SIGCHLD, {sa_handler=0x44ac00, sa_mask=[], sa_flags=SA_RESTORER|SA_RESTART, sa_restorer=0x7f79c3d37d60}, {sa_handler=0x44ac00, sa_mask=[], sa_flags=SA_RESTORER|SA_RESTART, sa_restorer=0x7f79c3d37d60}, 8) = 0
close(4)                                = 0
rt_sigprocmask(SIG_BLOCK, [INT], [], 8) = 0
read(3, "/etc/static/zshrc\n", 4096)    = 18
read(3, "", 4096)                       = 0
close(3)                                = 0
rt_sigprocmask(SIG_SETMASK, [], NULL, 8) = 0
--- SIGCHLD {si_signo=SIGCHLD, si_code=CLD_EXITED, si_pid=1436081, si_uid=1000, si_status=0, si_utime=0, si_stime=0} ---
wait4(-1, [{WIFEXITED(s) && WEXITSTATUS(s) == 0}], WNOHANG, NULL) = 1436081
wait4(-1, 0x7fff65d70990, WNOHANG, NULL) = -1 ECHILD (No child processes)
rt_sigreturn({mask=[]})                 = 0
rt_sigprocmask(SIG_BLOCK, [CHLD], [], 8) = 0
rt_sigaction(SIGINT, {sa_handler=0x447df0, sa_mask=[], sa_flags=SA_RESTORER, sa_restorer=0x7f79c3d37d60}, {sa_handler=SIG_DFL, sa_mask=[], sa_flags=SA_RESTORER, sa_restorer=0x7f79c3d37d60}, 8) = 0
rt_sigaction(SIGINT, {sa_handler=SIG_DFL, sa_mask=[], sa_flags=SA_RESTORER, sa_restorer=0x7f79c3d37d60}, {sa_handler=0x447df0, sa_mask=[], sa_flags=SA_RESTORER, sa_restorer=0x7f79c3d37d60}, 8) = 0
rt_sigprocmask(SIG_SETMASK, [], NULL, 8) = 0
newfstatat(AT_FDCWD, "/etc/zinputrc", {st_mode=S_IFLNK|0777, st_size=20, ...}, AT_SYMLINK_NOFOLLOW) = 0
rt_sigprocmask(SIG_BLOCK, NULL, [], 8)  = 0
rt_sigprocmask(SIG_BLOCK, NULL, [], 8)  = 0
pipe2([3, 4], 0)                        = 0
rt_sigprocmask(SIG_BLOCK, [CHLD], [], 8) = 0
rt_sigprocmask(SIG_SETMASK, [], NULL, 8) = 0
rt_sigprocmask(SIG_BLOCK, NULL, [], 8)  = 0
rt_sigprocmask(SIG_BLOCK, [INT TERM CHLD], [], 8) = 0
clone(child_stack=NULL, flags=CLONE_CHILD_CLEARTID|CLONE_CHILD_SETTID|SIGCHLD, child_tidptr=0x7f79c3cfca10) = 1436082
rt_sigprocmask(SIG_SETMASK, [], NULL, 8) = 0
rt_sigaction(SIGCHLD, {sa_handler=0x44ac00, sa_mask=[], sa_flags=SA_RESTORER|SA_RESTART, sa_restorer=0x7f79c3d37d60}, {sa_handler=0x44ac00, sa_mask=[], sa_flags=SA_RESTORER|SA_RESTART, sa_restorer=0x7f79c3d37d60}, 8) = 0
close(4)                                = 0
rt_sigprocmask(SIG_BLOCK, [INT], [], 8) = 0
read(3, "/etc/static/zinputrc\n", 4096) = 21
read(3, "", 4096)                       = 0
close(3)                                = 0
--- SIGCHLD {si_signo=SIGCHLD, si_code=CLD_EXITED, si_pid=1436082, si_uid=1000, si_status=0, si_utime=0, si_stime=0} ---
wait4(-1, [{WIFEXITED(s) && WEXITSTATUS(s) == 0}], WNOHANG, NULL) = 1436082
wait4(-1, 0x7fff65d70a50, WNOHANG, NULL) = -1 ECHILD (No child processes)
rt_sigreturn({mask=[INT]})              = 0
rt_sigprocmask(SIG_SETMASK, [], NULL, 8) = 0
rt_sigprocmask(SIG_BLOCK, [CHLD], [], 8) = 0
rt_sigaction(SIGINT, {sa_handler=0x447df0, sa_mask=[], sa_flags=SA_RESTORER, sa_restorer=0x7f79c3d37d60}, {sa_handler=SIG_DFL, sa_mask=[], sa_flags=SA_RESTORER, sa_restorer=0x7f79c3d37d60}, 8) = 0
rt_sigaction(SIGINT, {sa_handler=SIG_DFL, sa_mask=[], sa_flags=SA_RESTORER, sa_restorer=0x7f79c3d37d60}, {sa_handler=0x447df0, sa_mask=[], sa_flags=SA_RESTORER, sa_restorer=0x7f79c3d37d60}, 8) = 0
rt_sigprocmask(SIG_SETMASK, [], NULL, 8) = 0
newfstatat(AT_FDCWD, "/etc/zprofile", {st_mode=S_IFLNK|0777, st_size=20, ...}, AT_SYMLINK_NOFOLLOW) = 0
rt_sigprocmask(SIG_BLOCK, NULL, [], 8)  = 0
rt_sigprocmask(SIG_BLOCK, NULL, [], 8)  = 0
pipe2([3, 4], 0)                        = 0
rt_sigprocmask(SIG_BLOCK, [CHLD], [], 8) = 0
rt_sigprocmask(SIG_SETMASK, [], NULL, 8) = 0
rt_sigprocmask(SIG_BLOCK, NULL, [], 8)  = 0
rt_sigprocmask(SIG_BLOCK, [INT TERM CHLD], [], 8) = 0
clone(child_stack=NULL, flags=CLONE_CHILD_CLEARTID|CLONE_CHILD_SETTID|SIGCHLD, child_tidptr=0x7f79c3cfca10) = 1436083
rt_sigprocmask(SIG_SETMASK, [], NULL, 8) = 0
rt_sigaction(SIGCHLD, {sa_handler=0x44ac00, sa_mask=[], sa_flags=SA_RESTORER|SA_RESTART, sa_restorer=0x7f79c3d37d60}, {sa_handler=0x44ac00, sa_mask=[], sa_flags=SA_RESTORER|SA_RESTART, sa_restorer=0x7f79c3d37d60}, 8) = 0
close(4)                                = 0
rt_sigprocmask(SIG_BLOCK, [INT], [], 8) = 0
read(3, "/etc/static/zprofile\n", 4096) = 21
read(3, "", 4096)                       = 0
close(3)                                = 0
rt_sigprocmask(SIG_SETMASK, [], NULL, 8) = 0
--- SIGCHLD {si_signo=SIGCHLD, si_code=CLD_EXITED, si_pid=1436083, si_uid=1000, si_status=0, si_utime=0, si_stime=0} ---
wait4(-1, [{WIFEXITED(s) && WEXITSTATUS(s) == 0}], WNOHANG, NULL) = 1436083
wait4(-1, 0x7fff65d70990, WNOHANG, NULL) = -1 ECHILD (No child processes)
rt_sigreturn({mask=[]})                 = 0
rt_sigprocmask(SIG_BLOCK, [CHLD], [], 8) = 0
rt_sigaction(SIGINT, {sa_handler=0x447df0, sa_mask=[], sa_flags=SA_RESTORER, sa_restorer=0x7f79c3d37d60}, {sa_handler=SIG_DFL, sa_mask=[], sa_flags=SA_RESTORER, sa_restorer=0x7f79c3d37d60}, 8) = 0
rt_sigaction(SIGINT, {sa_handler=SIG_DFL, sa_mask=[], sa_flags=SA_RESTORER, sa_restorer=0x7f79c3d37d60}, {sa_handler=0x447df0, sa_mask=[], sa_flags=SA_RESTORER, sa_restorer=0x7f79c3d37d60}, 8) = 0
rt_sigprocmask(SIG_SETMASK, [], NULL, 8) = 0
brk(0x81d000)                           = 0x81d000
brk(0x81e000)                           = 0x81e000
newfstatat(AT_FDCWD, "/etc/passwd", {st_mode=S_IFREG|0644, st_size=4351, ...}, AT_SYMLINK_NOFOLLOW) = 0
newfstatat(AT_FDCWD, "/etc/group", {st_mode=S_IFREG|0644, st_size=1019, ...}, AT_SYMLINK_NOFOLLOW) = 0
newfstatat(AT_FDCWD, "/etc/shadow", {st_mode=S_IFREG|0640, st_size=1223, ...}, AT_SYMLINK_NOFOLLOW) = 0
newfstatat(AT_FDCWD, "/etc/hosts", {st_mode=S_IFLNK|0777, st_size=17, ...}, AT_SYMLINK_NOFOLLOW) = 0
rt_sigprocmask(SIG_BLOCK, NULL, [], 8)  = 0
rt_sigprocmask(SIG_BLOCK, NULL, [], 8)  = 0
pipe2([3, 4], 0)                        = 0
rt_sigprocmask(SIG_BLOCK, [CHLD], [], 8) = 0
rt_sigprocmask(SIG_SETMASK, [], NULL, 8) = 0
rt_sigprocmask(SIG_BLOCK, NULL, [], 8)  = 0
rt_sigprocmask(SIG_BLOCK, [INT TERM CHLD], [], 8) = 0
clone(child_stack=NULL, flags=CLONE_CHILD_CLEARTID|CLONE_CHILD_SETTID|SIGCHLD, child_tidptr=0x7f79c3cfca10) = 1436084
rt_sigprocmask(SIG_SETMASK, [], NULL, 8) = 0
rt_sigaction(SIGCHLD, {sa_handler=0x44ac00, sa_mask=[], sa_flags=SA_RESTORER|SA_RESTART, sa_restorer=0x7f79c3d37d60}, {sa_handler=0x44ac00, sa_mask=[], sa_flags=SA_RESTORER|SA_RESTART, sa_restorer=0x7f79c3d37d60}, 8) = 0
close(4)                                = 0
rt_sigprocmask(SIG_BLOCK, [INT], [], 8) = 0
read(3, "/etc/static/hosts\n", 4096)    = 18
read(3, "", 4096)                       = 0
close(3)                                = 0
--- SIGCHLD {si_signo=SIGCHLD, si_code=CLD_EXITED, si_pid=1436084, si_uid=1000, si_status=0, si_utime=0, si_stime=0} ---
wait4(-1, [{WIFEXITED(s) && WEXITSTATUS(s) == 0}], WNOHANG, NULL) = 1436084
wait4(-1, 0x7fff65d70a50, WNOHANG, NULL) = -1 ECHILD (No child processes)
rt_sigreturn({mask=[INT]})              = 0
rt_sigprocmask(SIG_SETMASK, [], NULL, 8) = 0
rt_sigprocmask(SIG_BLOCK, [CHLD], [], 8) = 0
rt_sigaction(SIGINT, {sa_handler=0x447df0, sa_mask=[], sa_flags=SA_RESTORER, sa_restorer=0x7f79c3d37d60}, {sa_handler=SIG_DFL, sa_mask=[], sa_flags=SA_RESTORER, sa_restorer=0x7f79c3d37d60}, 8) = 0
rt_sigaction(SIGINT, {sa_handler=SIG_DFL, sa_mask=[], sa_flags=SA_RESTORER, sa_restorer=0x7f79c3d37d60}, {sa_handler=0x447df0, sa_mask=[], sa_flags=SA_RESTORER, sa_restorer=0x7f79c3d37d60}, 8) = 0
rt_sigprocmask(SIG_SETMASK, [], NULL, 8) = 0
newfstatat(AT_FDCWD, "/etc/resolv.conf", {st_mode=S_IFLNK|0777, st_size=23, ...}, AT_SYMLINK_NOFOLLOW) = 0
rt_sigprocmask(SIG_BLOCK, NULL, [], 8)  = 0
rt_sigprocmask(SIG_BLOCK, NULL, [], 8)  = 0
pipe2([3, 4], 0)                        = 0
rt_sigprocmask(SIG_BLOCK, [CHLD], [], 8) = 0
rt_sigprocmask(SIG_SETMASK, [], NULL, 8) = 0
rt_sigprocmask(SIG_BLOCK, NULL, [], 8)  = 0
rt_sigprocmask(SIG_BLOCK, [INT TERM CHLD], [], 8) = 0
clone(child_stack=NULL, flags=CLONE_CHILD_CLEARTID|CLONE_CHILD_SETTID|SIGCHLD, child_tidptr=0x7f79c3cfca10) = 1436085
rt_sigprocmask(SIG_SETMASK, [], NULL, 8) = 0
rt_sigaction(SIGCHLD, {sa_handler=0x44ac00, sa_mask=[], sa_flags=SA_RESTORER|SA_RESTART, sa_restorer=0x7f79c3d37d60}, {sa_handler=0x44ac00, sa_mask=[], sa_flags=SA_RESTORER|SA_RESTART, sa_restorer=0x7f79c3d37d60}, 8) = 0
close(4)                                = 0
rt_sigprocmask(SIG_BLOCK, [INT], [], 8) = 0
read(3, "/etc/static/resolv.conf\n", 4096) = 24
read(3, "", 4096)                       = 0
close(3)                                = 0
rt_sigprocmask(SIG_SETMASK, [], NULL, 8) = 0
--- SIGCHLD {si_signo=SIGCHLD, si_code=CLD_EXITED, si_pid=1436085, si_uid=1000, si_status=0, si_utime=0, si_stime=0} ---
wait4(-1, [{WIFEXITED(s) && WEXITSTATUS(s) == 0}], WNOHANG, NULL) = 1436085
wait4(-1, 0x7fff65d70990, WNOHANG, NULL) = -1 ECHILD (No child processes)
rt_sigreturn({mask=[]})                 = 0
rt_sigprocmask(SIG_BLOCK, [CHLD], [], 8) = 0
rt_sigaction(SIGINT, {sa_handler=0x447df0, sa_mask=[], sa_flags=SA_RESTORER, sa_restorer=0x7f79c3d37d60}, {sa_handler=SIG_DFL, sa_mask=[], sa_flags=SA_RESTORER, sa_restorer=0x7f79c3d37d60}, 8) = 0
rt_sigaction(SIGINT, {sa_handler=SIG_DFL, sa_mask=[], sa_flags=SA_RESTORER, sa_restorer=0x7f79c3d37d60}, {sa_handler=0x447df0, sa_mask=[], sa_flags=SA_RESTORER, sa_restorer=0x7f79c3d37d60}, 8) = 0
rt_sigprocmask(SIG_SETMASK, [], NULL, 8) = 0
newfstatat(AT_FDCWD, "/etc/nsswitch.conf", {st_mode=S_IFLNK|0777, st_size=25, ...}, AT_SYMLINK_NOFOLLOW) = 0
rt_sigprocmask(SIG_BLOCK, NULL, [], 8)  = 0
rt_sigprocmask(SIG_BLOCK, NULL, [], 8)  = 0
pipe2([3, 4], 0)                        = 0
rt_sigprocmask(SIG_BLOCK, [CHLD], [], 8) = 0
rt_sigprocmask(SIG_SETMASK, [], NULL, 8) = 0
rt_sigprocmask(SIG_BLOCK, NULL, [], 8)  = 0
rt_sigprocmask(SIG_BLOCK, [INT TERM CHLD], [], 8) = 0
clone(child_stack=NULL, flags=CLONE_CHILD_CLEARTID|CLONE_CHILD_SETTID|SIGCHLD, child_tidptr=0x7f79c3cfca10) = 1436086
rt_sigprocmask(SIG_SETMASK, [], NULL, 8) = 0
rt_sigaction(SIGCHLD, {sa_handler=0x44ac00, sa_mask=[], sa_flags=SA_RESTORER|SA_RESTART, sa_restorer=0x7f79c3d37d60}, {sa_handler=0x44ac00, sa_mask=[], sa_flags=SA_RESTORER|SA_RESTART, sa_restorer=0x7f79c3d37d60}, 8) = 0
close(4)                                = 0
rt_sigprocmask(SIG_BLOCK, [INT], [], 8) = 0
read(3, "/etc/static/nsswitch.conf\n", 4096) = 26
read(3, "", 4096)                       = 0
close(3)                                = 0
rt_sigprocmask(SIG_SETMASK, [], NULL, 8) = 0
--- SIGCHLD {si_signo=SIGCHLD, si_code=CLD_EXITED, si_pid=1436086, si_uid=1000, si_status=0, si_utime=0, si_stime=0} ---
wait4(-1, [{WIFEXITED(s) && WEXITSTATUS(s) == 0}], WNOHANG, NULL) = 1436086
wait4(-1, 0x7fff65d70990, WNOHANG, NULL) = -1 ECHILD (No child processes)
rt_sigreturn({mask=[]})                 = 0
rt_sigprocmask(SIG_BLOCK, [CHLD], [], 8) = 0
rt_sigaction(SIGINT, {sa_handler=0x447df0, sa_mask=[], sa_flags=SA_RESTORER, sa_restorer=0x7f79c3d37d60}, {sa_handler=SIG_DFL, sa_mask=[], sa_flags=SA_RESTORER, sa_restorer=0x7f79c3d37d60}, 8) = 0
rt_sigaction(SIGINT, {sa_handler=SIG_DFL, sa_mask=[], sa_flags=SA_RESTORER, sa_restorer=0x7f79c3d37d60}, {sa_handler=0x447df0, sa_mask=[], sa_flags=SA_RESTORER, sa_restorer=0x7f79c3d37d60}, 8) = 0
rt_sigprocmask(SIG_SETMASK, [], NULL, 8) = 0
brk(0x81f000)                           = 0x81f000
brk(0x820000)                           = 0x820000
brk(0x821000)                           = 0x821000
brk(0x822000)                           = 0x822000
brk(0x823000)                           = 0x823000
brk(0x824000)                           = 0x824000
newfstatat(AT_FDCWD, "/etc/profiles", {st_mode=S_IFDIR|0755, st_size=4096, ...}, AT_SYMLINK_NOFOLLOW) = 0
brk(0x825000)                           = 0x825000
brk(0x826000)                           = 0x826000
brk(0x827000)                           = 0x827000
newfstatat(AT_FDCWD, "/etc/sudoers", {st_mode=S_IFREG|0440, st_size=481, ...}, AT_SYMLINK_NOFOLLOW) = 0
newfstatat(AT_FDCWD, "/etc/sudoers.d", 0x7fff65d71750, AT_SYMLINK_NOFOLLOW) = -1 ENOENT (No such file or directory)
newfstatat(AT_FDCWD, "/etc/localtime", {st_mode=S_IFLNK|0777, st_size=33, ...}, AT_SYMLINK_NOFOLLOW) = 0
rt_sigprocmask(SIG_BLOCK, NULL, [], 8)  = 0
rt_sigprocmask(SIG_BLOCK, NULL, [], 8)  = 0
pipe2([3, 4], 0)                        = 0
rt_sigprocmask(SIG_BLOCK, [CHLD], [], 8) = 0
rt_sigprocmask(SIG_SETMASK, [], NULL, 8) = 0
rt_sigprocmask(SIG_BLOCK, NULL, [], 8)  = 0
rt_sigprocmask(SIG_BLOCK, [INT TERM CHLD], [], 8) = 0
clone(child_stack=NULL, flags=CLONE_CHILD_CLEARTID|CLONE_CHILD_SETTID|SIGCHLD, child_tidptr=0x7f79c3cfca10) = 1436087
rt_sigprocmask(SIG_SETMASK, [], NULL, 8) = 0
rt_sigaction(SIGCHLD, {sa_handler=0x44ac00, sa_mask=[], sa_flags=SA_RESTORER|SA_RESTART, sa_restorer=0x7f79c3d37d60}, {sa_handler=0x44ac00, sa_mask=[], sa_flags=SA_RESTORER|SA_RESTART, sa_restorer=0x7f79c3d37d60}, 8) = 0
close(4)                                = 0
rt_sigprocmask(SIG_BLOCK, [INT], [], 8) = 0
read(3, "/etc/zoneinfo/America/Los_Angele"..., 4096) = 34
read(3, "", 4096)                       = 0
close(3)                                = 0
rt_sigprocmask(SIG_SETMASK, [], NULL, 8) = 0
--- SIGCHLD {si_signo=SIGCHLD, si_code=CLD_EXITED, si_pid=1436087, si_uid=1000, si_status=0, si_utime=0, si_stime=0} ---
wait4(-1, [{WIFEXITED(s) && WEXITSTATUS(s) == 0}], WNOHANG, NULL) = 1436087
wait4(-1, 0x7fff65d70990, WNOHANG, NULL) = -1 ECHILD (No child processes)
rt_sigreturn({mask=[]})                 = 0
rt_sigprocmask(SIG_BLOCK, [CHLD], [], 8) = 0
rt_sigaction(SIGINT, {sa_handler=0x447df0, sa_mask=[], sa_flags=SA_RESTORER, sa_restorer=0x7f79c3d37d60}, {sa_handler=SIG_DFL, sa_mask=[], sa_flags=SA_RESTORER, sa_restorer=0x7f79c3d37d60}, 8) = 0
rt_sigaction(SIGINT, {sa_handler=SIG_DFL, sa_mask=[], sa_flags=SA_RESTORER, sa_restorer=0x7f79c3d37d60}, {sa_handler=0x447df0, sa_mask=[], sa_flags=SA_RESTORER, sa_restorer=0x7f79c3d37d60}, 8) = 0
rt_sigprocmask(SIG_SETMASK, [], NULL, 8) = 0
newfstatat(AT_FDCWD, "/etc/zoneinfo", {st_mode=S_IFLNK|0777, st_size=20, ...}, AT_SYMLINK_NOFOLLOW) = 0
rt_sigprocmask(SIG_BLOCK, NULL, [], 8)  = 0
rt_sigprocmask(SIG_BLOCK, NULL, [], 8)  = 0
pipe2([3, 4], 0)                        = 0
rt_sigprocmask(SIG_BLOCK, [CHLD], [], 8) = 0
rt_sigprocmask(SIG_SETMASK, [], NULL, 8) = 0
rt_sigprocmask(SIG_BLOCK, NULL, [], 8)  = 0
rt_sigprocmask(SIG_BLOCK, [INT TERM CHLD], [], 8) = 0
clone(child_stack=NULL, flags=CLONE_CHILD_CLEARTID|CLONE_CHILD_SETTID|SIGCHLD, child_tidptr=0x7f79c3cfca10) = 1436088
rt_sigprocmask(SIG_SETMASK, [], NULL, 8) = 0
rt_sigaction(SIGCHLD, {sa_handler=0x44ac00, sa_mask=[], sa_flags=SA_RESTORER|SA_RESTART, sa_restorer=0x7f79c3d37d60}, {sa_handler=0x44ac00, sa_mask=[], sa_flags=SA_RESTORER|SA_RESTART, sa_restorer=0x7f79c3d37d60}, 8) = 0
close(4)                                = 0
rt_sigprocmask(SIG_BLOCK, [INT], [], 8) = 0
read(3, "/etc/static/zoneinfo\n", 4096) = 21
read(3, "", 4096)                       = 0
close(3)                                = 0
rt_sigprocmask(SIG_SETMASK, [], NULL, 8) = 0
--- SIGCHLD {si_signo=SIGCHLD, si_code=CLD_EXITED, si_pid=1436088, si_uid=1000, si_status=0, si_utime=0, si_stime=0} ---
wait4(-1, [{WIFEXITED(s) && WEXITSTATUS(s) == 0}], WNOHANG, NULL) = 1436088
wait4(-1, 0x7fff65d70990, WNOHANG, NULL) = -1 ECHILD (No child processes)
rt_sigreturn({mask=[]})                 = 0
rt_sigprocmask(SIG_BLOCK, [CHLD], [], 8) = 0
rt_sigaction(SIGINT, {sa_handler=0x447df0, sa_mask=[], sa_flags=SA_RESTORER, sa_restorer=0x7f79c3d37d60}, {sa_handler=SIG_DFL, sa_mask=[], sa_flags=SA_RESTORER, sa_restorer=0x7f79c3d37d60}, 8) = 0
rt_sigaction(SIGINT, {sa_handler=SIG_DFL, sa_mask=[], sa_flags=SA_RESTORER, sa_restorer=0x7f79c3d37d60}, {sa_handler=0x447df0, sa_mask=[], sa_flags=SA_RESTORER, sa_restorer=0x7f79c3d37d60}, 8) = 0
rt_sigprocmask(SIG_SETMASK, [], NULL, 8) = 0
newfstatat(AT_FDCWD, "/etc/machine-id", {st_mode=S_IFREG|0444, st_size=33, ...}, AT_SYMLINK_NOFOLLOW) = 0
newfstatat(AT_FDCWD, "/etc/os-release", {st_mode=S_IFLNK|0777, st_size=22, ...}, AT_SYMLINK_NOFOLLOW) = 0
rt_sigprocmask(SIG_BLOCK, NULL, [], 8)  = 0
rt_sigprocmask(SIG_BLOCK, NULL, [], 8)  = 0
pipe2([3, 4], 0)                        = 0
rt_sigprocmask(SIG_BLOCK, [CHLD], [], 8) = 0
rt_sigprocmask(SIG_SETMASK, [], NULL, 8) = 0
rt_sigprocmask(SIG_BLOCK, NULL, [], 8)  = 0
rt_sigprocmask(SIG_BLOCK, [INT TERM CHLD], [], 8) = 0
clone(child_stack=NULL, flags=CLONE_CHILD_CLEARTID|CLONE_CHILD_SETTID|SIGCHLD, child_tidptr=0x7f79c3cfca10) = 1436089
rt_sigprocmask(SIG_SETMASK, [], NULL, 8) = 0
rt_sigaction(SIGCHLD, {sa_handler=0x44ac00, sa_mask=[], sa_flags=SA_RESTORER|SA_RESTART, sa_restorer=0x7f79c3d37d60}, {sa_handler=0x44ac00, sa_mask=[], sa_flags=SA_RESTORER|SA_RESTART, sa_restorer=0x7f79c3d37d60}, 8) = 0
close(4)                                = 0
rt_sigprocmask(SIG_BLOCK, [INT], [], 8) = 0
read(3, "/etc/static/os-release\n", 4096) = 23
read(3, "", 4096)                       = 0
close(3)                                = 0
rt_sigprocmask(SIG_SETMASK, [], NULL, 8) = 0
--- SIGCHLD {si_signo=SIGCHLD, si_code=CLD_EXITED, si_pid=1436089, si_uid=1000, si_status=0, si_utime=0, si_stime=0} ---
wait4(-1, [{WIFEXITED(s) && WEXITSTATUS(s) == 0}], WNOHANG, NULL) = 1436089
wait4(-1, 0x7fff65d70990, WNOHANG, NULL) = -1 ECHILD (No child processes)
rt_sigreturn({mask=[]})                 = 0
rt_sigprocmask(SIG_BLOCK, [CHLD], [], 8) = 0
rt_sigaction(SIGINT, {sa_handler=0x447df0, sa_mask=[], sa_flags=SA_RESTORER, sa_restorer=0x7f79c3d37d60}, {sa_handler=SIG_DFL, sa_mask=[], sa_flags=SA_RESTORER, sa_restorer=0x7f79c3d37d60}, 8) = 0
rt_sigaction(SIGINT, {sa_handler=SIG_DFL, sa_mask=[], sa_flags=SA_RESTORER, sa_restorer=0x7f79c3d37d60}, {sa_handler=0x447df0, sa_mask=[], sa_flags=SA_RESTORER, sa_restorer=0x7f79c3d37d60}, 8) = 0
rt_sigprocmask(SIG_SETMASK, [], NULL, 8) = 0
newfstatat(AT_FDCWD, "/etc/fonts", {st_mode=S_IFLNK|0777, st_size=17, ...}, AT_SYMLINK_NOFOLLOW) = 0
rt_sigprocmask(SIG_BLOCK, NULL, [], 8)  = 0
rt_sigprocmask(SIG_BLOCK, NULL, [], 8)  = 0
pipe2([3, 4], 0)                        = 0
rt_sigprocmask(SIG_BLOCK, [CHLD], [], 8) = 0
rt_sigprocmask(SIG_SETMASK, [], NULL, 8) = 0
rt_sigprocmask(SIG_BLOCK, NULL, [], 8)  = 0
rt_sigprocmask(SIG_BLOCK, [INT TERM CHLD], [], 8) = 0
clone(child_stack=NULL, flags=CLONE_CHILD_CLEARTID|CLONE_CHILD_SETTID|SIGCHLD, child_tidptr=0x7f79c3cfca10) = 1436090
rt_sigprocmask(SIG_SETMASK, [], NULL, 8) = 0
rt_sigaction(SIGCHLD, {sa_handler=0x44ac00, sa_mask=[], sa_flags=SA_RESTORER|SA_RESTART, sa_restorer=0x7f79c3d37d60}, {sa_handler=0x44ac00, sa_mask=[], sa_flags=SA_RESTORER|SA_RESTART, sa_restorer=0x7f79c3d37d60}, 8) = 0
close(4)                                = 0
rt_sigprocmask(SIG_BLOCK, [INT], [], 8) = 0
read(3, "/etc/static/fonts\n", 4096)    = 18
--- SIGCHLD {si_signo=SIGCHLD, si_code=CLD_EXITED, si_pid=1436090, si_uid=1000, si_status=0, si_utime=0, si_stime=0} ---
wait4(-1, [{WIFEXITED(s) && WEXITSTATUS(s) == 0}], WNOHANG, NULL) = 1436090
wait4(-1, 0x7fff65d6f950, WNOHANG, NULL) = -1 ECHILD (No child processes)
rt_sigreturn({mask=[INT]})              = 18
read(3, "", 4096)                       = 0
close(3)                                = 0
rt_sigprocmask(SIG_SETMASK, [], NULL, 8) = 0
rt_sigprocmask(SIG_BLOCK, [CHLD], [], 8) = 0
rt_sigaction(SIGINT, {sa_handler=0x447df0, sa_mask=[], sa_flags=SA_RESTORER, sa_restorer=0x7f79c3d37d60}, {sa_handler=SIG_DFL, sa_mask=[], sa_flags=SA_RESTORER, sa_restorer=0x7f79c3d37d60}, 8) = 0
rt_sigaction(SIGINT, {sa_handler=SIG_DFL, sa_mask=[], sa_flags=SA_RESTORER, sa_restorer=0x7f79c3d37d60}, {sa_handler=0x447df0, sa_mask=[], sa_flags=SA_RESTORER, sa_restorer=0x7f79c3d37d60}, 8) = 0
rt_sigprocmask(SIG_SETMASK, [], NULL, 8) = 0
newfstatat(AT_FDCWD, "/etc/alsa", {st_mode=S_IFDIR|0755, st_size=4096, ...}, AT_SYMLINK_NOFOLLOW) = 0
newfstatat(AT_FDCWD, "/etc/asound.conf", 0x7fff65d71750, AT_SYMLINK_NOFOLLOW) = -1 ENOENT (No such file or directory)
newfstatat(AT_FDCWD, "/etc/ssl/certs", {st_mode=S_IFDIR|0755, st_size=4096, ...}, AT_SYMLINK_NOFOLLOW) = 0
newfstatat(AT_FDCWD, "/etc/ca-certificates", 0x7fff65d71750, AT_SYMLINK_NOFOLLOW) = -1 ENOENT (No such file or directory)
newfstatat(AT_FDCWD, "/etc/pki", {st_mode=S_IFDIR|0755, st_size=4096, ...}, AT_SYMLINK_NOFOLLOW) = 0
read(255, "\ndeclare -a auto_mounts\n# loop t"..., 4345) = 2614
openat(AT_FDCWD, "/", O_RDONLY|O_NONBLOCK|O_CLOEXEC|O_DIRECTORY) = 3
newfstatat(3, "", {st_mode=S_IFDIR|0755, st_size=4096, ...}, AT_EMPTY_PATH) = 0
brk(0x837000)                           = 0x837000
getdents64(3, 0x827040 /* 20 entries */, 32768) = 496
getdents64(3, 0x827040 /* 0 entries */, 32768) = 0
brk(0x827000)                           = 0x827000
close(3)                                = 0
newfstatat(AT_FDCWD, "/bin", {st_mode=S_IFDIR|0755, st_size=4096, ...}, 0) = 0
newfstatat(AT_FDCWD, "/boot", {st_mode=S_IFDIR|0755, st_size=16384, ...}, 0) = 0
newfstatat(AT_FDCWD, "/dev", {st_mode=S_IFDIR|0755, st_size=3840, ...}, 0) = 0
newfstatat(AT_FDCWD, "/etc", {st_mode=S_IFDIR|0755, st_size=4096, ...}, 0) = 0
newfstatat(AT_FDCWD, "/home", {st_mode=S_IFDIR|0755, st_size=4096, ...}, 0) = 0
newfstatat(AT_FDCWD, "/lib64", {st_mode=S_IFDIR|0755, st_size=4096, ...}, 0) = 0
newfstatat(AT_FDCWD, "/lost+found", {st_mode=S_IFDIR|0700, st_size=16384, ...}, 0) = 0
newfstatat(AT_FDCWD, "/mnt", {st_mode=S_IFDIR|0755, st_size=4096, ...}, 0) = 0
newfstatat(AT_FDCWD, "/nix", {st_mode=S_IFDIR|0755, st_size=4096, ...}, 0) = 0
newfstatat(AT_FDCWD, "/opt", {st_mode=S_IFDIR|0711, st_size=4096, ...}, 0) = 0
newfstatat(AT_FDCWD, "/proc", {st_mode=S_IFDIR|0555, st_size=0, ...}, 0) = 0
newfstatat(AT_FDCWD, "/root", {st_mode=S_IFDIR|0700, st_size=4096, ...}, 0) = 0
newfstatat(AT_FDCWD, "/run", {st_mode=S_IFDIR|0755, st_size=760, ...}, 0) = 0
newfstatat(AT_FDCWD, "/srv", {st_mode=S_IFDIR|0755, st_size=4096, ...}, 0) = 0
newfstatat(AT_FDCWD, "/sys", {st_mode=S_IFDIR|0555, st_size=0, ...}, 0) = 0
newfstatat(AT_FDCWD, "/tmp", {st_mode=S_IFDIR|S_ISVTX|0777, st_size=69632, ...}, 0) = 0
newfstatat(AT_FDCWD, "/usr", {st_mode=S_IFDIR|0755, st_size=4096, ...}, 0) = 0
newfstatat(AT_FDCWD, "/var", {st_mode=S_IFDIR|0755, st_size=4096, ...}, 0) = 0
rt_sigprocmask(SIG_BLOCK, NULL, [], 8)  = 0
rt_sigprocmask(SIG_BLOCK, NULL, [], 8)  = 0
pipe2([3, 4], 0)                        = 0
rt_sigprocmask(SIG_BLOCK, [CHLD], [], 8) = 0
rt_sigprocmask(SIG_SETMASK, [], NULL, 8) = 0
rt_sigprocmask(SIG_BLOCK, NULL, [], 8)  = 0
rt_sigprocmask(SIG_BLOCK, [INT TERM CHLD], [], 8) = 0
lseek(255, -18, SEEK_CUR)               = 4327
clone(child_stack=NULL, flags=CLONE_CHILD_CLEARTID|CLONE_CHILD_SETTID|SIGCHLD, child_tidptr=0x7f79c3cfca10) = 1436091
rt_sigprocmask(SIG_SETMASK, [], NULL, 8) = 0
rt_sigaction(SIGCHLD, {sa_handler=0x44ac00, sa_mask=[], sa_flags=SA_RESTORER|SA_RESTART, sa_restorer=0x7f79c3d37d60}, {sa_handler=0x44ac00, sa_mask=[], sa_flags=SA_RESTORER|SA_RESTART, sa_restorer=0x7f79c3d37d60}, 8) = 0
close(4)                                = 0
rt_sigprocmask(SIG_BLOCK, [INT], [], 8) = 0
read(3, "/home/erahhal/Code/nixcfg\n", 4096) = 26
read(3, "", 4096)                       = 0
--- SIGCHLD {si_signo=SIGCHLD, si_code=CLD_EXITED, si_pid=1436091, si_uid=1000, si_status=0, si_utime=0, si_stime=0} ---
wait4(-1, [{WIFEXITED(s) && WEXITSTATUS(s) == 0}], WNOHANG, NULL) = 1436091
wait4(-1, 0x7fff65d6fd10, WNOHANG, NULL) = -1 ECHILD (No child processes)
rt_sigreturn({mask=[INT]})              = 0
close(3)                                = 0
rt_sigprocmask(SIG_SETMASK, [], NULL, 8) = 0
rt_sigprocmask(SIG_BLOCK, [CHLD], [], 8) = 0
rt_sigaction(SIGINT, {sa_handler=0x447df0, sa_mask=[], sa_flags=SA_RESTORER, sa_restorer=0x7f79c3d37d60}, {sa_handler=SIG_DFL, sa_mask=[], sa_flags=SA_RESTORER, sa_restorer=0x7f79c3d37d60}, 8) = 0
rt_sigaction(SIGINT, {sa_handler=SIG_DFL, sa_mask=[], sa_flags=SA_RESTORER, sa_restorer=0x7f79c3d37d60}, {sa_handler=0x447df0, sa_mask=[], sa_flags=SA_RESTORER, sa_restorer=0x7f79c3d37d60}, 8) = 0
rt_sigprocmask(SIG_SETMASK, [], NULL, 8) = 0
brk(0x828000)                           = 0x828000
brk(0x829000)                           = 0x829000
brk(0x82a000)                           = 0x82a000
read(255, "exec \"${cmd[@]}\"\n\n", 4345) = 18
brk(0x82b000)                           = 0x82b000
brk(0x82d000)                           = 0x82d000
brk(0x82f000)                           = 0x82f000
brk(0x82d000)                           = 0x82d000
brk(0x82f000)                           = 0x82f000
brk(0x82d000)                           = 0x82d000
brk(0x82e000)                           = 0x82e000
brk(0x82f000)                           = 0x82f000
brk(0x830000)                           = 0x830000
brk(0x831000)                           = 0x831000
brk(0x835000)                           = 0x835000
rt_sigaction(SIGINT, {sa_handler=SIG_DFL, sa_mask=[], sa_flags=SA_RESTORER, sa_restorer=0x7f79c3d37d60}, {sa_handler=SIG_DFL, sa_mask=[], sa_flags=SA_RESTORER, sa_restorer=0x7f79c3d37d60}, 8) = 0
rt_sigaction(SIGQUIT, {sa_handler=SIG_DFL, sa_mask=[], sa_flags=SA_RESTORER, sa_restorer=0x7f79c3d37d60}, {sa_handler=SIG_IGN, sa_mask=[], sa_flags=SA_RESTORER, sa_restorer=0x7f79c3d37d60}, 8) = 0
rt_sigaction(SIGCHLD, {sa_handler=SIG_DFL, sa_mask=[], sa_flags=SA_RESTORER|SA_RESTART, sa_restorer=0x7f79c3d37d60}, {sa_handler=0x44ac00, sa_mask=[], sa_flags=SA_RESTORER|SA_RESTART, sa_restorer=0x7f79c3d37d60}, 8) = 0
lseek(255, -1, SEEK_CUR)                = 4344
execve("/nix/store/hdmv0c9wdjp088y5yyy2mfgbysc7y8h3-bubblewrap-0.8.0/bin/bwrap", ["/nix/store/hdmv0c9wdjp088y5yyy2m"..., "--dev-bind", "/dev", "/dev", "--proc", "/proc", "--chdir", "/home/erahhal/Code/nixcfg", "--unshare-user", "--unshare-ipc", "--unshare-pid", "--unshare-uts", "--unshare-cgroup", "--die-with-parent", "--ro-bind", "/nix", "/nix", "--tmpfs", "/nix/store/dg8mpqqykmw9c7l0bgzzb"..., "--symlink", "/etc/ld.so.conf", "/nix/store/dg8mpqqykmw9c7l0bgzzb"..., "--symlink", "/etc/ld.so.cache", "/nix/store/dg8mpqqykmw9c7l0bgzzb"..., "--ro-bind", "/nix/store/dg8mpqqykmw9c7l0bgzzb"..., "/nix/store/dg8mpqqykmw9c7l0bgzzb"..., "--remount-ro", "/nix/store/dg8mpqqykmw9c7l0bgzzb"..., "--tmpfs", "/nix/store/kzkcx1qdmfm608m5i71v7"..., ...], 0x7f9010 /* 246 vars */) = 0
brk(NULL)                               = 0x1d17000
arch_prctl(0x3001 /* ARCH_??? */, 0x7ffd0ea37aa0) = -1 EINVAL (Invalid argument)
mmap(NULL, 8192, PROT_READ|PROT_WRITE, MAP_PRIVATE|MAP_ANONYMOUS, -1, 0) = 0x7f8f65dda000
access("/etc/ld-nix.so.preload", R_OK)  = -1 ENOENT (No such file or directory)
openat(AT_FDCWD, "/nix/store/j25bk9yxdqcvrirx4vvrxpaiw1cfr0sm-pipewire-0.3.71-jack/lib/glibc-hwcaps/x86-64-v3/libselinux.so.1", O_RDONLY|O_CLOEXEC) = -1 ENOENT (No such file or directory)
newfstatat(AT_FDCWD, "/nix/store/j25bk9yxdqcvrirx4vvrxpaiw1cfr0sm-pipewire-0.3.71-jack/lib/glibc-hwcaps/x86-64-v3", 0x7ffd0ea36cd0, 0) = -1 ENOENT (No such file or directory)
openat(AT_FDCWD, "/nix/store/j25bk9yxdqcvrirx4vvrxpaiw1cfr0sm-pipewire-0.3.71-jack/lib/glibc-hwcaps/x86-64-v2/libselinux.so.1", O_RDONLY|O_CLOEXEC) = -1 ENOENT (No such file or directory)
newfstatat(AT_FDCWD, "/nix/store/j25bk9yxdqcvrirx4vvrxpaiw1cfr0sm-pipewire-0.3.71-jack/lib/glibc-hwcaps/x86-64-v2", 0x7ffd0ea36cd0, 0) = -1 ENOENT (No such file or directory)
openat(AT_FDCWD, "/nix/store/j25bk9yxdqcvrirx4vvrxpaiw1cfr0sm-pipewire-0.3.71-jack/lib/libselinux.so.1", O_RDONLY|O_CLOEXEC) = -1 ENOENT (No such file or directory)
newfstatat(AT_FDCWD, "/nix/store/j25bk9yxdqcvrirx4vvrxpaiw1cfr0sm-pipewire-0.3.71-jack/lib", {st_mode=S_IFDIR|0555, st_size=4096, ...}, 0) = 0
openat(AT_FDCWD, "/nix/store/xv4jzaqbdm17iq616gf0vspj24ngxg93-libcap-2.68-lib/lib/glibc-hwcaps/x86-64-v3/libselinux.so.1", O_RDONLY|O_CLOEXEC) = -1 ENOENT (No such file or directory)
newfstatat(AT_FDCWD, "/nix/store/xv4jzaqbdm17iq616gf0vspj24ngxg93-libcap-2.68-lib/lib/glibc-hwcaps/x86-64-v3", 0x7ffd0ea36cd0, 0) = -1 ENOENT (No such file or directory)
openat(AT_FDCWD, "/nix/store/xv4jzaqbdm17iq616gf0vspj24ngxg93-libcap-2.68-lib/lib/glibc-hwcaps/x86-64-v2/libselinux.so.1", O_RDONLY|O_CLOEXEC) = -1 ENOENT (No such file or directory)
newfstatat(AT_FDCWD, "/nix/store/xv4jzaqbdm17iq616gf0vspj24ngxg93-libcap-2.68-lib/lib/glibc-hwcaps/x86-64-v2", 0x7ffd0ea36cd0, 0) = -1 ENOENT (No such file or directory)
openat(AT_FDCWD, "/nix/store/xv4jzaqbdm17iq616gf0vspj24ngxg93-libcap-2.68-lib/lib/libselinux.so.1", O_RDONLY|O_CLOEXEC) = -1 ENOENT (No such file or directory)
newfstatat(AT_FDCWD, "/nix/store/xv4jzaqbdm17iq616gf0vspj24ngxg93-libcap-2.68-lib/lib", {st_mode=S_IFDIR|0555, st_size=4096, ...}, 0) = 0
openat(AT_FDCWD, "/nix/store/k2b3xdkdflrv38wz8a311dhvac0v1rrb-libselinux-3.3/lib/glibc-hwcaps/x86-64-v3/libselinux.so.1", O_RDONLY|O_CLOEXEC) = -1 ENOENT (No such file or directory)
newfstatat(AT_FDCWD, "/nix/store/k2b3xdkdflrv38wz8a311dhvac0v1rrb-libselinux-3.3/lib/glibc-hwcaps/x86-64-v3", 0x7ffd0ea36cd0, 0) = -1 ENOENT (No such file or directory)
openat(AT_FDCWD, "/nix/store/k2b3xdkdflrv38wz8a311dhvac0v1rrb-libselinux-3.3/lib/glibc-hwcaps/x86-64-v2/libselinux.so.1", O_RDONLY|O_CLOEXEC) = -1 ENOENT (No such file or directory)
newfstatat(AT_FDCWD, "/nix/store/k2b3xdkdflrv38wz8a311dhvac0v1rrb-libselinux-3.3/lib/glibc-hwcaps/x86-64-v2", 0x7ffd0ea36cd0, 0) = -1 ENOENT (No such file or directory)
openat(AT_FDCWD, "/nix/store/k2b3xdkdflrv38wz8a311dhvac0v1rrb-libselinux-3.3/lib/libselinux.so.1", O_RDONLY|O_CLOEXEC) = 3
read(3, "\177ELF\2\1\1\0\0\0\0\0\0\0\0\0\3\0>\0\1\0\0\0\0\0\0\0\0\0\0\0"..., 832) = 832
newfstatat(3, "", {st_mode=S_IFREG|0555, st_size=200040, ...}, AT_EMPTY_PATH) = 0
mmap(NULL, 181456, PROT_READ, MAP_PRIVATE|MAP_DENYWRITE, 3, 0) = 0x7f8f65dad000
mmap(0x7f8f65db4000, 106496, PROT_READ|PROT_EXEC, MAP_PRIVATE|MAP_FIXED|MAP_DENYWRITE, 3, 0x7000) = 0x7f8f65db4000
mmap(0x7f8f65dce000, 32768, PROT_READ, MAP_PRIVATE|MAP_FIXED|MAP_DENYWRITE, 3, 0x21000) = 0x7f8f65dce000
mmap(0x7f8f65dd6000, 8192, PROT_READ|PROT_WRITE, MAP_PRIVATE|MAP_FIXED|MAP_DENYWRITE, 3, 0x28000) = 0x7f8f65dd6000
mmap(0x7f8f65dd8000, 5328, PROT_READ|PROT_WRITE, MAP_PRIVATE|MAP_FIXED|MAP_ANONYMOUS, -1, 0) = 0x7f8f65dd8000
close(3)                                = 0
openat(AT_FDCWD, "/nix/store/j25bk9yxdqcvrirx4vvrxpaiw1cfr0sm-pipewire-0.3.71-jack/lib/libcap.so.2", O_RDONLY|O_CLOEXEC) = -1 ENOENT (No such file or directory)
openat(AT_FDCWD, "/nix/store/xv4jzaqbdm17iq616gf0vspj24ngxg93-libcap-2.68-lib/lib/libcap.so.2", O_RDONLY|O_CLOEXEC) = 3
read(3, "\177ELF\2\1\1\0\0\0\0\0\0\0\0\0\3\0>\0\1\0\0\0\200t\0\0\0\0\0\0"..., 832) = 832
newfstatat(3, "", {st_mode=S_IFREG|0555, st_size=52576, ...}, AT_EMPTY_PATH) = 0
mmap(NULL, 45128, PROT_READ, MAP_PRIVATE|MAP_DENYWRITE, 3, 0) = 0x7f8f65da1000
mmap(0x7f8f65da4000, 20480, PROT_READ|PROT_EXEC, MAP_PRIVATE|MAP_FIXED|MAP_DENYWRITE, 3, 0x3000) = 0x7f8f65da4000
mmap(0x7f8f65da9000, 8192, PROT_READ, MAP_PRIVATE|MAP_FIXED|MAP_DENYWRITE, 3, 0x8000) = 0x7f8f65da9000
mmap(0x7f8f65dab000, 8192, PROT_READ|PROT_WRITE, MAP_PRIVATE|MAP_FIXED|MAP_DENYWRITE, 3, 0xa000) = 0x7f8f65dab000
close(3)                                = 0
openat(AT_FDCWD, "/nix/store/j25bk9yxdqcvrirx4vvrxpaiw1cfr0sm-pipewire-0.3.71-jack/lib/libc.so.6", O_RDONLY|O_CLOEXEC) = -1 ENOENT (No such file or directory)
openat(AT_FDCWD, "/nix/store/xv4jzaqbdm17iq616gf0vspj24ngxg93-libcap-2.68-lib/lib/libc.so.6", O_RDONLY|O_CLOEXEC) = -1 ENOENT (No such file or directory)
openat(AT_FDCWD, "/nix/store/k2b3xdkdflrv38wz8a311dhvac0v1rrb-libselinux-3.3/lib/libc.so.6", O_RDONLY|O_CLOEXEC) = -1 ENOENT (No such file or directory)
openat(AT_FDCWD, "/nix/store/dg8mpqqykmw9c7l0bgzzb5znkymlbfjw-glibc-2.37-8/lib/glibc-hwcaps/x86-64-v3/libc.so.6", O_RDONLY|O_CLOEXEC) = -1 ENOENT (No such file or directory)
newfstatat(AT_FDCWD, "/nix/store/dg8mpqqykmw9c7l0bgzzb5znkymlbfjw-glibc-2.37-8/lib/glibc-hwcaps/x86-64-v3", 0x7ffd0ea36c90, 0) = -1 ENOENT (No such file or directory)
openat(AT_FDCWD, "/nix/store/dg8mpqqykmw9c7l0bgzzb5znkymlbfjw-glibc-2.37-8/lib/glibc-hwcaps/x86-64-v2/libc.so.6", O_RDONLY|O_CLOEXEC) = -1 ENOENT (No such file or directory)
newfstatat(AT_FDCWD, "/nix/store/dg8mpqqykmw9c7l0bgzzb5znkymlbfjw-glibc-2.37-8/lib/glibc-hwcaps/x86-64-v2", 0x7ffd0ea36c90, 0) = -1 ENOENT (No such file or directory)
openat(AT_FDCWD, "/nix/store/dg8mpqqykmw9c7l0bgzzb5znkymlbfjw-glibc-2.37-8/lib/libc.so.6", O_RDONLY|O_CLOEXEC) = 3
read(3, "\177ELF\2\1\1\3\0\0\0\0\0\0\0\0\3\0>\0\1\0\0\0\220<\2\0\0\0\0\0"..., 832) = 832
pread64(3, "\6\0\0\0\4\0\0\0@\0\0\0\0\0\0\0@\0\0\0\0\0\0\0@\0\0\0\0\0\0\0"..., 784, 64) = 784
newfstatat(3, "", {st_mode=S_IFREG|0555, st_size=2252696, ...}, AT_EMPTY_PATH) = 0
pread64(3, "\6\0\0\0\4\0\0\0@\0\0\0\0\0\0\0@\0\0\0\0\0\0\0@\0\0\0\0\0\0\0"..., 784, 64) = 784
mmap(NULL, 1990000, PROT_READ, MAP_PRIVATE|MAP_DENYWRITE, 3, 0) = 0x7f8f65bbb000
mmap(0x7f8f65bdd000, 1413120, PROT_READ|PROT_EXEC, MAP_PRIVATE|MAP_FIXED|MAP_DENYWRITE, 3, 0x22000) = 0x7f8f65bdd000
mmap(0x7f8f65d36000, 360448, PROT_READ, MAP_PRIVATE|MAP_FIXED|MAP_DENYWRITE, 3, 0x17b000) = 0x7f8f65d36000
mmap(0x7f8f65d8e000, 24576, PROT_READ|PROT_WRITE, MAP_PRIVATE|MAP_FIXED|MAP_DENYWRITE, 3, 0x1d3000) = 0x7f8f65d8e000
mmap(0x7f8f65d94000, 52592, PROT_READ|PROT_WRITE, MAP_PRIVATE|MAP_FIXED|MAP_ANONYMOUS, -1, 0) = 0x7f8f65d94000
close(3)                                = 0
openat(AT_FDCWD, "/nix/store/j25bk9yxdqcvrirx4vvrxpaiw1cfr0sm-pipewire-0.3.71-jack/lib/libpcre.so.1", O_RDONLY|O_CLOEXEC) = -1 ENOENT (No such file or directory)
openat(AT_FDCWD, "/nix/store/wkp4n3pwapq9pxv9f0341n5l9im4im1v-pcre-8.45/lib/glibc-hwcaps/x86-64-v3/libpcre.so.1", O_RDONLY|O_CLOEXEC) = -1 ENOENT (No such file or directory)
newfstatat(AT_FDCWD, "/nix/store/wkp4n3pwapq9pxv9f0341n5l9im4im1v-pcre-8.45/lib/glibc-hwcaps/x86-64-v3", 0x7ffd0ea36c70, 0) = -1 ENOENT (No such file or directory)
openat(AT_FDCWD, "/nix/store/wkp4n3pwapq9pxv9f0341n5l9im4im1v-pcre-8.45/lib/glibc-hwcaps/x86-64-v2/libpcre.so.1", O_RDONLY|O_CLOEXEC) = -1 ENOENT (No such file or directory)
newfstatat(AT_FDCWD, "/nix/store/wkp4n3pwapq9pxv9f0341n5l9im4im1v-pcre-8.45/lib/glibc-hwcaps/x86-64-v2", 0x7ffd0ea36c70, 0) = -1 ENOENT (No such file or directory)
openat(AT_FDCWD, "/nix/store/wkp4n3pwapq9pxv9f0341n5l9im4im1v-pcre-8.45/lib/libpcre.so.1", O_RDONLY|O_CLOEXEC) = 3
read(3, "\177ELF\2\1\1\0\0\0\0\0\0\0\0\0\3\0>\0\1\0\0\0\0\0\0\0\0\0\0\0"..., 832) = 832
newfstatat(3, "", {st_mode=S_IFREG|0555, st_size=506304, ...}, AT_EMPTY_PATH) = 0
mmap(NULL, 495880, PROT_READ, MAP_PRIVATE|MAP_DENYWRITE, 3, 0) = 0x7f8f65b41000
mmap(0x7f8f65b43000, 364544, PROT_READ|PROT_EXEC, MAP_PRIVATE|MAP_FIXED|MAP_DENYWRITE, 3, 0x2000) = 0x7f8f65b43000
mmap(0x7f8f65b9c000, 118784, PROT_READ, MAP_PRIVATE|MAP_FIXED|MAP_DENYWRITE, 3, 0x5b000) = 0x7f8f65b9c000
mmap(0x7f8f65bb9000, 8192, PROT_READ|PROT_WRITE, MAP_PRIVATE|MAP_FIXED|MAP_DENYWRITE, 3, 0x77000) = 0x7f8f65bb9000
close(3)                                = 0
openat(AT_FDCWD, "/nix/store/j25bk9yxdqcvrirx4vvrxpaiw1cfr0sm-pipewire-0.3.71-jack/lib/libdl.so.2", O_RDONLY|O_CLOEXEC) = -1 ENOENT (No such file or directory)
openat(AT_FDCWD, "/nix/store/wkp4n3pwapq9pxv9f0341n5l9im4im1v-pcre-8.45/lib/libdl.so.2", O_RDONLY|O_CLOEXEC) = -1 ENOENT (No such file or directory)
openat(AT_FDCWD, "/nix/store/dg8mpqqykmw9c7l0bgzzb5znkymlbfjw-glibc-2.37-8/lib/libdl.so.2", O_RDONLY|O_CLOEXEC) = 3
read(3, "\177ELF\2\1\1\0\0\0\0\0\0\0\0\0\3\0>\0\1\0\0\0\0\0\0\0\0\0\0\0"..., 832) = 832
newfstatat(3, "", {st_mode=S_IFREG|0555, st_size=15688, ...}, AT_EMPTY_PATH) = 0
mmap(NULL, 8192, PROT_READ|PROT_WRITE, MAP_PRIVATE|MAP_ANONYMOUS, -1, 0) = 0x7f8f65b3f000
mmap(NULL, 16400, PROT_READ, MAP_PRIVATE|MAP_DENYWRITE, 3, 0) = 0x7f8f65b3a000
mmap(0x7f8f65b3b000, 4096, PROT_READ|PROT_EXEC, MAP_PRIVATE|MAP_FIXED|MAP_DENYWRITE, 3, 0x1000) = 0x7f8f65b3b000
mmap(0x7f8f65b3c000, 4096, PROT_READ, MAP_PRIVATE|MAP_FIXED|MAP_DENYWRITE, 3, 0x2000) = 0x7f8f65b3c000
mmap(0x7f8f65b3d000, 8192, PROT_READ|PROT_WRITE, MAP_PRIVATE|MAP_FIXED|MAP_DENYWRITE, 3, 0x2000) = 0x7f8f65b3d000
close(3)                                = 0
mmap(NULL, 12288, PROT_READ|PROT_WRITE, MAP_PRIVATE|MAP_ANONYMOUS, -1, 0) = 0x7f8f65b37000
arch_prctl(ARCH_SET_FS, 0x7f8f65b37800) = 0
set_tid_address(0x7f8f65b37ad0)         = 1436071
set_robust_list(0x7f8f65b37ae0, 24)     = 0
rseq(0x7f8f65b38120, 0x20, 0, 0x53053053) = 0
mprotect(0x7f8f65d8e000, 16384, PROT_READ) = 0
mprotect(0x7f8f65b3d000, 4096, PROT_READ) = 0
mprotect(0x7f8f65bb9000, 4096, PROT_READ) = 0
mprotect(0x7f8f65dab000, 4096, PROT_READ) = 0
mprotect(0x7f8f65dd6000, 4096, PROT_READ) = 0
mprotect(0x411000, 4096, PROT_READ)     = 0
mprotect(0x7f8f65e0d000, 8192, PROT_READ) = 0
prlimit64(0, RLIMIT_STACK, NULL, {rlim_cur=8192*1024, rlim_max=RLIM64_INFINITY}) = 0
prctl(PR_CAPBSET_READ, CAP_MAC_OVERRIDE) = 1
prctl(PR_CAPBSET_READ, 0x30 /* CAP_??? */) = -1 EINVAL (Invalid argument)
prctl(PR_CAPBSET_READ, CAP_CHECKPOINT_RESTORE) = 1
prctl(PR_CAPBSET_READ, 0x2c /* CAP_??? */) = -1 EINVAL (Invalid argument)
prctl(PR_CAPBSET_READ, 0x2a /* CAP_??? */) = -1 EINVAL (Invalid argument)
prctl(PR_CAPBSET_READ, 0x29 /* CAP_??? */) = -1 EINVAL (Invalid argument)
statfs("/sys/fs/selinux", {f_type=SYSFS_MAGIC, f_bsize=4096, f_blocks=0, f_bfree=0, f_bavail=0, f_files=0, f_ffree=0, f_fsid={val=[0, 0]}, f_namelen=255, f_frsize=4096, f_flags=ST_VALID|ST_NOSUID|ST_NODEV|ST_NOEXEC|ST_RELATIME}) = 0
statfs("/selinux", 0x7ffd0ea37a70)      = -1 ENOENT (No such file or directory)
getrandom("\x99\xd8\x5c\xf2\x03\x51\xba\xee", 8, GRND_NONBLOCK) = 8
brk(NULL)                               = 0x1d17000
brk(0x1d38000)                          = 0x1d38000
openat(AT_FDCWD, "/proc/filesystems", O_RDONLY|O_CLOEXEC) = 3
newfstatat(3, "", {st_mode=S_IFREG|0444, st_size=0, ...}, AT_EMPTY_PATH) = 0
read(3, "nodev\tsysfs\nnodev\ttmpfs\nnodev\tbd"..., 1024) = 405
close(3)                                = 0
openat(AT_FDCWD, "/proc/mounts", O_RDONLY|O_CLOEXEC) = 3
newfstatat(3, "", {st_mode=S_IFREG|0444, st_size=0, ...}, AT_EMPTY_PATH) = 0
read(3, "devtmpfs /dev devtmpfs rw,nosuid"..., 1024) = 1024
read(3, "rfs /sys/firmware/efi/efivars ef"..., 1024) = 1024
read(3, "0\nnet_cls /sys/fs/cgroup/net_cls"..., 1024) = 450
read(3, "", 1024)                       = 0
close(3)                                = 0
access("/etc/selinux/config", F_OK)     = -1 ENOENT (No such file or directory)
getuid()                                = 1000
getgid()                                = 100
geteuid()                               = 1000
capget({version=_LINUX_CAPABILITY_VERSION_3, pid=0}, {effective=0, permitted=0, inheritable=0}) = 0
prctl(PR_SET_NO_NEW_PRIVS, 1, 0, 0, 0)  = 0
openat(AT_FDCWD, "/proc/sys/kernel/overflowuid", O_RDONLY|O_CLOEXEC) = 3
read(3, "65534\n", 4079)                = 6
read(3, "", 4073)                       = 0
close(3)                                = 0
openat(AT_FDCWD, "/proc/sys/kernel/overflowgid", O_RDONLY|O_CLOEXEC) = 3
read(3, "65534\n", 4079)                = 6
read(3, "", 4073)                       = 0
close(3)                                = 0
ioctl(1, TCGETS, {c_iflag=ICRNL|IXON|IUTF8, c_oflag=NL0|CR0|TAB0|BS0|VT0|FF0|OPOST|ONLCR, c_cflag=B38400|CS8|CREAD, c_lflag=ISIG|ICANON|ECHO|ECHOE|ECHOK|IEXTEN|ECHOCTL|ECHOKE, ...}) = 0
ioctl(1, TCGETS, {c_iflag=ICRNL|IXON|IUTF8, c_oflag=NL0|CR0|TAB0|BS0|VT0|FF0|OPOST|ONLCR, c_cflag=B38400|CS8|CREAD, c_lflag=ISIG|ICANON|ECHO|ECHOE|ECHOK|IEXTEN|ECHOCTL|ECHOKE, ...}) = 0
ioctl(1, TCGETS, {c_iflag=ICRNL|IXON|IUTF8, c_oflag=NL0|CR0|TAB0|BS0|VT0|FF0|OPOST|ONLCR, c_cflag=B38400|CS8|CREAD, c_lflag=ISIG|ICANON|ECHO|ECHOE|ECHOK|IEXTEN|ECHOCTL|ECHOKE, ...}) = 0
newfstatat(1, "", {st_mode=S_IFCHR|0620, st_rdev=makedev(0x88, 0x2), ...}, AT_EMPTY_PATH) = 0
readlink("/proc/self/fd/1", "/dev/pts/2", 4095) = 10
newfstatat(AT_FDCWD, "/dev/pts/2", {st_mode=S_IFCHR|0620, st_rdev=makedev(0x88, 0x2), ...}, 0) = 0
getuid()                                = 1000
openat(AT_FDCWD, "/proc", O_RDONLY|O_PATH) = 3
eventfd2(0, EFD_CLOEXEC|EFD_NONBLOCK)   = 4
rt_sigprocmask(SIG_BLOCK, [CHLD], NULL, 8) = 0
wait4(-1, 0x7ffd0ea35940, WNOHANG, NULL) = -1 ECHILD (No child processes)
newfstatat(AT_FDCWD, "/proc/self/ns/cgroup", {st_mode=S_IFREG|0444, st_size=0, ...}, 0) = 0
eventfd2(0, EFD_CLOEXEC)                = 5
clone(child_stack=NULL, flags=CLONE_NEWNS|CLONE_NEWCGROUP|CLONE_NEWUTS|CLONE_NEWIPC|CLONE_NEWUSER|CLONE_NEWPID|SIGCHLD) = 1436092
openat(3, "1436092/ns", O_RDONLY|O_PATH) = 6
newfstatat(6, "cgroup", {st_mode=S_IFREG|0444, st_size=0, ...}, 0) = 0
newfstatat(6, "ipc", {st_mode=S_IFREG|0444, st_size=0, ...}, 0) = 0
newfstatat(6, "mnt", {st_mode=S_IFREG|0444, st_size=0, ...}, 0) = 0
newfstatat(6, "pid", {st_mode=S_IFREG|0444, st_size=0, ...}, 0) = 0
newfstatat(6, "uts", {st_mode=S_IFREG|0444, st_size=0, ...}, 0) = 0
close(6)                                = 0
capset({version=_LINUX_CAPABILITY_VERSION_3, pid=0}, {effective=0, permitted=0, inheritable=0}) = 0
prctl(PR_SET_DUMPABLE, SUID_DUMP_USER)  = 0
prctl(PR_SET_PDEATHSIG, SIGKILL)        = 0
write(5, "\1\0\0\0\0\0\0\0", 8)         = 8
close(5)                                = 0
openat(3, "self/fd", O_RDONLY|O_NOCTTY|O_NONBLOCK|O_CLOEXEC|O_DIRECTORY) = 5
newfstatat(5, "", {st_mode=S_IFDIR|0500, st_size=6, ...}, AT_EMPTY_PATH) = 0
fcntl(5, F_GETFL)                       = 0x18800 (flags O_RDONLY|O_NONBLOCK|O_LARGEFILE|O_DIRECTORY)
fcntl(5, F_SETFD, FD_CLOEXEC)           = 0
getdents64(5, 0x1d19af0 /* 8 entries */, 32768) = 192
close(3)                                = 0
getdents64(5, 0x1d19af0 /* 0 entries */, 32768) = 0
close(5)                                = 0
signalfd4(-1, [CHLD], 8, SFD_CLOEXEC|SFD_NONBLOCK) = 3
poll([{fd=3, events=POLLIN}, {fd=4, events=POLLIN}], 2, -1) = 1 ([{fd=4, revents=POLLIN}])
read(4, "\0\1\0\0\0\0\0\0", 8)          = 8
exit_group(255)                         = ?
+++ exited with 255 +++
