{
  "id": 1,
  "type": "root",
  "orientation": "horizontal",
  "percent": null,
  "urgent": false,
  "marks": [
  ],
  "focused": false,
  "layout": "splith",
  "border": "none",
  "current_border_width": 0,
  "rect": {
    "x": 0,
    "y": 0,
    "width": 6826,
    "height": 1770
  },
  "deco_rect": {
    "x": 0,
    "y": 0,
    "width": 0,
    "height": 0
  },
  "window_rect": {
    "x": 0,
    "y": 0,
    "width": 0,
    "height": 0
  },
  "geometry": {
    "x": 0,
    "y": 0,
    "width": 0,
    "height": 0
  },
  "name": "root",
  "window": null,
  "nodes": [
    {
      "id": 2147483647,
      "type": "output",
      "orientation": "horizontal",
      "percent": null,
      "urgent": false,
      "marks": [
      ],
      "focused": false,
      "layout": "output",
      "border": "none",
      "current_border_width": 0,
      "rect": {
        "x": 0,
        "y": 0,
        "width": 6826,
        "height": 1770
      },
      "deco_rect": {
        "x": 0,
        "y": 0,
        "width": 0,
        "height": 0
      },
      "window_rect": {
        "x": 0,
        "y": 0,
        "width": 0,
        "height": 0
      },
      "geometry": {
        "x": 0,
        "y": 0,
        "width": 0,
        "height": 0
      },
      "name": "__i3",
      "window": null,
      "nodes": [
        {
          "id": 2147483646,
          "type": "workspace",
          "orientation": "horizontal",
          "percent": null,
          "urgent": false,
          "marks": [
          ],
          "focused": false,
          "layout": "splith",
          "border": "none",
          "current_border_width": 0,
          "rect": {
            "x": 0,
            "y": 0,
            "width": 6826,
            "height": 1770
          },
          "deco_rect": {
            "x": 0,
            "y": 0,
            "width": 0,
            "height": 0
          },
          "window_rect": {
            "x": 0,
            "y": 0,
            "width": 0,
            "height": 0
          },
          "geometry": {
            "x": 0,
            "y": 0,
            "width": 0,
            "height": 0
          },
          "name": "__i3_scratch",
          "window": null,
          "nodes": [
          ],
          "floating_nodes": [
          ],
          "focus": [
          ],
          "fullscreen_mode": 1,
          "sticky": false
        }
      ],
      "floating_nodes": [
      ],
      "focus": [
        2147483646
      ],
      "fullscreen_mode": 0,
      "sticky": false
    },
    {
      "id": 3,
      "type": "output",
      "orientation": "none",
      "percent": 0.13555349188297983,
      "urgent": false,
      "marks": [
      ],
      "focused": false,
      "layout": "output",
      "border": "none",
      "current_border_width": 0,
      "rect": {
        "x": 5120,
        "y": 810,
        "width": 1706,
        "height": 960
      },
      "deco_rect": {
        "x": 0,
        "y": 0,
        "width": 0,
        "height": 0
      },
      "window_rect": {
        "x": 0,
        "y": 0,
        "width": 0,
        "height": 0
      },
      "geometry": {
        "x": 0,
        "y": 0,
        "width": 0,
        "height": 0
      },
      "name": "eDP-1",
      "window": null,
      "nodes": [
        {
          "id": 20,
          "type": "workspace",
          "orientation": "horizontal",
          "percent": null,
          "urgent": false,
          "marks": [
          ],
          "focused": false,
          "layout": "splith",
          "border": "none",
          "current_border_width": 0,
          "rect": {
            "x": 5120,
            "y": 810,
            "width": 1706,
            "height": 938
          },
          "deco_rect": {
            "x": 0,
            "y": 0,
            "width": 0,
            "height": 0
          },
          "window_rect": {
            "x": 0,
            "y": 0,
            "width": 0,
            "height": 0
          },
          "geometry": {
            "x": 0,
            "y": 0,
            "width": 0,
            "height": 0
          },
          "name": "3",
          "window": null,
          "nodes": [
            {
              "id": 19,
              "type": "con",
              "orientation": "none",
              "percent": 1.0,
              "urgent": false,
              "marks": [
              ],
              "focused": false,
              "layout": "none",
              "border": "pixel",
              "current_border_width": 1,
              "rect": {
                "x": 5120,
                "y": 810,
                "width": 1706,
                "height": 938
              },
              "deco_rect": {
                "x": 0,
                "y": 0,
                "width": 0,
                "height": 0
              },
              "window_rect": {
                "x": 0,
                "y": 0,
                "width": 1706,
                "height": 938
              },
              "geometry": {
                "x": 0,
                "y": 0,
                "width": 853,
                "height": 469
              },
              "name": "* cklebba - Netflix - Slack",
              "window": null,
              "nodes": [
              ],
              "floating_nodes": [
              ],
              "focus": [
              ],
              "fullscreen_mode": 0,
              "sticky": false,
              "pid": 3206,
              "app_id": "Slack",
              "visible": false,
              "max_render_time": 0,
              "shell": "xdg_shell",
              "inhibit_idle": false,
              "idle_inhibitors": {
                "user": "fullscreen",
                "application": "none"
              }
            }
          ],
          "floating_nodes": [
          ],
          "focus": [
            19
          ],
          "fullscreen_mode": 1,
          "sticky": false,
          "num": 3,
          "output": "eDP-1",
          "representation": "H[Slack]"
        },
        {
          "id": 26,
          "type": "workspace",
          "orientation": "horizontal",
          "percent": null,
          "urgent": false,
          "marks": [
          ],
          "focused": false,
          "layout": "splith",
          "border": "none",
          "current_border_width": 0,
          "rect": {
            "x": 5120,
            "y": 810,
            "width": 1706,
            "height": 938
          },
          "deco_rect": {
            "x": 0,
            "y": 0,
            "width": 0,
            "height": 0
          },
          "window_rect": {
            "x": 0,
            "y": 0,
            "width": 0,
            "height": 0
          },
          "geometry": {
            "x": 0,
            "y": 0,
            "width": 0,
            "height": 0
          },
          "name": "6",
          "window": null,
          "nodes": [
            {
              "id": 23,
              "type": "con",
              "orientation": "none",
              "percent": 1.0,
              "urgent": false,
              "marks": [
              ],
              "focused": false,
              "layout": "none",
              "border": "pixel",
              "current_border_width": 1,
              "rect": {
                "x": 5120,
                "y": 810,
                "width": 1706,
                "height": 938
              },
              "deco_rect": {
                "x": 0,
                "y": 0,
                "width": 0,
                "height": 0
              },
              "window_rect": {
                "x": 0,
                "y": 0,
                "width": 1706,
                "height": 938
              },
              "geometry": {
                "x": 0,
                "y": 0,
                "width": 1708,
                "height": 940
              },
              "name": "Signal",
              "window": 12582915,
              "nodes": [
              ],
              "floating_nodes": [
              ],
              "focus": [
              ],
              "fullscreen_mode": 0,
              "sticky": false,
              "pid": 3221,
              "app_id": null,
              "visible": true,
              "max_render_time": 0,
              "shell": "xwayland",
              "inhibit_idle": false,
              "idle_inhibitors": {
                "user": "fullscreen",
                "application": "none"
              },
              "window_properties": {
                "class": "Signal",
                "instance": "signal",
                "title": "Signal",
                "transient_for": null,
                "window_role": "browser-window",
                "window_type": "normal"
              }
            }
          ],
          "floating_nodes": [
          ],
          "focus": [
            23
          ],
          "fullscreen_mode": 1,
          "sticky": false,
          "num": 6,
          "output": "eDP-1",
          "representation": "H[Signal]"
        }
      ],
      "floating_nodes": [
      ],
      "focus": [
        26,
        20
      ],
      "fullscreen_mode": 0,
      "sticky": false,
      "primary": false,
      "make": "Japan Display Inc.",
      "model": "0x0000",
      "serial": "Unknown",
      "modes": [
        {
          "width": 2560,
          "height": 1440,
          "refresh": 59998,
          "picture_aspect_ratio": "none"
        }
      ],
      "non_desktop": false,
      "active": true,
      "dpms": true,
      "power": true,
      "scale": 1.5,
      "scale_filter": "linear",
      "transform": "normal",
      "adaptive_sync_status": "disabled",
      "current_workspace": "6",
      "current_mode": {
        "width": 2560,
        "height": 1440,
        "refresh": 59998,
        "picture_aspect_ratio": "none"
      },
      "max_render_time": 0
    },
    {
      "id": 75,
      "type": "output",
      "orientation": "none",
      "percent": 0.30511454210471428,
      "urgent": false,
      "marks": [
      ],
      "focused": false,
      "layout": "output",
      "border": "none",
      "current_border_width": 0,
      "rect": {
        "x": 0,
        "y": 0,
        "width": 2560,
        "height": 1440
      },
      "deco_rect": {
        "x": 0,
        "y": 0,
        "width": 0,
        "height": 0
      },
      "window_rect": {
        "x": 0,
        "y": 0,
        "width": 0,
        "height": 0
      },
      "geometry": {
        "x": 0,
        "y": 0,
        "width": 0,
        "height": 0
      },
      "name": "DP-4",
      "window": null,
      "nodes": [
        {
          "id": 36,
          "type": "workspace",
          "orientation": "horizontal",
          "percent": null,
          "urgent": false,
          "marks": [
          ],
          "focused": false,
          "layout": "splith",
          "border": "none",
          "current_border_width": 0,
          "rect": {
            "x": 0,
            "y": 0,
            "width": 2560,
            "height": 1418
          },
          "deco_rect": {
            "x": 0,
            "y": 0,
            "width": 0,
            "height": 0
          },
          "window_rect": {
            "x": 0,
            "y": 0,
            "width": 0,
            "height": 0
          },
          "geometry": {
            "x": 0,
            "y": 0,
            "width": 0,
            "height": 0
          },
          "name": "1",
          "window": null,
          "nodes": [
            {
              "id": 45,
              "type": "con",
              "orientation": "horizontal",
              "percent": 1.0,
              "urgent": false,
              "marks": [
              ],
              "focused": false,
              "layout": "splith",
              "border": "none",
              "current_border_width": 0,
              "rect": {
                "x": 0,
                "y": 0,
                "width": 2560,
                "height": 1418
              },
              "deco_rect": {
                "x": 0,
                "y": 0,
                "width": 0,
                "height": 0
              },
              "window_rect": {
                "x": 0,
                "y": 0,
                "width": 0,
                "height": 0
              },
              "geometry": {
                "x": 0,
                "y": 0,
                "width": 0,
                "height": 0
              },
              "name": null,
              "window": null,
              "nodes": [
                {
                  "id": 44,
                  "type": "con",
                  "orientation": "none",
                  "percent": 0.5,
                  "urgent": false,
                  "marks": [
                  ],
                  "focused": false,
                  "layout": "none",
                  "border": "pixel",
                  "current_border_width": 1,
                  "rect": {
                    "x": 0,
                    "y": 0,
                    "width": 1280,
                    "height": 1418
                  },
                  "deco_rect": {
                    "x": 0,
                    "y": 0,
                    "width": 0,
                    "height": 0
                  },
                  "window_rect": {
                    "x": 1,
                    "y": 1,
                    "width": 1278,
                    "height": 1416
                  },
                  "geometry": {
                    "x": 0,
                    "y": 0,
                    "width": 2496,
                    "height": 1334
                  },
                  "name": "Netflix - Calendar - Week of August 13, 2023 - Chromium",
                  "window": null,
                  "nodes": [
                  ],
                  "floating_nodes": [
                  ],
                  "focus": [
                  ],
                  "fullscreen_mode": 0,
                  "sticky": false,
                  "pid": 153692,
                  "app_id": "chromium-browser",
                  "visible": true,
                  "max_render_time": 0,
                  "shell": "xdg_shell",
                  "inhibit_idle": false,
                  "idle_inhibitors": {
                    "user": "fullscreen",
                    "application": "none"
                  }
                },
                {
                  "id": 77,
                  "type": "con",
                  "orientation": "none",
                  "percent": 0.5,
                  "urgent": false,
                  "marks": [
                  ],
                  "focused": false,
                  "layout": "none",
                  "border": "pixel",
                  "current_border_width": 1,
                  "rect": {
                    "x": 1280,
                    "y": 0,
                    "width": 1280,
                    "height": 1418
                  },
                  "deco_rect": {
                    "x": 0,
                    "y": 0,
                    "width": 0,
                    "height": 0
                  },
                  "window_rect": {
                    "x": 1,
                    "y": 1,
                    "width": 1278,
                    "height": 1416
                  },
                  "geometry": {
                    "x": 0,
                    "y": 0,
                    "width": 2496,
                    "height": 1334
                  },
                  "name": "Swaymsg commands for listing windows and outputs - Chromium",
                  "window": null,
                  "nodes": [
                  ],
                  "floating_nodes": [
                  ],
                  "focus": [
                  ],
                  "fullscreen_mode": 0,
                  "sticky": false,
                  "pid": 153692,
                  "app_id": "chromium-browser",
                  "visible": true,
                  "max_render_time": 0,
                  "shell": "xdg_shell",
                  "inhibit_idle": false,
                  "idle_inhibitors": {
                    "user": "fullscreen",
                    "application": "none"
                  }
                }
              ],
              "floating_nodes": [
              ],
              "focus": [
                77,
                44
              ],
              "fullscreen_mode": 0,
              "sticky": false
            }
          ],
          "floating_nodes": [
            {
              "id": 104,
              "type": "floating_con",
              "orientation": "none",
              "percent": 0.14280677009873061,
              "urgent": false,
              "marks": [
              ],
              "focused": false,
              "layout": "none",
              "border": "csd",
              "current_border_width": 1,
              "rect": {
                "x": 671,
                "y": 278,
                "width": 540,
                "height": 960
              },
              "deco_rect": {
                "x": 0,
                "y": 0,
                "width": 0,
                "height": 0
              },
              "window_rect": {
                "x": 0,
                "y": 0,
                "width": 540,
                "height": 960
              },
              "geometry": {
                "x": 0,
                "y": 0,
                "width": 540,
                "height": 960
              },
              "name": "Waydroid",
              "window": null,
              "nodes": [
              ],
              "floating_nodes": [
              ],
              "focus": [
              ],
              "fullscreen_mode": 0,
              "sticky": false,
              "pid": 743467,
              "app_id": "Waydroid",
              "visible": true,
              "max_render_time": 0,
              "shell": "xdg_shell",
              "inhibit_idle": false,
              "idle_inhibitors": {
                "user": "fullscreen",
                "application": "none"
              }
            }
          ],
          "focus": [
            45,
            104
          ],
          "fullscreen_mode": 1,
          "sticky": false,
          "num": 1,
          "output": "DP-4",
          "representation": "H[H[chromium-browser chromium-browser]]"
        },
        {
          "id": 14,
          "type": "workspace",
          "orientation": "horizontal",
          "percent": null,
          "urgent": false,
          "marks": [
          ],
          "focused": false,
          "layout": "splith",
          "border": "none",
          "current_border_width": 0,
          "rect": {
            "x": 0,
            "y": 0,
            "width": 2560,
            "height": 1418
          },
          "deco_rect": {
            "x": 0,
            "y": 0,
            "width": 0,
            "height": 0
          },
          "window_rect": {
            "x": 0,
            "y": 0,
            "width": 0,
            "height": 0
          },
          "geometry": {
            "x": 0,
            "y": 0,
            "width": 0,
            "height": 0
          },
          "name": "4",
          "window": null,
          "nodes": [
            {
              "id": 62,
              "type": "con",
              "orientation": "none",
              "percent": 1.0,
              "urgent": false,
              "marks": [
              ],
              "focused": false,
              "layout": "tabbed",
              "border": "none",
              "current_border_width": 0,
              "rect": {
                "x": 0,
                "y": 0,
                "width": 2560,
                "height": 1418
              },
              "deco_rect": {
                "x": 0,
                "y": 0,
                "width": 0,
                "height": 0
              },
              "window_rect": {
                "x": 0,
                "y": 0,
                "width": 0,
                "height": 0
              },
              "geometry": {
                "x": 0,
                "y": 0,
                "width": 0,
                "height": 0
              },
              "name": null,
              "window": null,
              "nodes": [
                {
                  "id": 13,
                  "type": "con",
                  "orientation": "none",
                  "percent": 1.0,
                  "urgent": false,
                  "marks": [
                  ],
                  "focused": false,
                  "layout": "none",
                  "border": "pixel",
                  "current_border_width": 1,
                  "rect": {
                    "x": 0,
                    "y": 25,
                    "width": 2560,
                    "height": 1393
                  },
                  "deco_rect": {
                    "x": 0,
                    "y": 0,
                    "width": 1280,
                    "height": 25
                  },
                  "window_rect": {
                    "x": 0,
                    "y": 25,
                    "width": 2560,
                    "height": 1393
                  },
                  "geometry": {
                    "x": 0,
                    "y": 0,
                    "width": 851,
                    "height": 936
                  },
                  "name": "Spotify",
                  "window": null,
                  "nodes": [
                  ],
                  "floating_nodes": [
                  ],
                  "focus": [
                  ],
                  "fullscreen_mode": 0,
                  "sticky": false,
                  "pid": 3209,
                  "app_id": "",
                  "visible": false,
                  "max_render_time": 0,
                  "shell": "xdg_shell",
                  "inhibit_idle": false,
                  "idle_inhibitors": {
                    "user": "fullscreen",
                    "application": "none"
                  }
                },
                {
                  "id": 15,
                  "type": "con",
                  "orientation": "none",
                  "percent": 1.0,
                  "urgent": false,
                  "marks": [
                  ],
                  "focused": false,
                  "layout": "none",
                  "border": "pixel",
                  "current_border_width": 1,
                  "rect": {
                    "x": 0,
                    "y": 25,
                    "width": 2560,
                    "height": 1393
                  },
                  "deco_rect": {
                    "x": 1280,
                    "y": 0,
                    "width": 1280,
                    "height": 25
                  },
                  "window_rect": {
                    "x": 0,
                    "y": 25,
                    "width": 2560,
                    "height": 1393
                  },
                  "geometry": {
                    "x": 0,
                    "y": 0,
                    "width": 1214,
                    "height": 940
                  },
                  "name": "Kabayun - Sangoma Records - Brave",
                  "window": null,
                  "nodes": [
                  ],
                  "floating_nodes": [
                  ],
                  "focus": [
                  ],
                  "fullscreen_mode": 0,
                  "sticky": false,
                  "pid": 3277,
                  "app_id": "brave-browser",
                  "visible": false,
                  "max_render_time": 0,
                  "shell": "xdg_shell",
                  "inhibit_idle": false,
                  "idle_inhibitors": {
                    "user": "fullscreen",
                    "application": "none"
                  }
                }
              ],
              "floating_nodes": [
              ],
              "focus": [
                15,
                13
              ],
              "fullscreen_mode": 0,
              "sticky": false
            }
          ],
          "floating_nodes": [
          ],
          "focus": [
            62
          ],
          "fullscreen_mode": 1,
          "sticky": false,
          "num": 4,
          "output": "DP-4",
          "representation": "H[T[ brave-browser]]"
        },
        {
          "id": 22,
          "type": "workspace",
          "orientation": "horizontal",
          "percent": null,
          "urgent": false,
          "marks": [
          ],
          "focused": false,
          "layout": "splith",
          "border": "none",
          "current_border_width": 0,
          "rect": {
            "x": 0,
            "y": 0,
            "width": 2560,
            "height": 1418
          },
          "deco_rect": {
            "x": 0,
            "y": 0,
            "width": 0,
            "height": 0
          },
          "window_rect": {
            "x": 0,
            "y": 0,
            "width": 0,
            "height": 0
          },
          "geometry": {
            "x": 0,
            "y": 0,
            "width": 0,
            "height": 0
          },
          "name": "5",
          "window": null,
          "nodes": [
            {
              "id": 21,
              "type": "con",
              "orientation": "none",
              "percent": 1.0,
              "urgent": false,
              "marks": [
              ],
              "focused": false,
              "layout": "none",
              "border": "pixel",
              "current_border_width": 1,
              "rect": {
                "x": 0,
                "y": 0,
                "width": 2560,
                "height": 1418
              },
              "deco_rect": {
                "x": 0,
                "y": 0,
                "width": 0,
                "height": 0
              },
              "window_rect": {
                "x": 0,
                "y": 0,
                "width": 2560,
                "height": 1418
              },
              "geometry": {
                "x": 0,
                "y": 0,
                "width": 1036,
                "height": 759
              },
              "name": "Ghost Cube - Shape Shifting Rubik's Cube Puzzle — Mozilla Firefox",
              "window": null,
              "nodes": [
              ],
              "floating_nodes": [
              ],
              "focus": [
              ],
              "fullscreen_mode": 0,
              "sticky": false,
              "pid": 3218,
              "app_id": "firefox",
              "visible": false,
              "max_render_time": 0,
              "shell": "xdg_shell",
              "inhibit_idle": false,
              "idle_inhibitors": {
                "user": "fullscreen",
                "application": "none"
              }
            }
          ],
          "floating_nodes": [
          ],
          "focus": [
            21
          ],
          "fullscreen_mode": 1,
          "sticky": false,
          "num": 5,
          "output": "DP-4",
          "representation": "H[firefox]"
        }
      ],
      "floating_nodes": [
      ],
      "focus": [
        36,
        22,
        14
      ],
      "fullscreen_mode": 0,
      "sticky": false,
      "primary": false,
      "make": "LG Electronics",
      "model": "LG Ultra HD",
      "serial": "0x00003EAD",
      "modes": [
        {
          "width": 3840,
          "height": 2160,
          "refresh": 59996,
          "picture_aspect_ratio": "none"
        },
        {
          "width": 3840,
          "height": 2160,
          "refresh": 30000,
          "picture_aspect_ratio": "none"
        },
        {
          "width": 2560,
          "height": 1440,
          "refresh": 59951,
          "picture_aspect_ratio": "none"
        },
        {
          "width": 1920,
          "height": 1080,
          "refresh": 60000,
          "picture_aspect_ratio": "none"
        },
        {
          "width": 1920,
          "height": 1080,
          "refresh": 60000,
          "picture_aspect_ratio": "16:9"
        },
        {
          "width": 1920,
          "height": 1080,
          "refresh": 59940,
          "picture_aspect_ratio": "16:9"
        },
        {
          "width": 1600,
          "height": 900,
          "refresh": 60000,
          "picture_aspect_ratio": "none"
        },
        {
          "width": 1280,
          "height": 1024,
          "refresh": 60020,
          "picture_aspect_ratio": "none"
        },
        {
          "width": 1280,
          "height": 800,
          "refresh": 59810,
          "picture_aspect_ratio": "none"
        },
        {
          "width": 1152,
          "height": 864,
          "refresh": 59967,
          "picture_aspect_ratio": "none"
        },
        {
          "width": 1280,
          "height": 720,
          "refresh": 60000,
          "picture_aspect_ratio": "none"
        },
        {
          "width": 1280,
          "height": 720,
          "refresh": 60000,
          "picture_aspect_ratio": "16:9"
        },
        {
          "width": 1280,
          "height": 720,
          "refresh": 59940,
          "picture_aspect_ratio": "16:9"
        },
        {
          "width": 1024,
          "height": 768,
          "refresh": 60004,
          "picture_aspect_ratio": "none"
        },
        {
          "width": 800,
          "height": 600,
          "refresh": 60317,
          "picture_aspect_ratio": "none"
        },
        {
          "width": 720,
          "height": 480,
          "refresh": 60000,
          "picture_aspect_ratio": "16:9"
        },
        {
          "width": 720,
          "height": 480,
          "refresh": 59940,
          "picture_aspect_ratio": "16:9"
        },
        {
          "width": 640,
          "height": 480,
          "refresh": 60000,
          "picture_aspect_ratio": "4:3"
        },
        {
          "width": 640,
          "height": 480,
          "refresh": 59940,
          "picture_aspect_ratio": "none"
        },
        {
          "width": 640,
          "height": 480,
          "refresh": 59940,
          "picture_aspect_ratio": "4:3"
        }
      ],
      "non_desktop": false,
      "active": true,
      "dpms": true,
      "power": true,
      "scale": 1.5,
      "scale_filter": "linear",
      "transform": "normal",
      "adaptive_sync_status": "disabled",
      "current_workspace": "1",
      "current_mode": {
        "width": 3840,
        "height": 2160,
        "refresh": 59996,
        "picture_aspect_ratio": "none"
      },
      "max_render_time": 0
    },
    {
      "id": 102,
      "type": "output",
      "orientation": "none",
      "percent": 0.30511454210471428,
      "urgent": false,
      "marks": [
      ],
      "focused": false,
      "layout": "output",
      "border": "none",
      "current_border_width": 0,
      "rect": {
        "x": 2560,
        "y": 0,
        "width": 2560,
        "height": 1440
      },
      "deco_rect": {
        "x": 0,
        "y": 0,
        "width": 0,
        "height": 0
      },
      "window_rect": {
        "x": 0,
        "y": 0,
        "width": 0,
        "height": 0
      },
      "geometry": {
        "x": 0,
        "y": 0,
        "width": 0,
        "height": 0
      },
      "name": "DP-2",
      "window": null,
      "nodes": [
        {
          "id": 12,
          "type": "workspace",
          "orientation": "horizontal",
          "percent": null,
          "urgent": false,
          "marks": [
          ],
          "focused": false,
          "layout": "splith",
          "border": "none",
          "current_border_width": 0,
          "rect": {
            "x": 2560,
            "y": 0,
            "width": 2560,
            "height": 1418
          },
          "deco_rect": {
            "x": 0,
            "y": 0,
            "width": 0,
            "height": 0
          },
          "window_rect": {
            "x": 0,
            "y": 0,
            "width": 0,
            "height": 0
          },
          "geometry": {
            "x": 0,
            "y": 0,
            "width": 0,
            "height": 0
          },
          "name": "2",
          "window": null,
          "nodes": [
            {
              "id": 35,
              "type": "con",
              "orientation": "horizontal",
              "percent": 1.0,
              "urgent": false,
              "marks": [
              ],
              "focused": false,
              "layout": "splith",
              "border": "none",
              "current_border_width": 0,
              "rect": {
                "x": 2560,
                "y": 0,
                "width": 2560,
                "height": 1418
              },
              "deco_rect": {
                "x": 0,
                "y": 0,
                "width": 0,
                "height": 0
              },
              "window_rect": {
                "x": 0,
                "y": 0,
                "width": 0,
                "height": 0
              },
              "geometry": {
                "x": 0,
                "y": 0,
                "width": 0,
                "height": 0
              },
              "name": null,
              "window": null,
              "nodes": [
                {
                  "id": 11,
                  "type": "con",
                  "orientation": "none",
                  "percent": 1.0,
                  "urgent": false,
                  "marks": [
                  ],
                  "focused": true,
                  "layout": "none",
                  "border": "pixel",
                  "current_border_width": 1,
                  "rect": {
                    "x": 2560,
                    "y": 0,
                    "width": 2560,
                    "height": 1418
                  },
                  "deco_rect": {
                    "x": 0,
                    "y": 0,
                    "width": 0,
                    "height": 0
                  },
                  "window_rect": {
                    "x": 0,
                    "y": 0,
                    "width": 2560,
                    "height": 1418
                  },
                  "geometry": {
                    "x": 0,
                    "y": 0,
                    "width": 2560,
                    "height": 1393
                  },
                  "name": "nflx-erahhal-t490s ❐ code ● 1 nixcfg",
                  "window": null,
                  "nodes": [
                  ],
                  "floating_nodes": [
                  ],
                  "focus": [
                  ],
                  "fullscreen_mode": 0,
                  "sticky": false,
                  "pid": 3202,
                  "app_id": "kitty",
                  "visible": true,
                  "max_render_time": 0,
                  "shell": "xdg_shell",
                  "inhibit_idle": false,
                  "idle_inhibitors": {
                    "user": "fullscreen",
                    "application": "none"
                  }
                }
              ],
              "floating_nodes": [
              ],
              "focus": [
                11
              ],
              "fullscreen_mode": 0,
              "sticky": false
            }
          ],
          "floating_nodes": [
          ],
          "focus": [
            35
          ],
          "fullscreen_mode": 1,
          "sticky": false,
          "num": 2,
          "output": "DP-2",
          "representation": "H[H[kitty]]"
        },
        {
          "id": 25,
          "type": "workspace",
          "orientation": "horizontal",
          "percent": null,
          "urgent": false,
          "marks": [
          ],
          "focused": false,
          "layout": "splith",
          "border": "none",
          "current_border_width": 0,
          "rect": {
            "x": 2560,
            "y": 0,
            "width": 2560,
            "height": 1418
          },
          "deco_rect": {
            "x": 0,
            "y": 0,
            "width": 0,
            "height": 0
          },
          "window_rect": {
            "x": 0,
            "y": 0,
            "width": 0,
            "height": 0
          },
          "geometry": {
            "x": 0,
            "y": 0,
            "width": 0,
            "height": 0
          },
          "name": "7",
          "window": null,
          "nodes": [
            {
              "id": 24,
              "type": "con",
              "orientation": "none",
              "percent": 1.0,
              "urgent": false,
              "marks": [
              ],
              "focused": false,
              "layout": "none",
              "border": "pixel",
              "current_border_width": 1,
              "rect": {
                "x": 2560,
                "y": 0,
                "width": 2560,
                "height": 1418
              },
              "deco_rect": {
                "x": 0,
                "y": 0,
                "width": 0,
                "height": 0
              },
              "window_rect": {
                "x": 0,
                "y": 0,
                "width": 2560,
                "height": 1418
              },
              "geometry": {
                "x": 0,
                "y": 0,
                "width": 2560,
                "height": 1416
              },
              "name": "Friends - Discord",
              "window": null,
              "nodes": [
              ],
              "floating_nodes": [
              ],
              "focus": [
              ],
              "fullscreen_mode": 0,
              "sticky": false,
              "pid": 3224,
              "app_id": "discord",
              "visible": false,
              "max_render_time": 0,
              "shell": "xdg_shell",
              "inhibit_idle": false,
              "idle_inhibitors": {
                "user": "fullscreen",
                "application": "none"
              }
            }
          ],
          "floating_nodes": [
          ],
          "focus": [
            24
          ],
          "fullscreen_mode": 1,
          "sticky": false,
          "num": 7,
          "output": "DP-2",
          "representation": "H[discord]"
        }
      ],
      "floating_nodes": [
      ],
      "focus": [
        12,
        25
      ],
      "fullscreen_mode": 0,
      "sticky": false,
      "primary": false,
      "make": "LG Electronics",
      "model": "LG HDR 4K",
      "serial": "0x00000F5B",
      "modes": [
        {
          "width": 3840,
          "height": 2160,
          "refresh": 59997,
          "picture_aspect_ratio": "none"
        },
        {
          "width": 3840,
          "height": 2160,
          "refresh": 30000,
          "picture_aspect_ratio": "none"
        },
        {
          "width": 2560,
          "height": 1440,
          "refresh": 59951,
          "picture_aspect_ratio": "none"
        },
        {
          "width": 1920,
          "height": 1080,
          "refresh": 60000,
          "picture_aspect_ratio": "none"
        },
        {
          "width": 1920,
          "height": 1080,
          "refresh": 60000,
          "picture_aspect_ratio": "16:9"
        },
        {
          "width": 1920,
          "height": 1080,
          "refresh": 59940,
          "picture_aspect_ratio": "16:9"
        },
        {
          "width": 1600,
          "height": 900,
          "refresh": 60000,
          "picture_aspect_ratio": "none"
        },
        {
          "width": 1280,
          "height": 1024,
          "refresh": 60020,
          "picture_aspect_ratio": "none"
        },
        {
          "width": 1280,
          "height": 800,
          "refresh": 59810,
          "picture_aspect_ratio": "none"
        },
        {
          "width": 1152,
          "height": 864,
          "refresh": 59967,
          "picture_aspect_ratio": "none"
        },
        {
          "width": 1280,
          "height": 720,
          "refresh": 60000,
          "picture_aspect_ratio": "none"
        },
        {
          "width": 1280,
          "height": 720,
          "refresh": 60000,
          "picture_aspect_ratio": "16:9"
        },
        {
          "width": 1280,
          "height": 720,
          "refresh": 59940,
          "picture_aspect_ratio": "16:9"
        },
        {
          "width": 1024,
          "height": 768,
          "refresh": 60004,
          "picture_aspect_ratio": "none"
        },
        {
          "width": 800,
          "height": 600,
          "refresh": 60317,
          "picture_aspect_ratio": "none"
        },
        {
          "width": 720,
          "height": 480,
          "refresh": 60000,
          "picture_aspect_ratio": "16:9"
        },
        {
          "width": 720,
          "height": 480,
          "refresh": 59940,
          "picture_aspect_ratio": "16:9"
        },
        {
          "width": 640,
          "height": 480,
          "refresh": 60000,
          "picture_aspect_ratio": "4:3"
        },
        {
          "width": 640,
          "height": 480,
          "refresh": 59940,
          "picture_aspect_ratio": "none"
        },
        {
          "width": 640,
          "height": 480,
          "refresh": 59940,
          "picture_aspect_ratio": "4:3"
        }
      ],
      "non_desktop": false,
      "active": true,
      "dpms": true,
      "power": true,
      "scale": 1.5,
      "scale_filter": "linear",
      "transform": "normal",
      "adaptive_sync_status": "disabled",
      "current_workspace": "2",
      "current_mode": {
        "width": 3840,
        "height": 2160,
        "refresh": 59997,
        "picture_aspect_ratio": "none"
      },
      "max_render_time": 0
    }
  ],
  "floating_nodes": [
  ],
  "focus": [
    102,
    75,
    3
  ],
  "fullscreen_mode": 0,
  "sticky": false
}
